2025-11-16 12:03:36,875 - werkzeug - INFO - [31m[1mWARNING: This is a development server. Do not use it in a production deployment. Use a production WSGI server instead.[0m
 * Running on http://127.0.0.1:5000
2025-11-16 12:03:36,877 - werkzeug - INFO - [33mPress CTRL+C to quit[0m
2025-11-16 12:05:11,014 - app - INFO - Connection attempt for MAC: DC:06:75:F9:48:14
2025-11-16 12:05:11,025 - werkzeug - INFO - 127.0.0.1 - - [16/Nov/2025 12:05:11] "POST /connect_device?mac_address=DC:06:75:F9:48:14 HTTP/1.1" 200 -
2025-11-16 12:07:47,553 - werkzeug - INFO - [31m[1mWARNING: This is a development server. Do not use it in a production deployment. Use a production WSGI server instead.[0m
 * Running on http://127.0.0.1:5000
2025-11-16 12:07:47,554 - werkzeug - INFO - [33mPress CTRL+C to quit[0m
2025-11-16 12:07:53,042 - werkzeug - INFO - 127.0.0.1 - - [16/Nov/2025 12:07:53] "POST /connect_device?mac_address=DC:06:75:F9:48:14 HTTP/1.1" 200 -
2025-11-16 12:09:53,847 - werkzeug - INFO - 127.0.0.1 - - [16/Nov/2025 12:09:53] "[31m[1mPOST /connect_device HTTP/1.1[0m" 400 -
2025-11-16 12:10:33,006 - werkzeug - INFO - 127.0.0.1 - - [16/Nov/2025 12:10:33] "[31m[1mPOST /connect_device HTTP/1.1[0m" 400 -
2025-11-16 12:11:10,643 - werkzeug - INFO - 127.0.0.1 - - [16/Nov/2025 12:11:10] "[31m[1mPOST /connect_device HTTP/1.1[0m" 400 -
2025-11-16 12:52:49,240 - werkzeug - INFO - 127.0.0.1 - - [16/Nov/2025 12:52:49] "POST /connect_device HTTP/1.1" 200 -
2025-11-16 16:42:43,968 - root - ERROR - foxden_secret_key is None
2025-11-16 16:42:44,006 - werkzeug - INFO - [31m[1mWARNING: This is a development server. Do not use it in a production deployment. Use a production WSGI server instead.[0m
 * Running on http://127.0.0.1:5000
2025-11-16 16:42:44,008 - werkzeug - INFO - [33mPress CTRL+C to quit[0m
2025-11-16 16:42:55,388 - root - INFO - Успешно подключились к БД
2025-11-16 16:42:55,390 - root - INFO - Connection attempt for MAC: cf1b28bbc4e08a9a2e867c8c893527a5fde080ab75b381184508cb85bd763921
2025-11-16 16:42:55,422 - root - INFO - row.id: 1
2025-11-16 16:42:55,424 - app - ERROR - Exception on /connect_device [POST]
Traceback (most recent call last):
  File "C:\Users\Vladimir\AppData\Local\Programs\Python\Python311\Lib\site-packages\flask\app.py", line 1511, in wsgi_app
    response = self.full_dispatch_request()
               ^^^^^^^^^^^^^^^^^^^^^^^^^^^^
  File "C:\Users\Vladimir\AppData\Local\Programs\Python\Python311\Lib\site-packages\flask\app.py", line 919, in full_dispatch_request
    rv = self.handle_user_exception(e)
         ^^^^^^^^^^^^^^^^^^^^^^^^^^^^^
  File "C:\Users\Vladimir\AppData\Local\Programs\Python\Python311\Lib\site-packages\flask\app.py", line 917, in full_dispatch_request
    rv = self.dispatch_request()
         ^^^^^^^^^^^^^^^^^^^^^^^
  File "C:\Users\Vladimir\AppData\Local\Programs\Python\Python311\Lib\site-packages\flask\app.py", line 902, in dispatch_request
    return self.ensure_sync(self.view_functions[rule.endpoint])(**view_args)  # type: ignore[no-any-return]
           ^^^^^^^^^^^^^^^^^^^^^^^^^^^^^^^^^^^^^^^^^^^^^^^^^^^^^^^^^^^^^^^^^
  File "C:\Владимир\FoxDen\web\python\app.py", line 67, in connect_device
    access_token = create_access_token(identity=mac_address)
                   ^^^^^^^^^^^^^^^^^^^^^^^^^^^^^^^^^^^^^^^^^
  File "C:\Users\Vladimir\AppData\Local\Programs\Python\Python311\Lib\site-packages\flask_jwt_extended\utils.py", line 174, in create_access_token
    return jwt_manager._encode_jwt_from_config(
           ^^^^^^^^^^^^^^^^^^^^^^^^^^^^^^^^^^^^
  File "C:\Users\Vladimir\AppData\Local\Programs\Python\Python311\Lib\site-packages\flask_jwt_extended\jwt_manager.py", line 527, in _encode_jwt_from_config
    secret=self._encode_key_callback(identity),
           ^^^^^^^^^^^^^^^^^^^^^^^^^^^^^^^^^^^
  File "C:\Users\Vladimir\AppData\Local\Programs\Python\Python311\Lib\site-packages\flask_jwt_extended\default_callbacks.py", line 161, in default_encode_key_callback
    return config.encode_key
           ^^^^^^^^^^^^^^^^^
  File "C:\Users\Vladimir\AppData\Local\Programs\Python\Python311\Lib\site-packages\flask_jwt_extended\config.py", line 36, in encode_key
    return self._private_key if self.is_asymmetric else self._secret_key
                                                        ^^^^^^^^^^^^^^^^
  File "C:\Users\Vladimir\AppData\Local\Programs\Python\Python311\Lib\site-packages\flask_jwt_extended\config.py", line 238, in _secret_key
    raise RuntimeError(
RuntimeError: JWT_SECRET_KEY or flask SECRET_KEY must be set when using symmetric algorithm "HS256"
2025-11-16 16:42:55,435 - werkzeug - INFO - 127.0.0.1 - - [16/Nov/2025 16:42:55] "[35m[1mPOST /connect_device HTTP/1.1[0m" 500 -
2025-11-16 16:45:10,342 - root - ERROR - foxden_secret_key is None
2025-11-16 16:45:10,371 - werkzeug - INFO - [31m[1mWARNING: This is a development server. Do not use it in a production deployment. Use a production WSGI server instead.[0m
 * Running on http://127.0.0.1:5000
2025-11-16 16:45:10,372 - werkzeug - INFO - [33mPress CTRL+C to quit[0m
2025-11-16 16:45:17,365 - root - INFO - Успешно подключились к БД
2025-11-16 16:45:17,367 - root - INFO - Connection attempt for MAC: cf1b28bbc4e08a9a2e867c8c893527a5fde080ab75b381184508cb85bd763921
2025-11-16 16:45:17,379 - root - INFO - row.id: 1
2025-11-16 16:45:17,381 - app - ERROR - Exception on /connect_device [POST]
Traceback (most recent call last):
  File "C:\Users\Vladimir\AppData\Local\Programs\Python\Python311\Lib\site-packages\flask\app.py", line 1511, in wsgi_app
    response = self.full_dispatch_request()
               ^^^^^^^^^^^^^^^^^^^^^^^^^^^^
  File "C:\Users\Vladimir\AppData\Local\Programs\Python\Python311\Lib\site-packages\flask\app.py", line 919, in full_dispatch_request
    rv = self.handle_user_exception(e)
         ^^^^^^^^^^^^^^^^^^^^^^^^^^^^^
  File "C:\Users\Vladimir\AppData\Local\Programs\Python\Python311\Lib\site-packages\flask\app.py", line 917, in full_dispatch_request
    rv = self.dispatch_request()
         ^^^^^^^^^^^^^^^^^^^^^^^
  File "C:\Users\Vladimir\AppData\Local\Programs\Python\Python311\Lib\site-packages\flask\app.py", line 902, in dispatch_request
    return self.ensure_sync(self.view_functions[rule.endpoint])(**view_args)  # type: ignore[no-any-return]
           ^^^^^^^^^^^^^^^^^^^^^^^^^^^^^^^^^^^^^^^^^^^^^^^^^^^^^^^^^^^^^^^^^
  File "C:\Владимир\FoxDen\web\python\app.py", line 68, in connect_device
    access_token = create_access_token(identity=mac_address)
                   ^^^^^^^^^^^^^^^^^^^^^^^^^^^^^^^^^^^^^^^^^
  File "C:\Users\Vladimir\AppData\Local\Programs\Python\Python311\Lib\site-packages\flask_jwt_extended\utils.py", line 174, in create_access_token
    return jwt_manager._encode_jwt_from_config(
           ^^^^^^^^^^^^^^^^^^^^^^^^^^^^^^^^^^^^
  File "C:\Users\Vladimir\AppData\Local\Programs\Python\Python311\Lib\site-packages\flask_jwt_extended\jwt_manager.py", line 527, in _encode_jwt_from_config
    secret=self._encode_key_callback(identity),
           ^^^^^^^^^^^^^^^^^^^^^^^^^^^^^^^^^^^
  File "C:\Users\Vladimir\AppData\Local\Programs\Python\Python311\Lib\site-packages\flask_jwt_extended\default_callbacks.py", line 161, in default_encode_key_callback
    return config.encode_key
           ^^^^^^^^^^^^^^^^^
  File "C:\Users\Vladimir\AppData\Local\Programs\Python\Python311\Lib\site-packages\flask_jwt_extended\config.py", line 36, in encode_key
    return self._private_key if self.is_asymmetric else self._secret_key
                                                        ^^^^^^^^^^^^^^^^
  File "C:\Users\Vladimir\AppData\Local\Programs\Python\Python311\Lib\site-packages\flask_jwt_extended\config.py", line 238, in _secret_key
    raise RuntimeError(
RuntimeError: JWT_SECRET_KEY or flask SECRET_KEY must be set when using symmetric algorithm "HS256"
2025-11-16 16:45:17,388 - werkzeug - INFO - 127.0.0.1 - - [16/Nov/2025 16:45:17] "[35m[1mPOST /connect_device HTTP/1.1[0m" 500 -
2025-11-16 16:47:00,746 - root - ERROR - foxden_secret_key is None
2025-11-16 16:47:00,768 - werkzeug - INFO - [31m[1mWARNING: This is a development server. Do not use it in a production deployment. Use a production WSGI server instead.[0m
 * Running on http://127.0.0.1:5000
2025-11-16 16:47:00,769 - werkzeug - INFO - [33mPress CTRL+C to quit[0m
2025-11-16 16:47:56,266 - root - INFO - foxden_secret_key is not None
2025-11-16 16:47:56,288 - werkzeug - INFO - [31m[1mWARNING: This is a development server. Do not use it in a production deployment. Use a production WSGI server instead.[0m
 * Running on http://127.0.0.1:5000
2025-11-16 16:47:56,289 - werkzeug - INFO - [33mPress CTRL+C to quit[0m
2025-11-16 16:48:35,096 - root - INFO - Успешно подключились к БД
2025-11-16 16:50:07,358 - root - INFO - Connection attempt for MAC: cf1b28bbc4e08a9a2e867c8c893527a5fde080ab75b381184508cb85bd763921
2025-11-16 16:50:07,373 - root - INFO - row.id: 1
2025-11-16 16:50:07,375 - werkzeug - INFO - 127.0.0.1 - - [16/Nov/2025 16:50:07] "POST /connect_device HTTP/1.1" 200 -
2025-11-16 16:51:00,023 - root - INFO - Успешно подключились к БД
2025-11-16 16:51:00,024 - root - INFO - Connection attempt for MAC: cf1b28bbc4e08a9a2e867c8c893527a5fde080ab75b381184508cb85bd763921
2025-11-16 16:51:00,033 - root - INFO - row.id: 1
2025-11-16 16:51:00,035 - werkzeug - INFO - 127.0.0.1 - - [16/Nov/2025 16:51:00] "POST /connect_device HTTP/1.1" 200 -
2025-11-16 17:25:39,048 - werkzeug - INFO - 127.0.0.1 - - [16/Nov/2025 17:25:39] "GET / HTTP/1.1" 200 -
2025-11-16 17:25:39,213 - werkzeug - INFO - 127.0.0.1 - - [16/Nov/2025 17:25:39] "[33mGET /favicon.ico HTTP/1.1[0m" 404 -
2025-11-22 14:05:15,366 - root - INFO - foxden_secret_key is not None
2025-11-22 14:05:15,425 - werkzeug - INFO - [31m[1mWARNING: This is a development server. Do not use it in a production deployment. Use a production WSGI server instead.[0m
 * Running on http://127.0.0.1:5000
2025-11-22 14:05:15,428 - werkzeug - INFO - [33mPress CTRL+C to quit[0m
2025-11-22 14:05:51,580 - werkzeug - INFO - 127.0.0.1 - - [22/Nov/2025 14:05:51] "GET / HTTP/1.1" 200 -
2025-11-22 14:05:51,728 - werkzeug - INFO - 127.0.0.1 - - [22/Nov/2025 14:05:51] "[33mGET /favicon.ico HTTP/1.1[0m" 404 -
2025-11-22 14:05:54,910 - werkzeug - INFO - 127.0.0.1 - - [22/Nov/2025 14:05:54] "GET / HTTP/1.1" 200 -
2025-11-22 14:21:16,006 - werkzeug - INFO - 127.0.0.1 - - [22/Nov/2025 14:21:16] "GET / HTTP/1.1" 200 -
2025-11-22 14:59:00,103 - root - INFO - Secret key loaded successfully
2025-11-22 14:59:00,145 - werkzeug - INFO - [31m[1mWARNING: This is a development server. Do not use it in a production deployment. Use a production WSGI server instead.[0m
 * Running on http://127.0.0.1:5000
2025-11-22 14:59:00,146 - werkzeug - INFO - [33mPress CTRL+C to quit[0m
2025-11-22 14:59:15,730 - app - ERROR - Exception on / [GET]
Traceback (most recent call last):
  File "C:\Users\Vladimir\AppData\Local\Programs\Python\Python311\Lib\site-packages\flask\app.py", line 1511, in wsgi_app
    response = self.full_dispatch_request()
               ^^^^^^^^^^^^^^^^^^^^^^^^^^^^
  File "C:\Users\Vladimir\AppData\Local\Programs\Python\Python311\Lib\site-packages\flask\app.py", line 919, in full_dispatch_request
    rv = self.handle_user_exception(e)
         ^^^^^^^^^^^^^^^^^^^^^^^^^^^^^
  File "C:\Users\Vladimir\AppData\Local\Programs\Python\Python311\Lib\site-packages\flask\app.py", line 917, in full_dispatch_request
    rv = self.dispatch_request()
         ^^^^^^^^^^^^^^^^^^^^^^^
  File "C:\Users\Vladimir\AppData\Local\Programs\Python\Python311\Lib\site-packages\flask\app.py", line 902, in dispatch_request
    return self.ensure_sync(self.view_functions[rule.endpoint])(**view_args)  # type: ignore[no-any-return]
           ^^^^^^^^^^^^^^^^^^^^^^^^^^^^^^^^^^^^^^^^^^^^^^^^^^^^^^^^^^^^^^^^^
  File "C:\Владимир\FoxDen\web\python\app.py", line 42, in hello_world
    return render_template('index.html', username=None)
           ^^^^^^^^^^^^^^^^^^^^^^^^^^^^^^^^^^^^^^^^^^^^
  File "C:\Users\Vladimir\AppData\Local\Programs\Python\Python311\Lib\site-packages\flask\templating.py", line 149, in render_template
    template = app.jinja_env.get_or_select_template(template_name_or_list)
               ^^^^^^^^^^^^^^^^^^^^^^^^^^^^^^^^^^^^^^^^^^^^^^^^^^^^^^^^^^^
  File "C:\Users\Vladimir\AppData\Local\Programs\Python\Python311\Lib\site-packages\jinja2\environment.py", line 1081, in get_or_select_template
    return self.get_template(template_name_or_list, parent, globals)
           ^^^^^^^^^^^^^^^^^^^^^^^^^^^^^^^^^^^^^^^^^^^^^^^^^^^^^^^^^
  File "C:\Users\Vladimir\AppData\Local\Programs\Python\Python311\Lib\site-packages\jinja2\environment.py", line 1010, in get_template
    return self._load_template(name, globals)
           ^^^^^^^^^^^^^^^^^^^^^^^^^^^^^^^^^^
  File "C:\Users\Vladimir\AppData\Local\Programs\Python\Python311\Lib\site-packages\jinja2\environment.py", line 969, in _load_template
    template = self.loader.load(self, name, self.make_globals(globals))
               ^^^^^^^^^^^^^^^^^^^^^^^^^^^^^^^^^^^^^^^^^^^^^^^^^^^^^^^^
  File "C:\Users\Vladimir\AppData\Local\Programs\Python\Python311\Lib\site-packages\jinja2\loaders.py", line 126, in load
    source, filename, uptodate = self.get_source(environment, name)
                                 ^^^^^^^^^^^^^^^^^^^^^^^^^^^^^^^^^^
  File "C:\Users\Vladimir\AppData\Local\Programs\Python\Python311\Lib\site-packages\flask\templating.py", line 65, in get_source
    return self._get_source_fast(environment, template)
           ^^^^^^^^^^^^^^^^^^^^^^^^^^^^^^^^^^^^^^^^^^^^
  File "C:\Users\Vladimir\AppData\Local\Programs\Python\Python311\Lib\site-packages\flask\templating.py", line 99, in _get_source_fast
    raise TemplateNotFound(template)
jinja2.exceptions.TemplateNotFound: index.html
2025-11-22 14:59:15,739 - werkzeug - INFO - 127.0.0.1 - - [22/Nov/2025 14:59:15] "[35m[1mGET / HTTP/1.1[0m" 500 -
2025-11-22 15:17:18,819 - root - INFO - Secret key loaded successfully
2025-11-22 15:17:18,870 - werkzeug - INFO - [31m[1mWARNING: This is a development server. Do not use it in a production deployment. Use a production WSGI server instead.[0m
 * Running on http://127.0.0.1:5000
2025-11-22 15:17:18,871 - werkzeug - INFO - [33mPress CTRL+C to quit[0m
2025-11-22 15:17:35,572 - app - ERROR - Exception on / [GET]
Traceback (most recent call last):
  File "C:\Users\Vladimir\AppData\Local\Programs\Python\Python311\Lib\site-packages\flask\app.py", line 1511, in wsgi_app
    response = self.full_dispatch_request()
               ^^^^^^^^^^^^^^^^^^^^^^^^^^^^
  File "C:\Users\Vladimir\AppData\Local\Programs\Python\Python311\Lib\site-packages\flask\app.py", line 919, in full_dispatch_request
    rv = self.handle_user_exception(e)
         ^^^^^^^^^^^^^^^^^^^^^^^^^^^^^
  File "C:\Users\Vladimir\AppData\Local\Programs\Python\Python311\Lib\site-packages\flask\app.py", line 917, in full_dispatch_request
    rv = self.dispatch_request()
         ^^^^^^^^^^^^^^^^^^^^^^^
  File "C:\Users\Vladimir\AppData\Local\Programs\Python\Python311\Lib\site-packages\flask\app.py", line 902, in dispatch_request
    return self.ensure_sync(self.view_functions[rule.endpoint])(**view_args)  # type: ignore[no-any-return]
           ^^^^^^^^^^^^^^^^^^^^^^^^^^^^^^^^^^^^^^^^^^^^^^^^^^^^^^^^^^^^^^^^^
  File "C:\Владимир\FoxDen\web\python\app.py", line 39, in hello_world
    return render_template('index.html', username=None)
           ^^^^^^^^^^^^^^^^^^^^^^^^^^^^^^^^^^^^^^^^^^^^
  File "C:\Users\Vladimir\AppData\Local\Programs\Python\Python311\Lib\site-packages\flask\templating.py", line 149, in render_template
    template = app.jinja_env.get_or_select_template(template_name_or_list)
               ^^^^^^^^^^^^^^^^^^^^^^^^^^^^^^^^^^^^^^^^^^^^^^^^^^^^^^^^^^^
  File "C:\Users\Vladimir\AppData\Local\Programs\Python\Python311\Lib\site-packages\jinja2\environment.py", line 1081, in get_or_select_template
    return self.get_template(template_name_or_list, parent, globals)
           ^^^^^^^^^^^^^^^^^^^^^^^^^^^^^^^^^^^^^^^^^^^^^^^^^^^^^^^^^
  File "C:\Users\Vladimir\AppData\Local\Programs\Python\Python311\Lib\site-packages\jinja2\environment.py", line 1010, in get_template
    return self._load_template(name, globals)
           ^^^^^^^^^^^^^^^^^^^^^^^^^^^^^^^^^^
  File "C:\Users\Vladimir\AppData\Local\Programs\Python\Python311\Lib\site-packages\jinja2\environment.py", line 969, in _load_template
    template = self.loader.load(self, name, self.make_globals(globals))
               ^^^^^^^^^^^^^^^^^^^^^^^^^^^^^^^^^^^^^^^^^^^^^^^^^^^^^^^^
  File "C:\Users\Vladimir\AppData\Local\Programs\Python\Python311\Lib\site-packages\jinja2\loaders.py", line 126, in load
    source, filename, uptodate = self.get_source(environment, name)
                                 ^^^^^^^^^^^^^^^^^^^^^^^^^^^^^^^^^^
  File "C:\Users\Vladimir\AppData\Local\Programs\Python\Python311\Lib\site-packages\flask\templating.py", line 65, in get_source
    return self._get_source_fast(environment, template)
           ^^^^^^^^^^^^^^^^^^^^^^^^^^^^^^^^^^^^^^^^^^^^
  File "C:\Users\Vladimir\AppData\Local\Programs\Python\Python311\Lib\site-packages\flask\templating.py", line 99, in _get_source_fast
    raise TemplateNotFound(template)
jinja2.exceptions.TemplateNotFound: index.html
2025-11-22 15:17:35,588 - werkzeug - INFO - 127.0.0.1 - - [22/Nov/2025 15:17:35] "[35m[1mGET / HTTP/1.1[0m" 500 -
2025-11-22 15:20:31,553 - root - INFO - Secret key loaded successfully
2025-11-22 15:20:31,588 - werkzeug - INFO - [31m[1mWARNING: This is a development server. Do not use it in a production deployment. Use a production WSGI server instead.[0m
 * Running on http://127.0.0.1:5000
2025-11-22 15:20:31,588 - werkzeug - INFO - [33mPress CTRL+C to quit[0m
2025-11-22 15:20:38,736 - app - ERROR - Exception on / [GET]
Traceback (most recent call last):
  File "C:\Users\Vladimir\AppData\Local\Programs\Python\Python311\Lib\site-packages\flask\app.py", line 1511, in wsgi_app
    response = self.full_dispatch_request()
               ^^^^^^^^^^^^^^^^^^^^^^^^^^^^
  File "C:\Users\Vladimir\AppData\Local\Programs\Python\Python311\Lib\site-packages\flask\app.py", line 919, in full_dispatch_request
    rv = self.handle_user_exception(e)
         ^^^^^^^^^^^^^^^^^^^^^^^^^^^^^
  File "C:\Users\Vladimir\AppData\Local\Programs\Python\Python311\Lib\site-packages\flask\app.py", line 917, in full_dispatch_request
    rv = self.dispatch_request()
         ^^^^^^^^^^^^^^^^^^^^^^^
  File "C:\Users\Vladimir\AppData\Local\Programs\Python\Python311\Lib\site-packages\flask\app.py", line 902, in dispatch_request
    return self.ensure_sync(self.view_functions[rule.endpoint])(**view_args)  # type: ignore[no-any-return]
           ^^^^^^^^^^^^^^^^^^^^^^^^^^^^^^^^^^^^^^^^^^^^^^^^^^^^^^^^^^^^^^^^^
  File "C:\Владимир\FoxDen\web\python\app.py", line 39, in hello_world
    return render_template('index.html', username=None)
           ^^^^^^^^^^^^^^^^^^^^^^^^^^^^^^^^^^^^^^^^^^^^
  File "C:\Users\Vladimir\AppData\Local\Programs\Python\Python311\Lib\site-packages\flask\templating.py", line 149, in render_template
    template = app.jinja_env.get_or_select_template(template_name_or_list)
               ^^^^^^^^^^^^^^^^^^^^^^^^^^^^^^^^^^^^^^^^^^^^^^^^^^^^^^^^^^^
  File "C:\Users\Vladimir\AppData\Local\Programs\Python\Python311\Lib\site-packages\jinja2\environment.py", line 1081, in get_or_select_template
    return self.get_template(template_name_or_list, parent, globals)
           ^^^^^^^^^^^^^^^^^^^^^^^^^^^^^^^^^^^^^^^^^^^^^^^^^^^^^^^^^
  File "C:\Users\Vladimir\AppData\Local\Programs\Python\Python311\Lib\site-packages\jinja2\environment.py", line 1010, in get_template
    return self._load_template(name, globals)
           ^^^^^^^^^^^^^^^^^^^^^^^^^^^^^^^^^^
  File "C:\Users\Vladimir\AppData\Local\Programs\Python\Python311\Lib\site-packages\jinja2\environment.py", line 969, in _load_template
    template = self.loader.load(self, name, self.make_globals(globals))
               ^^^^^^^^^^^^^^^^^^^^^^^^^^^^^^^^^^^^^^^^^^^^^^^^^^^^^^^^
  File "C:\Users\Vladimir\AppData\Local\Programs\Python\Python311\Lib\site-packages\jinja2\loaders.py", line 126, in load
    source, filename, uptodate = self.get_source(environment, name)
                                 ^^^^^^^^^^^^^^^^^^^^^^^^^^^^^^^^^^
  File "C:\Users\Vladimir\AppData\Local\Programs\Python\Python311\Lib\site-packages\flask\templating.py", line 65, in get_source
    return self._get_source_fast(environment, template)
           ^^^^^^^^^^^^^^^^^^^^^^^^^^^^^^^^^^^^^^^^^^^^
  File "C:\Users\Vladimir\AppData\Local\Programs\Python\Python311\Lib\site-packages\flask\templating.py", line 99, in _get_source_fast
    raise TemplateNotFound(template)
jinja2.exceptions.TemplateNotFound: index.html
2025-11-22 15:20:56,681 - app - ERROR - Exception on / [GET]
Traceback (most recent call last):
  File "C:\Users\Vladimir\AppData\Local\Programs\Python\Python311\Lib\site-packages\flask\app.py", line 1511, in wsgi_app
    response = self.full_dispatch_request()
               ^^^^^^^^^^^^^^^^^^^^^^^^^^^^
  File "C:\Users\Vladimir\AppData\Local\Programs\Python\Python311\Lib\site-packages\flask\app.py", line 919, in full_dispatch_request
    rv = self.handle_user_exception(e)
         ^^^^^^^^^^^^^^^^^^^^^^^^^^^^^
  File "C:\Users\Vladimir\AppData\Local\Programs\Python\Python311\Lib\site-packages\flask\app.py", line 917, in full_dispatch_request
    rv = self.dispatch_request()
         ^^^^^^^^^^^^^^^^^^^^^^^
  File "C:\Users\Vladimir\AppData\Local\Programs\Python\Python311\Lib\site-packages\flask\app.py", line 902, in dispatch_request
    return self.ensure_sync(self.view_functions[rule.endpoint])(**view_args)  # type: ignore[no-any-return]
           ^^^^^^^^^^^^^^^^^^^^^^^^^^^^^^^^^^^^^^^^^^^^^^^^^^^^^^^^^^^^^^^^^
  File "C:\Владимир\FoxDen\web\python\app.py", line 39, in hello_world
    if 'mac_address' in data:
           ^^^^^^^^^^^^^^^^^^^
  File "C:\Users\Vladimir\AppData\Local\Programs\Python\Python311\Lib\site-packages\flask\templating.py", line 149, in render_template
    template = app.jinja_env.get_or_select_template(template_name_or_list)
               ^^^^^^^^^^^^^^^^^^^^^^^^^^^^^^^^^^^^^^^^^^^^^^^^^^^^^^^^^^^
  File "C:\Users\Vladimir\AppData\Local\Programs\Python\Python311\Lib\site-packages\jinja2\environment.py", line 1081, in get_or_select_template
    return self.get_template(template_name_or_list, parent, globals)
           ^^^^^^^^^^^^^^^^^^^^^^^^^^^^^^^^^^^^^^^^^^^^^^^^^^^^^^^^^
  File "C:\Users\Vladimir\AppData\Local\Programs\Python\Python311\Lib\site-packages\jinja2\environment.py", line 1010, in get_template
    return self._load_template(name, globals)
           ^^^^^^^^^^^^^^^^^^^^^^^^^^^^^^^^^^
  File "C:\Users\Vladimir\AppData\Local\Programs\Python\Python311\Lib\site-packages\jinja2\environment.py", line 969, in _load_template
    template = self.loader.load(self, name, self.make_globals(globals))
               ^^^^^^^^^^^^^^^^^^^^^^^^^^^^^^^^^^^^^^^^^^^^^^^^^^^^^^^^
  File "C:\Users\Vladimir\AppData\Local\Programs\Python\Python311\Lib\site-packages\jinja2\loaders.py", line 126, in load
    source, filename, uptodate = self.get_source(environment, name)
                                 ^^^^^^^^^^^^^^^^^^^^^^^^^^^^^^^^^^
  File "C:\Users\Vladimir\AppData\Local\Programs\Python\Python311\Lib\site-packages\flask\templating.py", line 65, in get_source
    return self._get_source_fast(environment, template)
           ^^^^^^^^^^^^^^^^^^^^^^^^^^^^^^^^^^^^^^^^^^^^
  File "C:\Users\Vladimir\AppData\Local\Programs\Python\Python311\Lib\site-packages\flask\templating.py", line 99, in _get_source_fast
    raise TemplateNotFound(template)
jinja2.exceptions.TemplateNotFound: index.html
2025-11-22 15:21:08,130 - app - ERROR - Exception on / [GET]
Traceback (most recent call last):
  File "C:\Users\Vladimir\AppData\Local\Programs\Python\Python311\Lib\site-packages\flask\app.py", line 1511, in wsgi_app
    response = self.full_dispatch_request()
               ^^^^^^^^^^^^^^^^^^^^^^^^^^^^
  File "C:\Users\Vladimir\AppData\Local\Programs\Python\Python311\Lib\site-packages\flask\app.py", line 919, in full_dispatch_request
    rv = self.handle_user_exception(e)
         ^^^^^^^^^^^^^^^^^^^^^^^^^^^^^
  File "C:\Users\Vladimir\AppData\Local\Programs\Python\Python311\Lib\site-packages\flask\app.py", line 917, in full_dispatch_request
    rv = self.dispatch_request()
         ^^^^^^^^^^^^^^^^^^^^^^^
  File "C:\Users\Vladimir\AppData\Local\Programs\Python\Python311\Lib\site-packages\flask\app.py", line 902, in dispatch_request
    return self.ensure_sync(self.view_functions[rule.endpoint])(**view_args)  # type: ignore[no-any-return]
           ^^^^^^^^^^^^^^^^^^^^^^^^^^^^^^^^^^^^^^^^^^^^^^^^^^^^^^^^^^^^^^^^^
  File "C:\Владимир\FoxDen\web\python\app.py", line 39, in hello_world
    if 'mac_address' in data:
           ^^^^^^^^^^^^^^^^^^^
  File "C:\Users\Vladimir\AppData\Local\Programs\Python\Python311\Lib\site-packages\flask\templating.py", line 149, in render_template
    template = app.jinja_env.get_or_select_template(template_name_or_list)
               ^^^^^^^^^^^^^^^^^^^^^^^^^^^^^^^^^^^^^^^^^^^^^^^^^^^^^^^^^^^
  File "C:\Users\Vladimir\AppData\Local\Programs\Python\Python311\Lib\site-packages\jinja2\environment.py", line 1081, in get_or_select_template
    return self.get_template(template_name_or_list, parent, globals)
           ^^^^^^^^^^^^^^^^^^^^^^^^^^^^^^^^^^^^^^^^^^^^^^^^^^^^^^^^^
  File "C:\Users\Vladimir\AppData\Local\Programs\Python\Python311\Lib\site-packages\jinja2\environment.py", line 1010, in get_template
    return self._load_template(name, globals)
           ^^^^^^^^^^^^^^^^^^^^^^^^^^^^^^^^^^
  File "C:\Users\Vladimir\AppData\Local\Programs\Python\Python311\Lib\site-packages\jinja2\environment.py", line 969, in _load_template
    template = self.loader.load(self, name, self.make_globals(globals))
               ^^^^^^^^^^^^^^^^^^^^^^^^^^^^^^^^^^^^^^^^^^^^^^^^^^^^^^^^
  File "C:\Users\Vladimir\AppData\Local\Programs\Python\Python311\Lib\site-packages\jinja2\loaders.py", line 126, in load
    source, filename, uptodate = self.get_source(environment, name)
                                 ^^^^^^^^^^^^^^^^^^^^^^^^^^^^^^^^^^
  File "C:\Users\Vladimir\AppData\Local\Programs\Python\Python311\Lib\site-packages\flask\templating.py", line 65, in get_source
    return self._get_source_fast(environment, template)
           ^^^^^^^^^^^^^^^^^^^^^^^^^^^^^^^^^^^^^^^^^^^^
  File "C:\Users\Vladimir\AppData\Local\Programs\Python\Python311\Lib\site-packages\flask\templating.py", line 99, in _get_source_fast
    raise TemplateNotFound(template)
jinja2.exceptions.TemplateNotFound: index.html
2025-11-22 15:26:46,803 - werkzeug - INFO - 127.0.0.1 - - [22/Nov/2025 15:26:46] "[35m[1mGET / HTTP/1.1[0m" 500 -
2025-11-22 15:26:46,819 - werkzeug - INFO - 127.0.0.1 - - [22/Nov/2025 15:26:46] "[35m[1mGET / HTTP/1.1[0m" 500 -
2025-11-22 15:26:46,827 - werkzeug - INFO - 127.0.0.1 - - [22/Nov/2025 15:26:46] "[35m[1mGET / HTTP/1.1[0m" 500 -
2025-11-22 15:26:54,321 - root - INFO - Secret key loaded successfully
2025-11-22 15:26:54,351 - werkzeug - INFO - [31m[1mWARNING: This is a development server. Do not use it in a production deployment. Use a production WSGI server instead.[0m
 * Running on http://127.0.0.1:5000
2025-11-22 15:26:54,352 - werkzeug - INFO - [33mPress CTRL+C to quit[0m
2025-11-22 15:27:08,804 - app - ERROR - Exception on / [GET]
Traceback (most recent call last):
  File "C:\Users\Vladimir\AppData\Local\Programs\Python\Python311\Lib\site-packages\flask\app.py", line 1511, in wsgi_app
    response = self.full_dispatch_request()
               ^^^^^^^^^^^^^^^^^^^^^^^^^^^^
  File "C:\Users\Vladimir\AppData\Local\Programs\Python\Python311\Lib\site-packages\flask\app.py", line 919, in full_dispatch_request
    rv = self.handle_user_exception(e)
         ^^^^^^^^^^^^^^^^^^^^^^^^^^^^^
  File "C:\Users\Vladimir\AppData\Local\Programs\Python\Python311\Lib\site-packages\flask\app.py", line 917, in full_dispatch_request
    rv = self.dispatch_request()
         ^^^^^^^^^^^^^^^^^^^^^^^
  File "C:\Users\Vladimir\AppData\Local\Programs\Python\Python311\Lib\site-packages\flask\app.py", line 902, in dispatch_request
    return self.ensure_sync(self.view_functions[rule.endpoint])(**view_args)  # type: ignore[no-any-return]
           ^^^^^^^^^^^^^^^^^^^^^^^^^^^^^^^^^^^^^^^^^^^^^^^^^^^^^^^^^^^^^^^^^
  File "C:\Владимир\FoxDen\web\python\app.py", line 145, in hello_world
    return render_template('index.html', username=None)
           ^^^^^^^^^^^^^^^^^^^^^^^^^^^^^^^^^^^^^^^^^^^^
  File "C:\Users\Vladimir\AppData\Local\Programs\Python\Python311\Lib\site-packages\flask\templating.py", line 149, in render_template
    template = app.jinja_env.get_or_select_template(template_name_or_list)
               ^^^^^^^^^^^^^^^^^^^^^^^^^^^^^^^^^^^^^^^^^^^^^^^^^^^^^^^^^^^
  File "C:\Users\Vladimir\AppData\Local\Programs\Python\Python311\Lib\site-packages\jinja2\environment.py", line 1081, in get_or_select_template
    return self.get_template(template_name_or_list, parent, globals)
           ^^^^^^^^^^^^^^^^^^^^^^^^^^^^^^^^^^^^^^^^^^^^^^^^^^^^^^^^^
  File "C:\Users\Vladimir\AppData\Local\Programs\Python\Python311\Lib\site-packages\jinja2\environment.py", line 1010, in get_template
    return self._load_template(name, globals)
           ^^^^^^^^^^^^^^^^^^^^^^^^^^^^^^^^^^
  File "C:\Users\Vladimir\AppData\Local\Programs\Python\Python311\Lib\site-packages\jinja2\environment.py", line 969, in _load_template
    template = self.loader.load(self, name, self.make_globals(globals))
               ^^^^^^^^^^^^^^^^^^^^^^^^^^^^^^^^^^^^^^^^^^^^^^^^^^^^^^^^
  File "C:\Users\Vladimir\AppData\Local\Programs\Python\Python311\Lib\site-packages\jinja2\loaders.py", line 126, in load
    source, filename, uptodate = self.get_source(environment, name)
                                 ^^^^^^^^^^^^^^^^^^^^^^^^^^^^^^^^^^
  File "C:\Users\Vladimir\AppData\Local\Programs\Python\Python311\Lib\site-packages\flask\templating.py", line 65, in get_source
    return self._get_source_fast(environment, template)
           ^^^^^^^^^^^^^^^^^^^^^^^^^^^^^^^^^^^^^^^^^^^^
  File "C:\Users\Vladimir\AppData\Local\Programs\Python\Python311\Lib\site-packages\flask\templating.py", line 99, in _get_source_fast
    raise TemplateNotFound(template)
jinja2.exceptions.TemplateNotFound: index.html
2025-11-22 15:27:08,815 - werkzeug - INFO - 127.0.0.1 - - [22/Nov/2025 15:27:08] "[35m[1mGET / HTTP/1.1[0m" 500 -
2025-11-22 15:29:19,393 - root - INFO - Secret key loaded successfully
2025-11-22 15:29:19,418 - werkzeug - INFO - [31m[1mWARNING: This is a development server. Do not use it in a production deployment. Use a production WSGI server instead.[0m
 * Running on http://127.0.0.1:5000
2025-11-22 15:29:19,419 - werkzeug - INFO - [33mPress CTRL+C to quit[0m
2025-11-22 15:29:37,423 - werkzeug - INFO - 127.0.0.1 - - [22/Nov/2025 15:29:37] "GET / HTTP/1.1" 200 -
2025-11-22 15:29:37,546 - werkzeug - INFO - 127.0.0.1 - - [22/Nov/2025 15:29:37] "GET /static/style.css HTTP/1.1" 200 -
2025-11-22 15:33:56,173 - root - INFO - User user successfully logged in
2025-11-22 15:33:56,175 - werkzeug - INFO - 127.0.0.1 - - [22/Nov/2025 15:33:56] "[32mPOST /login HTTP/1.1[0m" 302 -
2025-11-22 15:33:56,266 - werkzeug - INFO - 127.0.0.1 - - [22/Nov/2025 15:33:56] "GET / HTTP/1.1" 200 -
2025-11-22 15:33:56,336 - werkzeug - INFO - 127.0.0.1 - - [22/Nov/2025 15:33:56] "[36mGET /static/style.css HTTP/1.1[0m" 304 -
2025-11-22 15:34:07,955 - werkzeug - INFO - 127.0.0.1 - - [22/Nov/2025 15:34:07] "GET /dashboard HTTP/1.1" 200 -
2025-11-22 15:34:16,045 - werkzeug - INFO - 127.0.0.1 - - [22/Nov/2025 15:34:16] "GET / HTTP/1.1" 200 -
2025-11-22 15:34:16,101 - werkzeug - INFO - 127.0.0.1 - - [22/Nov/2025 15:34:16] "GET /static/style.css HTTP/1.1" 200 -
2025-11-22 15:34:16,134 - werkzeug - INFO - 127.0.0.1 - - [22/Nov/2025 15:34:16] "[33mGET /favicon.ico HTTP/1.1[0m" 404 -
2025-11-22 16:02:55,340 - werkzeug - INFO - 127.0.0.1 - - [22/Nov/2025 16:02:55] "GET / HTTP/1.1" 200 -
2025-11-22 16:02:55,460 - werkzeug - INFO - 127.0.0.1 - - [22/Nov/2025 16:02:55] "GET /static/style.css HTTP/1.1" 200 -
2025-11-22 16:02:57,777 - root - INFO - User user logged out
2025-11-22 16:02:57,780 - werkzeug - INFO - 127.0.0.1 - - [22/Nov/2025 16:02:57] "[32mGET /logout HTTP/1.1[0m" 302 -
2025-11-22 16:02:57,815 - werkzeug - INFO - 127.0.0.1 - - [22/Nov/2025 16:02:57] "GET / HTTP/1.1" 200 -
2025-11-22 16:02:57,888 - werkzeug - INFO - 127.0.0.1 - - [22/Nov/2025 16:02:57] "[36mGET /static/style.css HTTP/1.1[0m" 304 -
2025-11-22 16:17:47,995 - root - INFO - User admin successfully logged in
2025-11-22 16:17:48,007 - werkzeug - INFO - 127.0.0.1 - - [22/Nov/2025 16:17:48] "[32mPOST /login HTTP/1.1[0m" 302 -
2025-11-22 16:17:48,082 - werkzeug - INFO - 127.0.0.1 - - [22/Nov/2025 16:17:48] "GET / HTTP/1.1" 200 -
2025-11-22 16:17:48,193 - werkzeug - INFO - 127.0.0.1 - - [22/Nov/2025 16:17:48] "[36mGET /static/style.css HTTP/1.1[0m" 304 -
2025-11-22 16:17:56,214 - werkzeug - INFO - 127.0.0.1 - - [22/Nov/2025 16:17:56] "GET /dashboard HTTP/1.1" 200 -
2025-11-22 16:55:57,186 - werkzeug - INFO - 127.0.0.1 - - [22/Nov/2025 16:55:57] "GET / HTTP/1.1" 200 -
2025-11-22 16:55:57,320 - werkzeug - INFO - 127.0.0.1 - - [22/Nov/2025 16:55:57] "[36mGET /static/style.css HTTP/1.1[0m" 304 -
2025-11-22 17:27:39,474 - root - INFO - Secret key loaded successfully
2025-11-22 17:27:39,509 - werkzeug - INFO - [31m[1mWARNING: This is a development server. Do not use it in a production deployment. Use a production WSGI server instead.[0m
 * Running on http://127.0.0.1:5000
2025-11-22 17:27:39,510 - werkzeug - INFO - [33mPress CTRL+C to quit[0m
2025-11-22 17:27:51,888 - werkzeug - INFO - 127.0.0.1 - - [22/Nov/2025 17:27:51] "GET / HTTP/1.1" 200 -
2025-11-22 17:27:52,021 - werkzeug - INFO - 127.0.0.1 - - [22/Nov/2025 17:27:52] "[36mGET /static/style.css HTTP/1.1[0m" 304 -
2025-11-22 17:27:54,129 - root - INFO - User admin logged out
2025-11-22 17:27:54,130 - werkzeug - INFO - 127.0.0.1 - - [22/Nov/2025 17:27:54] "[32mGET /logout HTTP/1.1[0m" 302 -
2025-11-22 17:27:54,158 - werkzeug - INFO - 127.0.0.1 - - [22/Nov/2025 17:27:54] "GET / HTTP/1.1" 200 -
2025-11-22 17:27:54,211 - werkzeug - INFO - 127.0.0.1 - - [22/Nov/2025 17:27:54] "[36mGET /static/style.css HTTP/1.1[0m" 304 -
2025-11-22 17:28:45,109 - root - INFO - Успешно подключились к БД
2025-11-22 17:28:45,120 - app - ERROR - Exception on /login [POST]
Traceback (most recent call last):
  File "C:\Users\Vladimir\AppData\Local\Programs\Python\Python311\Lib\site-packages\sqlalchemy\engine\base.py", line 1815, in _execute_context
    context = constructor(
              ^^^^^^^^^^^^
  File "C:\Users\Vladimir\AppData\Local\Programs\Python\Python311\Lib\site-packages\sqlalchemy\engine\default.py", line 1413, in _init_compiled
    self.compiled_parameters = [
                               ^
  File "C:\Users\Vladimir\AppData\Local\Programs\Python\Python311\Lib\site-packages\sqlalchemy\engine\default.py", line 1414, in <listcomp>
    compiled.construct_params(
  File "C:\Users\Vladimir\AppData\Local\Programs\Python\Python311\Lib\site-packages\sqlalchemy\sql\compiler.py", line 1911, in construct_params
    raise exc.InvalidRequestError(
sqlalchemy.exc.InvalidRequestError: A value is required for bind parameter 'password' (Background on this error at: https://sqlalche.me/e/20/cd3x)

The above exception was the direct cause of the following exception:

Traceback (most recent call last):
  File "C:\Users\Vladimir\AppData\Local\Programs\Python\Python311\Lib\site-packages\flask\app.py", line 1511, in wsgi_app
    response = self.full_dispatch_request()
               ^^^^^^^^^^^^^^^^^^^^^^^^^^^^
  File "C:\Users\Vladimir\AppData\Local\Programs\Python\Python311\Lib\site-packages\flask\app.py", line 919, in full_dispatch_request
    rv = self.handle_user_exception(e)
         ^^^^^^^^^^^^^^^^^^^^^^^^^^^^^
  File "C:\Users\Vladimir\AppData\Local\Programs\Python\Python311\Lib\site-packages\flask\app.py", line 917, in full_dispatch_request
    rv = self.dispatch_request()
         ^^^^^^^^^^^^^^^^^^^^^^^
  File "C:\Users\Vladimir\AppData\Local\Programs\Python\Python311\Lib\site-packages\flask\app.py", line 902, in dispatch_request
    return self.ensure_sync(self.view_functions[rule.endpoint])(**view_args)  # type: ignore[no-any-return]
           ^^^^^^^^^^^^^^^^^^^^^^^^^^^^^^^^^^^^^^^^^^^^^^^^^^^^^^^^^^^^^^^^^
  File "C:\Владимир\FoxDen\web\python\app.py", line 160, in login
    result = connect.execute(query, {"username": username, "pssword": password})
             ^^^^^^^^^^^^^^^^^^^^^^^^^^^^^^^^^^^^^^^^^^^^^^^^^^^^^^^^^^^^^^^^^^^
  File "C:\Users\Vladimir\AppData\Local\Programs\Python\Python311\Lib\site-packages\sqlalchemy\engine\base.py", line 1419, in execute
    return meth(
           ^^^^^
  File "C:\Users\Vladimir\AppData\Local\Programs\Python\Python311\Lib\site-packages\sqlalchemy\sql\elements.py", line 526, in _execute_on_connection
    return connection._execute_clauseelement(
           ^^^^^^^^^^^^^^^^^^^^^^^^^^^^^^^^^^
  File "C:\Users\Vladimir\AppData\Local\Programs\Python\Python311\Lib\site-packages\sqlalchemy\engine\base.py", line 1641, in _execute_clauseelement
    ret = self._execute_context(
          ^^^^^^^^^^^^^^^^^^^^^^
  File "C:\Users\Vladimir\AppData\Local\Programs\Python\Python311\Lib\site-packages\sqlalchemy\engine\base.py", line 1821, in _execute_context
    self._handle_dbapi_exception(
  File "C:\Users\Vladimir\AppData\Local\Programs\Python\Python311\Lib\site-packages\sqlalchemy\engine\base.py", line 2355, in _handle_dbapi_exception
    raise sqlalchemy_exception.with_traceback(exc_info[2]) from e
  File "C:\Users\Vladimir\AppData\Local\Programs\Python\Python311\Lib\site-packages\sqlalchemy\engine\base.py", line 1815, in _execute_context
    context = constructor(
              ^^^^^^^^^^^^
  File "C:\Users\Vladimir\AppData\Local\Programs\Python\Python311\Lib\site-packages\sqlalchemy\engine\default.py", line 1413, in _init_compiled
    self.compiled_parameters = [
                               ^
  File "C:\Users\Vladimir\AppData\Local\Programs\Python\Python311\Lib\site-packages\sqlalchemy\engine\default.py", line 1414, in <listcomp>
    compiled.construct_params(
  File "C:\Users\Vladimir\AppData\Local\Programs\Python\Python311\Lib\site-packages\sqlalchemy\sql\compiler.py", line 1911, in construct_params
    raise exc.InvalidRequestError(
sqlalchemy.exc.StatementError: (sqlalchemy.exc.InvalidRequestError) A value is required for bind parameter 'password'
[SQL: select * from public.users where name=%(username)s and psw=md5(%(password)s)]
[parameters: [{'username': 'alisichkin', 'pssword': '1275642'}]]
(Background on this error at: https://sqlalche.me/e/20/cd3x)
2025-11-22 17:28:45,146 - werkzeug - INFO - 127.0.0.1 - - [22/Nov/2025 17:28:45] "[35m[1mPOST /login HTTP/1.1[0m" 500 -
2025-11-22 17:32:32,685 - root - INFO - Secret key loaded successfully
2025-11-22 17:32:32,715 - werkzeug - INFO - [31m[1mWARNING: This is a development server. Do not use it in a production deployment. Use a production WSGI server instead.[0m
 * Running on http://127.0.0.1:5000
2025-11-22 17:32:32,716 - werkzeug - INFO - [33mPress CTRL+C to quit[0m
2025-11-22 17:32:43,830 - werkzeug - INFO - 127.0.0.1 - - [22/Nov/2025 17:32:43] "GET / HTTP/1.1" 200 -
2025-11-22 17:32:43,964 - werkzeug - INFO - 127.0.0.1 - - [22/Nov/2025 17:32:43] "[36mGET /static/style.css HTTP/1.1[0m" 304 -
2025-11-22 17:32:54,787 - root - INFO - Успешно подключились к БД
2025-11-22 17:32:54,789 - app - ERROR - Exception on /login [POST]
Traceback (most recent call last):
  File "C:\Users\Vladimir\AppData\Local\Programs\Python\Python311\Lib\site-packages\sqlalchemy\engine\base.py", line 1815, in _execute_context
    context = constructor(
              ^^^^^^^^^^^^
  File "C:\Users\Vladimir\AppData\Local\Programs\Python\Python311\Lib\site-packages\sqlalchemy\engine\default.py", line 1413, in _init_compiled
    self.compiled_parameters = [
                               ^
  File "C:\Users\Vladimir\AppData\Local\Programs\Python\Python311\Lib\site-packages\sqlalchemy\engine\default.py", line 1414, in <listcomp>
    compiled.construct_params(
  File "C:\Users\Vladimir\AppData\Local\Programs\Python\Python311\Lib\site-packages\sqlalchemy\sql\compiler.py", line 1911, in construct_params
    raise exc.InvalidRequestError(
sqlalchemy.exc.InvalidRequestError: A value is required for bind parameter 'password' (Background on this error at: https://sqlalche.me/e/20/cd3x)

The above exception was the direct cause of the following exception:

Traceback (most recent call last):
  File "C:\Users\Vladimir\AppData\Local\Programs\Python\Python311\Lib\site-packages\flask\app.py", line 1511, in wsgi_app
    response = self.full_dispatch_request()
               ^^^^^^^^^^^^^^^^^^^^^^^^^^^^
  File "C:\Users\Vladimir\AppData\Local\Programs\Python\Python311\Lib\site-packages\flask\app.py", line 919, in full_dispatch_request
    rv = self.handle_user_exception(e)
         ^^^^^^^^^^^^^^^^^^^^^^^^^^^^^
  File "C:\Users\Vladimir\AppData\Local\Programs\Python\Python311\Lib\site-packages\flask\app.py", line 917, in full_dispatch_request
    rv = self.dispatch_request()
         ^^^^^^^^^^^^^^^^^^^^^^^
  File "C:\Users\Vladimir\AppData\Local\Programs\Python\Python311\Lib\site-packages\flask\app.py", line 902, in dispatch_request
    return self.ensure_sync(self.view_functions[rule.endpoint])(**view_args)  # type: ignore[no-any-return]
           ^^^^^^^^^^^^^^^^^^^^^^^^^^^^^^^^^^^^^^^^^^^^^^^^^^^^^^^^^^^^^^^^^
  File "C:\Владимир\FoxDen\web\python\app.py", line 160, in login
    result = connect.execute(query, {"username": username, "pssword": password})
             ^^^^^^^^^^^^^^^^^^^^^^^^^^^^^^^^^^^^^^^^^^^^^^^^^^^^^^^^^^^^^^^^^^^
  File "C:\Users\Vladimir\AppData\Local\Programs\Python\Python311\Lib\site-packages\sqlalchemy\engine\base.py", line 1419, in execute
    return meth(
           ^^^^^
  File "C:\Users\Vladimir\AppData\Local\Programs\Python\Python311\Lib\site-packages\sqlalchemy\sql\elements.py", line 526, in _execute_on_connection
    return connection._execute_clauseelement(
           ^^^^^^^^^^^^^^^^^^^^^^^^^^^^^^^^^^
  File "C:\Users\Vladimir\AppData\Local\Programs\Python\Python311\Lib\site-packages\sqlalchemy\engine\base.py", line 1641, in _execute_clauseelement
    ret = self._execute_context(
          ^^^^^^^^^^^^^^^^^^^^^^
  File "C:\Users\Vladimir\AppData\Local\Programs\Python\Python311\Lib\site-packages\sqlalchemy\engine\base.py", line 1821, in _execute_context
    self._handle_dbapi_exception(
  File "C:\Users\Vladimir\AppData\Local\Programs\Python\Python311\Lib\site-packages\sqlalchemy\engine\base.py", line 2355, in _handle_dbapi_exception
    raise sqlalchemy_exception.with_traceback(exc_info[2]) from e
  File "C:\Users\Vladimir\AppData\Local\Programs\Python\Python311\Lib\site-packages\sqlalchemy\engine\base.py", line 1815, in _execute_context
    context = constructor(
              ^^^^^^^^^^^^
  File "C:\Users\Vladimir\AppData\Local\Programs\Python\Python311\Lib\site-packages\sqlalchemy\engine\default.py", line 1413, in _init_compiled
    self.compiled_parameters = [
                               ^
  File "C:\Users\Vladimir\AppData\Local\Programs\Python\Python311\Lib\site-packages\sqlalchemy\engine\default.py", line 1414, in <listcomp>
    compiled.construct_params(
  File "C:\Users\Vladimir\AppData\Local\Programs\Python\Python311\Lib\site-packages\sqlalchemy\sql\compiler.py", line 1911, in construct_params
    raise exc.InvalidRequestError(
sqlalchemy.exc.StatementError: (sqlalchemy.exc.InvalidRequestError) A value is required for bind parameter 'password'
[SQL: select * from public.users where name=%(username)s and psw=md5(%(password)s)]
[parameters: [{'username': 'alisichkin', 'pssword': '1275642'}]]
(Background on this error at: https://sqlalche.me/e/20/cd3x)
2025-11-22 17:32:54,811 - werkzeug - INFO - 127.0.0.1 - - [22/Nov/2025 17:32:54] "[35m[1mPOST /login HTTP/1.1[0m" 500 -
2025-11-22 17:35:02,260 - root - INFO - Secret key loaded successfully
2025-11-22 17:35:02,289 - werkzeug - INFO - [31m[1mWARNING: This is a development server. Do not use it in a production deployment. Use a production WSGI server instead.[0m
 * Running on http://127.0.0.1:5000
2025-11-22 17:35:02,289 - werkzeug - INFO - [33mPress CTRL+C to quit[0m
2025-11-22 17:35:09,713 - root - INFO - Успешно подключились к БД
2025-11-22 17:35:09,731 - root - INFO - User alisichkin successfully logged in
2025-11-22 17:35:09,735 - werkzeug - INFO - 127.0.0.1 - - [22/Nov/2025 17:35:09] "[32mPOST /login HTTP/1.1[0m" 302 -
2025-11-22 17:35:09,793 - werkzeug - INFO - 127.0.0.1 - - [22/Nov/2025 17:35:09] "GET / HTTP/1.1" 200 -
2025-11-22 17:35:09,922 - werkzeug - INFO - 127.0.0.1 - - [22/Nov/2025 17:35:09] "[36mGET /static/style.css HTTP/1.1[0m" 304 -
2025-11-22 17:35:47,887 - root - INFO - Успешно подключились к БД
2025-11-22 17:35:47,893 - root - INFO - User alisichkin successfully logged in
2025-11-22 17:35:47,894 - werkzeug - INFO - 127.0.0.1 - - [22/Nov/2025 17:35:47] "[32mPOST /login HTTP/1.1[0m" 302 -
2025-11-22 17:35:47,916 - werkzeug - INFO - 127.0.0.1 - - [22/Nov/2025 17:35:47] "GET / HTTP/1.1" 200 -
2025-11-22 17:35:47,971 - werkzeug - INFO - 127.0.0.1 - - [22/Nov/2025 17:35:47] "[36mGET /static/style.css HTTP/1.1[0m" 304 -
2025-11-22 17:35:56,992 - root - INFO - User alisichkin logged out
2025-11-22 17:35:56,993 - werkzeug - INFO - 127.0.0.1 - - [22/Nov/2025 17:35:56] "[32mGET /logout HTTP/1.1[0m" 302 -
2025-11-22 17:35:57,016 - werkzeug - INFO - 127.0.0.1 - - [22/Nov/2025 17:35:57] "GET / HTTP/1.1" 200 -
2025-11-22 17:35:57,077 - werkzeug - INFO - 127.0.0.1 - - [22/Nov/2025 17:35:57] "[36mGET /static/style.css HTTP/1.1[0m" 304 -
2025-11-22 17:36:18,240 - root - INFO - Успешно подключились к БД
2025-11-22 17:36:18,247 - root - INFO - User alisichkin successfully logged in
2025-11-22 17:36:18,248 - werkzeug - INFO - 127.0.0.1 - - [22/Nov/2025 17:36:18] "[32mPOST /login HTTP/1.1[0m" 302 -
2025-11-22 17:36:18,269 - werkzeug - INFO - 127.0.0.1 - - [22/Nov/2025 17:36:18] "GET / HTTP/1.1" 200 -
2025-11-22 17:36:18,354 - werkzeug - INFO - 127.0.0.1 - - [22/Nov/2025 17:36:18] "[36mGET /static/style.css HTTP/1.1[0m" 304 -
2025-11-22 17:36:44,183 - werkzeug - INFO - 127.0.0.1 - - [22/Nov/2025 17:36:44] "GET /dashboard HTTP/1.1" 200 -
2025-11-22 17:36:50,968 - werkzeug - INFO - 127.0.0.1 - - [22/Nov/2025 17:36:50] "GET /dashboard HTTP/1.1" 200 -
2025-11-22 17:49:53,950 - root - INFO - User alisichkin logged out
2025-11-22 17:49:53,967 - werkzeug - INFO - 127.0.0.1 - - [22/Nov/2025 17:49:53] "[32mGET /logout HTTP/1.1[0m" 302 -
2025-11-22 17:49:54,008 - werkzeug - INFO - 127.0.0.1 - - [22/Nov/2025 17:49:54] "GET / HTTP/1.1" 200 -
2025-11-22 17:49:54,100 - werkzeug - INFO - 127.0.0.1 - - [22/Nov/2025 17:49:54] "GET /static/style.css HTTP/1.1" 200 -
2025-11-22 17:50:52,192 - root - INFO - Успешно подключились к БД
2025-11-22 17:50:52,204 - root - INFO - User alisichkin successfully logged in
2025-11-22 17:50:52,205 - werkzeug - INFO - 127.0.0.1 - - [22/Nov/2025 17:50:52] "[32mPOST /login HTTP/1.1[0m" 302 -
2025-11-22 17:50:52,222 - werkzeug - INFO - 127.0.0.1 - - [22/Nov/2025 17:50:52] "GET / HTTP/1.1" 200 -
2025-11-22 17:50:52,283 - werkzeug - INFO - 127.0.0.1 - - [22/Nov/2025 17:50:52] "[36mGET /static/style.css HTTP/1.1[0m" 304 -
2025-11-22 17:51:16,406 - werkzeug - INFO - 127.0.0.1 - - [22/Nov/2025 17:51:16] "GET /dashboard HTTP/1.1" 200 -
2025-11-22 17:59:22,030 - root - INFO - Успешно подключились к БД
2025-11-22 17:59:22,038 - root - WARNING - Failed login attempt for user: asasasas
2025-11-22 17:59:22,039 - werkzeug - INFO - 127.0.0.1 - - [22/Nov/2025 17:59:22] "POST /login HTTP/1.1" 200 -
2025-11-22 17:59:22,109 - werkzeug - INFO - 127.0.0.1 - - [22/Nov/2025 17:59:22] "[36mGET /static/style.css HTTP/1.1[0m" 304 -
2025-11-22 18:00:08,762 - root - INFO - Успешно подключились к БД
2025-11-22 18:00:08,769 - root - WARNING - Failed login attempt for user: asassasa
2025-11-22 18:00:08,770 - werkzeug - INFO - 127.0.0.1 - - [22/Nov/2025 18:00:08] "POST /login HTTP/1.1" 200 -
2025-11-22 18:00:08,838 - werkzeug - INFO - 127.0.0.1 - - [22/Nov/2025 18:00:08] "[36mGET /static/style.css HTTP/1.1[0m" 304 -
2025-11-22 18:03:39,642 - root - INFO - Успешно подключились к БД
2025-11-22 18:03:39,650 - root - WARNING - Failed login attempt for user: admin
2025-11-22 18:03:39,651 - werkzeug - INFO - 127.0.0.1 - - [22/Nov/2025 18:03:39] "POST /login HTTP/1.1" 200 -
2025-11-22 18:03:39,730 - werkzeug - INFO - 127.0.0.1 - - [22/Nov/2025 18:03:39] "[36mGET /static/style.css HTTP/1.1[0m" 304 -
2025-11-22 18:03:53,941 - root - INFO - Успешно подключились к БД
2025-11-22 18:03:53,947 - root - WARNING - Failed login attempt for user: user
2025-11-22 18:03:53,948 - werkzeug - INFO - 127.0.0.1 - - [22/Nov/2025 18:03:53] "POST /login HTTP/1.1" 200 -
2025-11-22 18:03:54,020 - werkzeug - INFO - 127.0.0.1 - - [22/Nov/2025 18:03:54] "GET /static/style.css HTTP/1.1" 200 -
2025-11-22 18:04:07,393 - root - INFO - Успешно подключились к БД
2025-11-22 18:04:07,399 - root - INFO - User alisichkin successfully logged in
2025-11-22 18:04:07,401 - werkzeug - INFO - 127.0.0.1 - - [22/Nov/2025 18:04:07] "[32mPOST /login HTTP/1.1[0m" 302 -
2025-11-22 18:04:07,417 - werkzeug - INFO - 127.0.0.1 - - [22/Nov/2025 18:04:07] "GET / HTTP/1.1" 200 -
2025-11-22 18:04:07,482 - werkzeug - INFO - 127.0.0.1 - - [22/Nov/2025 18:04:07] "[36mGET /static/style.css HTTP/1.1[0m" 304 -
2025-11-22 18:05:40,854 - root - INFO - User alisichkin logged out
2025-11-22 18:05:40,855 - werkzeug - INFO - 127.0.0.1 - - [22/Nov/2025 18:05:40] "[32mGET /logout HTTP/1.1[0m" 302 -
2025-11-22 18:05:40,878 - werkzeug - INFO - 127.0.0.1 - - [22/Nov/2025 18:05:40] "GET / HTTP/1.1" 200 -
2025-11-22 18:05:40,931 - werkzeug - INFO - 127.0.0.1 - - [22/Nov/2025 18:05:40] "GET /static/style.css HTTP/1.1" 200 -
2025-11-22 18:06:42,129 - root - INFO - Secret key loaded successfully
2025-11-22 18:06:42,147 - werkzeug - INFO - [31m[1mWARNING: This is a development server. Do not use it in a production deployment. Use a production WSGI server instead.[0m
 * Running on http://127.0.0.1:5000
2025-11-22 18:06:42,147 - werkzeug - INFO - [33mPress CTRL+C to quit[0m
2025-11-22 18:06:47,860 - werkzeug - INFO - 127.0.0.1 - - [22/Nov/2025 18:06:47] "GET / HTTP/1.1" 200 -
2025-11-22 18:06:47,969 - werkzeug - INFO - 127.0.0.1 - - [22/Nov/2025 18:06:47] "[36mGET /static/style.css HTTP/1.1[0m" 304 -
2025-11-22 18:07:30,530 - root - INFO - Secret key loaded successfully
2025-11-22 18:07:30,548 - werkzeug - INFO - [31m[1mWARNING: This is a development server. Do not use it in a production deployment. Use a production WSGI server instead.[0m
 * Running on http://127.0.0.1:5000
2025-11-22 18:07:30,549 - werkzeug - INFO - [33mPress CTRL+C to quit[0m
2025-11-22 18:07:32,987 - werkzeug - INFO - 127.0.0.1 - - [22/Nov/2025 18:07:32] "GET / HTTP/1.1" 200 -
2025-11-22 18:07:33,081 - werkzeug - INFO - 127.0.0.1 - - [22/Nov/2025 18:07:33] "GET /static/style.css HTTP/1.1" 200 -
2025-11-22 18:08:10,138 - root - INFO - Успешно подключились к БД
2025-11-22 18:08:10,146 - root - INFO - User alisichkin successfully logged in
2025-11-22 18:08:10,148 - werkzeug - INFO - 127.0.0.1 - - [22/Nov/2025 18:08:10] "[32mPOST /login HTTP/1.1[0m" 302 -
2025-11-22 18:08:10,164 - werkzeug - INFO - 127.0.0.1 - - [22/Nov/2025 18:08:10] "GET / HTTP/1.1" 200 -
2025-11-22 18:08:10,235 - werkzeug - INFO - 127.0.0.1 - - [22/Nov/2025 18:08:10] "[36mGET /static/style.css HTTP/1.1[0m" 304 -
2025-11-22 18:08:19,180 - root - INFO - User alisichkin logged out
2025-11-22 18:08:19,181 - werkzeug - INFO - 127.0.0.1 - - [22/Nov/2025 18:08:19] "[32mGET /logout HTTP/1.1[0m" 302 -
2025-11-22 18:08:19,201 - werkzeug - INFO - 127.0.0.1 - - [22/Nov/2025 18:08:19] "GET / HTTP/1.1" 200 -
2025-11-22 18:08:19,254 - werkzeug - INFO - 127.0.0.1 - - [22/Nov/2025 18:08:19] "GET /static/style.css HTTP/1.1" 200 -
2025-11-22 18:08:20,857 - root - INFO - Успешно подключились к БД
2025-11-22 18:08:20,863 - root - INFO - User alisichkin successfully logged in
2025-11-22 18:08:20,864 - werkzeug - INFO - 127.0.0.1 - - [22/Nov/2025 18:08:20] "[32mPOST /login HTTP/1.1[0m" 302 -
2025-11-22 18:08:20,878 - werkzeug - INFO - 127.0.0.1 - - [22/Nov/2025 18:08:20] "GET / HTTP/1.1" 200 -
2025-11-22 18:08:20,930 - werkzeug - INFO - 127.0.0.1 - - [22/Nov/2025 18:08:20] "[36mGET /static/style.css HTTP/1.1[0m" 304 -
2025-11-22 18:10:42,364 - root - INFO - Успешно подключились к БД
2025-11-22 18:10:42,371 - root - INFO - User alisichkin successfully logged in
2025-11-22 18:10:42,372 - werkzeug - INFO - 127.0.0.1 - - [22/Nov/2025 18:10:42] "[32mPOST /login HTTP/1.1[0m" 302 -
2025-11-22 18:10:42,386 - werkzeug - INFO - 127.0.0.1 - - [22/Nov/2025 18:10:42] "GET / HTTP/1.1" 200 -
2025-11-22 18:10:42,438 - werkzeug - INFO - 127.0.0.1 - - [22/Nov/2025 18:10:42] "[36mGET /static/style.css HTTP/1.1[0m" 304 -
2025-11-22 18:10:44,412 - root - INFO - User alisichkin logged out
2025-11-22 18:10:44,412 - werkzeug - INFO - 127.0.0.1 - - [22/Nov/2025 18:10:44] "[32mGET /logout HTTP/1.1[0m" 302 -
2025-11-22 18:10:44,431 - werkzeug - INFO - 127.0.0.1 - - [22/Nov/2025 18:10:44] "GET / HTTP/1.1" 200 -
2025-11-22 18:10:44,479 - werkzeug - INFO - 127.0.0.1 - - [22/Nov/2025 18:10:44] "[36mGET /static/style.css HTTP/1.1[0m" 304 -
2025-11-22 18:12:25,141 - root - INFO - Успешно подключились к БД
2025-11-22 18:12:25,148 - root - INFO - User alisichkin successfully logged in
2025-11-22 18:12:25,149 - werkzeug - INFO - 127.0.0.1 - - [22/Nov/2025 18:12:25] "[32mPOST /login HTTP/1.1[0m" 302 -
2025-11-22 18:12:25,166 - werkzeug - INFO - 127.0.0.1 - - [22/Nov/2025 18:12:25] "GET / HTTP/1.1" 200 -
2025-11-22 18:12:25,212 - werkzeug - INFO - 127.0.0.1 - - [22/Nov/2025 18:12:25] "[36mGET /static/style.css HTTP/1.1[0m" 304 -
2025-11-22 18:12:31,188 - werkzeug - INFO - 127.0.0.1 - - [22/Nov/2025 18:12:31] "GET /dashboard HTTP/1.1" 200 -
2025-11-30 14:47:10,488 - root - INFO - Secret key loaded successfully
2025-11-30 14:47:10,522 - werkzeug - INFO - [31m[1mWARNING: This is a development server. Do not use it in a production deployment. Use a production WSGI server instead.[0m
 * Running on http://127.0.0.1:5000
2025-11-30 14:47:10,524 - werkzeug - INFO - [33mPress CTRL+C to quit[0m
2025-11-30 14:47:19,027 - root - INFO - Успешно подключились к БД
2025-11-30 14:47:19,028 - root - INFO - Connection attempt for MAC: cf1b28bbc4e08a9a2e867c8c893527a5fde080ab75b381184508cb85bd763921
2025-11-30 14:47:19,044 - root - INFO - row.id: {row.id} row.pin {row.pin}
2025-11-30 14:47:19,045 - root - ERROR - Unexpected error in connect_device: Could not locate column in row for column 'id'
2025-11-30 14:47:19,045 - root - INFO - Соединение с БД закрыто
2025-11-30 14:47:19,046 - werkzeug - INFO - 127.0.0.1 - - [30/Nov/2025 14:47:19] "[35m[1mPOST /connect_device HTTP/1.1[0m" 500 -
2025-11-30 14:49:18,490 - root - INFO - Успешно подключились к БД
2025-11-30 14:49:18,492 - root - INFO - Connection attempt for MAC: cf1b28bbc4e08a9a2e867c8c893527a5fde080ab75b381184508cb85bd763921
2025-11-30 14:49:18,499 - root - INFO - row.id: {row.id} row.pin {row.pin}
2025-11-30 14:49:18,500 - root - ERROR - Unexpected error in connect_device: Could not locate column in row for column 'id'
2025-11-30 14:49:18,501 - root - INFO - Соединение с БД закрыто
2025-11-30 14:49:18,502 - werkzeug - INFO - 127.0.0.1 - - [30/Nov/2025 14:49:18] "[35m[1mPOST /connect_device HTTP/1.1[0m" 500 -
2025-11-30 14:49:29,542 - root - INFO - Secret key loaded successfully
2025-11-30 14:49:29,563 - werkzeug - INFO - [31m[1mWARNING: This is a development server. Do not use it in a production deployment. Use a production WSGI server instead.[0m
 * Running on http://127.0.0.1:5000
2025-11-30 14:49:29,564 - werkzeug - INFO - [33mPress CTRL+C to quit[0m
2025-11-30 14:49:36,342 - root - INFO - Успешно подключились к БД
2025-11-30 14:49:36,344 - root - INFO - Connection attempt for MAC: cf1b28bbc4e08a9a2e867c8c893527a5fde080ab75b381184508cb85bd763921
2025-11-30 14:49:36,353 - root - INFO - row.id: {row.id} row.pin {row.pin}
2025-11-30 14:49:36,354 - root - ERROR - Unexpected error in connect_device: Could not locate column in row for column 'id'
2025-11-30 14:49:36,355 - root - INFO - Соединение с БД закрыто
2025-11-30 14:49:36,357 - werkzeug - INFO - 127.0.0.1 - - [30/Nov/2025 14:49:36] "[35m[1mPOST /connect_device HTTP/1.1[0m" 500 -
2025-11-30 14:58:32,589 - root - INFO - Успешно подключились к БД
2025-11-30 14:58:32,592 - root - INFO - Connection attempt for MAC: cf1b28bbc4e08a9a2e867c8c893527a5fde080ab75b381184508cb85bd763921
2025-11-30 14:58:32,600 - root - INFO - row.id: {row.id} row.pin {row.pin}
2025-11-30 14:58:32,604 - root - INFO - Соединение с БД закрыто
2025-11-30 14:58:32,605 - werkzeug - INFO - 127.0.0.1 - - [30/Nov/2025 14:58:32] "POST /connect_device HTTP/1.1" 200 -
2025-11-30 15:01:31,566 - root - INFO - Успешно подключились к БД
2025-11-30 15:01:31,587 - root - INFO - Соединение с БД закрыто
2025-11-30 15:01:31,588 - werkzeug - INFO - 127.0.0.1 - - [30/Nov/2025 15:01:31] "POST /add_device_changes HTTP/1.1" 200 -
2025-11-30 15:02:38,159 - werkzeug - INFO - 127.0.0.1 - - [30/Nov/2025 15:02:38] "GET / HTTP/1.1" 200 -
2025-11-30 15:02:38,326 - werkzeug - INFO - 127.0.0.1 - - [30/Nov/2025 15:02:38] "GET /static/style.css HTTP/1.1" 200 -
2025-11-30 15:02:38,381 - werkzeug - INFO - 127.0.0.1 - - [30/Nov/2025 15:02:38] "[33mGET /favicon.ico HTTP/1.1[0m" 404 -
2025-11-30 15:02:41,845 - werkzeug - INFO - 127.0.0.1 - - [30/Nov/2025 15:02:41] "GET /dashboard HTTP/1.1" 200 -
2025-11-30 15:02:48,788 - root - INFO - User alisichkin logged out
2025-11-30 15:02:48,790 - werkzeug - INFO - 127.0.0.1 - - [30/Nov/2025 15:02:48] "[32mGET /logout HTTP/1.1[0m" 302 -
2025-11-30 15:02:48,814 - werkzeug - INFO - 127.0.0.1 - - [30/Nov/2025 15:02:48] "GET / HTTP/1.1" 200 -
2025-11-30 15:02:48,864 - werkzeug - INFO - 127.0.0.1 - - [30/Nov/2025 15:02:48] "[36mGET /static/style.css HTTP/1.1[0m" 304 -
2025-11-30 15:02:51,940 - root - INFO - Успешно подключились к БД
2025-11-30 15:02:51,956 - root - INFO - User alisichkin successfully logged in
2025-11-30 15:02:51,959 - werkzeug - INFO - 127.0.0.1 - - [30/Nov/2025 15:02:51] "[32mPOST /login HTTP/1.1[0m" 302 -
2025-11-30 15:02:51,987 - werkzeug - INFO - 127.0.0.1 - - [30/Nov/2025 15:02:51] "GET / HTTP/1.1" 200 -
2025-11-30 15:02:52,034 - werkzeug - INFO - 127.0.0.1 - - [30/Nov/2025 15:02:52] "[36mGET /static/style.css HTTP/1.1[0m" 304 -
2025-11-30 16:13:46,888 - werkzeug - INFO - 127.0.0.1 - - [30/Nov/2025 16:13:46] "GET /dashboard HTTP/1.1" 200 -
2025-11-30 16:14:00,936 - werkzeug - INFO - 127.0.0.1 - - [30/Nov/2025 16:14:00] "GET / HTTP/1.1" 200 -
2025-11-30 16:14:01,002 - werkzeug - INFO - 127.0.0.1 - - [30/Nov/2025 16:14:01] "[36mGET /static/style.css HTTP/1.1[0m" 304 -
2025-11-30 16:20:27,735 - werkzeug - INFO - 127.0.0.1 - - [30/Nov/2025 16:20:27] "GET /dashboard HTTP/1.1" 200 -
2025-11-30 16:48:34,374 - root - INFO - Secret key loaded successfully
2025-11-30 16:48:34,405 - werkzeug - INFO - [31m[1mWARNING: This is a development server. Do not use it in a production deployment. Use a production WSGI server instead.[0m
 * Running on http://127.0.0.1:5000
2025-11-30 16:48:34,406 - werkzeug - INFO - [33mPress CTRL+C to quit[0m
2025-11-30 16:48:42,856 - werkzeug - INFO - 127.0.0.1 - - [30/Nov/2025 16:48:42] "GET / HTTP/1.1" 200 -
2025-11-30 16:48:42,974 - werkzeug - INFO - 127.0.0.1 - - [30/Nov/2025 16:48:42] "GET /static/style.css HTTP/1.1" 200 -
2025-11-30 16:48:50,921 - root - INFO - Успешно подключились к БД
2025-11-30 16:48:50,931 - root - ERROR - Database error in dashboard: (psycopg2.errors.UndefinedColumn) ОШИБКА:  столбец "series" не существует
LINE 2:             SELECT id, serial_number, series, initial_value 
                                              ^

[SQL: 
            SELECT id, serial_number, series, initial_value 
            FROM public.devices 
            ORDER BY serial_number
        ]
(Background on this error at: https://sqlalche.me/e/20/f405)
2025-11-30 16:48:50,934 - root - INFO - Соединение с БД закрыто
2025-11-30 16:48:50,935 - app - ERROR - Exception on /dashboard [GET]
Traceback (most recent call last):
  File "C:\Users\Vladimir\AppData\Local\Programs\Python\Python311\Lib\site-packages\sqlalchemy\engine\base.py", line 1967, in _exec_single_context
    self.dialect.do_execute(
  File "C:\Users\Vladimir\AppData\Local\Programs\Python\Python311\Lib\site-packages\sqlalchemy\engine\default.py", line 951, in do_execute
    cursor.execute(statement, parameters)
psycopg2.errors.UndefinedColumn: ОШИБКА:  столбец "series" не существует
LINE 2:             SELECT id, serial_number, series, initial_value 
                                              ^


The above exception was the direct cause of the following exception:

Traceback (most recent call last):
  File "C:\Владимир\FoxDen\web\python\app.py", line 93, in dashboard
    result = connect.execute(query)
             ^^^^^^^^^^^^^^^^^^^^^^
  File "C:\Users\Vladimir\AppData\Local\Programs\Python\Python311\Lib\site-packages\sqlalchemy\engine\base.py", line 1419, in execute
    return meth(
           ^^^^^
  File "C:\Users\Vladimir\AppData\Local\Programs\Python\Python311\Lib\site-packages\sqlalchemy\sql\elements.py", line 526, in _execute_on_connection
    return connection._execute_clauseelement(
           ^^^^^^^^^^^^^^^^^^^^^^^^^^^^^^^^^^
  File "C:\Users\Vladimir\AppData\Local\Programs\Python\Python311\Lib\site-packages\sqlalchemy\engine\base.py", line 1641, in _execute_clauseelement
    ret = self._execute_context(
          ^^^^^^^^^^^^^^^^^^^^^^
  File "C:\Users\Vladimir\AppData\Local\Programs\Python\Python311\Lib\site-packages\sqlalchemy\engine\base.py", line 1846, in _execute_context
    return self._exec_single_context(
           ^^^^^^^^^^^^^^^^^^^^^^^^^^
  File "C:\Users\Vladimir\AppData\Local\Programs\Python\Python311\Lib\site-packages\sqlalchemy\engine\base.py", line 1986, in _exec_single_context
    self._handle_dbapi_exception(
  File "C:\Users\Vladimir\AppData\Local\Programs\Python\Python311\Lib\site-packages\sqlalchemy\engine\base.py", line 2355, in _handle_dbapi_exception
    raise sqlalchemy_exception.with_traceback(exc_info[2]) from e
  File "C:\Users\Vladimir\AppData\Local\Programs\Python\Python311\Lib\site-packages\sqlalchemy\engine\base.py", line 1967, in _exec_single_context
    self.dialect.do_execute(
  File "C:\Users\Vladimir\AppData\Local\Programs\Python\Python311\Lib\site-packages\sqlalchemy\engine\default.py", line 951, in do_execute
    cursor.execute(statement, parameters)
sqlalchemy.exc.ProgrammingError: (psycopg2.errors.UndefinedColumn) ОШИБКА:  столбец "series" не существует
LINE 2:             SELECT id, serial_number, series, initial_value 
                                              ^

[SQL: 
            SELECT id, serial_number, series, initial_value 
            FROM public.devices 
            ORDER BY serial_number
        ]
(Background on this error at: https://sqlalche.me/e/20/f405)

During handling of the above exception, another exception occurred:

Traceback (most recent call last):
  File "C:\Users\Vladimir\AppData\Local\Programs\Python\Python311\Lib\site-packages\flask\app.py", line 1511, in wsgi_app
    response = self.full_dispatch_request()
               ^^^^^^^^^^^^^^^^^^^^^^^^^^^^
  File "C:\Users\Vladimir\AppData\Local\Programs\Python\Python311\Lib\site-packages\flask\app.py", line 919, in full_dispatch_request
    rv = self.handle_user_exception(e)
         ^^^^^^^^^^^^^^^^^^^^^^^^^^^^^
  File "C:\Users\Vladimir\AppData\Local\Programs\Python\Python311\Lib\site-packages\flask\app.py", line 917, in full_dispatch_request
    rv = self.dispatch_request()
         ^^^^^^^^^^^^^^^^^^^^^^^
  File "C:\Users\Vladimir\AppData\Local\Programs\Python\Python311\Lib\site-packages\flask\app.py", line 902, in dispatch_request
    return self.ensure_sync(self.view_functions[rule.endpoint])(**view_args)  # type: ignore[no-any-return]
           ^^^^^^^^^^^^^^^^^^^^^^^^^^^^^^^^^^^^^^^^^^^^^^^^^^^^^^^^^^^^^^^^^
  File "C:\Владимир\FoxDen\web\python\app.py", line 119, in dashboard
    return render_template('error.html', error="Ошибка получения данных")
           ^^^^^^^^^^^^^^^^^^^^^^^^^^^^^^^^^^^^^^^^^^^^^^^^^^^^^^^^^^^^^^
  File "C:\Users\Vladimir\AppData\Local\Programs\Python\Python311\Lib\site-packages\flask\templating.py", line 149, in render_template
    template = app.jinja_env.get_or_select_template(template_name_or_list)
               ^^^^^^^^^^^^^^^^^^^^^^^^^^^^^^^^^^^^^^^^^^^^^^^^^^^^^^^^^^^
  File "C:\Users\Vladimir\AppData\Local\Programs\Python\Python311\Lib\site-packages\jinja2\environment.py", line 1081, in get_or_select_template
    return self.get_template(template_name_or_list, parent, globals)
           ^^^^^^^^^^^^^^^^^^^^^^^^^^^^^^^^^^^^^^^^^^^^^^^^^^^^^^^^^
  File "C:\Users\Vladimir\AppData\Local\Programs\Python\Python311\Lib\site-packages\jinja2\environment.py", line 1010, in get_template
    return self._load_template(name, globals)
           ^^^^^^^^^^^^^^^^^^^^^^^^^^^^^^^^^^
  File "C:\Users\Vladimir\AppData\Local\Programs\Python\Python311\Lib\site-packages\jinja2\environment.py", line 969, in _load_template
    template = self.loader.load(self, name, self.make_globals(globals))
               ^^^^^^^^^^^^^^^^^^^^^^^^^^^^^^^^^^^^^^^^^^^^^^^^^^^^^^^^
  File "C:\Users\Vladimir\AppData\Local\Programs\Python\Python311\Lib\site-packages\jinja2\loaders.py", line 126, in load
    source, filename, uptodate = self.get_source(environment, name)
                                 ^^^^^^^^^^^^^^^^^^^^^^^^^^^^^^^^^^
  File "C:\Users\Vladimir\AppData\Local\Programs\Python\Python311\Lib\site-packages\flask\templating.py", line 65, in get_source
    return self._get_source_fast(environment, template)
           ^^^^^^^^^^^^^^^^^^^^^^^^^^^^^^^^^^^^^^^^^^^^
  File "C:\Users\Vladimir\AppData\Local\Programs\Python\Python311\Lib\site-packages\flask\templating.py", line 99, in _get_source_fast
    raise TemplateNotFound(template)
jinja2.exceptions.TemplateNotFound: error.html
2025-11-30 16:48:51,053 - werkzeug - INFO - 127.0.0.1 - - [30/Nov/2025 16:48:51] "[35m[1mGET /dashboard HTTP/1.1[0m" 500 -
2025-11-30 16:49:30,535 - root - INFO - Успешно подключились к БД
2025-11-30 16:49:30,542 - root - ERROR - Database error in dashboard: (psycopg2.errors.UndefinedColumn) ОШИБКА:  столбец "series" не существует
LINE 2:             SELECT id, serial_number, series, initial_value 
                                              ^

[SQL: 
            SELECT id, serial_number, series, initial_value 
            FROM public.devices 
            ORDER BY serial_number
        ]
(Background on this error at: https://sqlalche.me/e/20/f405)
2025-11-30 16:49:30,543 - root - INFO - Соединение с БД закрыто
2025-11-30 16:49:30,544 - app - ERROR - Exception on /dashboard [GET]
Traceback (most recent call last):
  File "C:\Users\Vladimir\AppData\Local\Programs\Python\Python311\Lib\site-packages\sqlalchemy\engine\base.py", line 1967, in _exec_single_context
    self.dialect.do_execute(
  File "C:\Users\Vladimir\AppData\Local\Programs\Python\Python311\Lib\site-packages\sqlalchemy\engine\default.py", line 951, in do_execute
    cursor.execute(statement, parameters)
psycopg2.errors.UndefinedColumn: ОШИБКА:  столбец "series" не существует
LINE 2:             SELECT id, serial_number, series, initial_value 
                                              ^


The above exception was the direct cause of the following exception:

Traceback (most recent call last):
  File "C:\Владимир\FoxDen\web\python\app.py", line 93, in dashboard
    result = connect.execute(query)
             ^^^^^^^^^^^^^^^^^^^^^^
  File "C:\Users\Vladimir\AppData\Local\Programs\Python\Python311\Lib\site-packages\sqlalchemy\engine\base.py", line 1419, in execute
    return meth(
           ^^^^^
  File "C:\Users\Vladimir\AppData\Local\Programs\Python\Python311\Lib\site-packages\sqlalchemy\sql\elements.py", line 526, in _execute_on_connection
    return connection._execute_clauseelement(
           ^^^^^^^^^^^^^^^^^^^^^^^^^^^^^^^^^^
  File "C:\Users\Vladimir\AppData\Local\Programs\Python\Python311\Lib\site-packages\sqlalchemy\engine\base.py", line 1641, in _execute_clauseelement
    ret = self._execute_context(
          ^^^^^^^^^^^^^^^^^^^^^^
  File "C:\Users\Vladimir\AppData\Local\Programs\Python\Python311\Lib\site-packages\sqlalchemy\engine\base.py", line 1846, in _execute_context
    return self._exec_single_context(
           ^^^^^^^^^^^^^^^^^^^^^^^^^^
  File "C:\Users\Vladimir\AppData\Local\Programs\Python\Python311\Lib\site-packages\sqlalchemy\engine\base.py", line 1986, in _exec_single_context
    self._handle_dbapi_exception(
  File "C:\Users\Vladimir\AppData\Local\Programs\Python\Python311\Lib\site-packages\sqlalchemy\engine\base.py", line 2355, in _handle_dbapi_exception
    raise sqlalchemy_exception.with_traceback(exc_info[2]) from e
  File "C:\Users\Vladimir\AppData\Local\Programs\Python\Python311\Lib\site-packages\sqlalchemy\engine\base.py", line 1967, in _exec_single_context
    self.dialect.do_execute(
  File "C:\Users\Vladimir\AppData\Local\Programs\Python\Python311\Lib\site-packages\sqlalchemy\engine\default.py", line 951, in do_execute
    cursor.execute(statement, parameters)
sqlalchemy.exc.ProgrammingError: (psycopg2.errors.UndefinedColumn) ОШИБКА:  столбец "series" не существует
LINE 2:             SELECT id, serial_number, series, initial_value 
                                              ^

[SQL: 
            SELECT id, serial_number, series, initial_value 
            FROM public.devices 
            ORDER BY serial_number
        ]
(Background on this error at: https://sqlalche.me/e/20/f405)

During handling of the above exception, another exception occurred:

Traceback (most recent call last):
  File "C:\Users\Vladimir\AppData\Local\Programs\Python\Python311\Lib\site-packages\flask\app.py", line 1511, in wsgi_app
    response = self.full_dispatch_request()
               ^^^^^^^^^^^^^^^^^^^^^^^^^^^^
  File "C:\Users\Vladimir\AppData\Local\Programs\Python\Python311\Lib\site-packages\flask\app.py", line 919, in full_dispatch_request
    rv = self.handle_user_exception(e)
         ^^^^^^^^^^^^^^^^^^^^^^^^^^^^^
  File "C:\Users\Vladimir\AppData\Local\Programs\Python\Python311\Lib\site-packages\flask\app.py", line 917, in full_dispatch_request
    rv = self.dispatch_request()
         ^^^^^^^^^^^^^^^^^^^^^^^
  File "C:\Users\Vladimir\AppData\Local\Programs\Python\Python311\Lib\site-packages\flask\app.py", line 902, in dispatch_request
    return self.ensure_sync(self.view_functions[rule.endpoint])(**view_args)  # type: ignore[no-any-return]
           ^^^^^^^^^^^^^^^^^^^^^^^^^^^^^^^^^^^^^^^^^^^^^^^^^^^^^^^^^^^^^^^^^
  File "C:\Владимир\FoxDen\web\python\app.py", line 119, in dashboard
    return render_template('error.html', error="Ошибка получения данных")
           ^^^^^^^^^^^^^^^^^^^^^^^^^^^^^^^^^^^^^^^^^^^^^^^^^^^^^^^^^^^^^^
  File "C:\Users\Vladimir\AppData\Local\Programs\Python\Python311\Lib\site-packages\flask\templating.py", line 149, in render_template
    template = app.jinja_env.get_or_select_template(template_name_or_list)
               ^^^^^^^^^^^^^^^^^^^^^^^^^^^^^^^^^^^^^^^^^^^^^^^^^^^^^^^^^^^
  File "C:\Users\Vladimir\AppData\Local\Programs\Python\Python311\Lib\site-packages\jinja2\environment.py", line 1081, in get_or_select_template
    return self.get_template(template_name_or_list, parent, globals)
           ^^^^^^^^^^^^^^^^^^^^^^^^^^^^^^^^^^^^^^^^^^^^^^^^^^^^^^^^^
  File "C:\Users\Vladimir\AppData\Local\Programs\Python\Python311\Lib\site-packages\jinja2\environment.py", line 1010, in get_template
    return self._load_template(name, globals)
           ^^^^^^^^^^^^^^^^^^^^^^^^^^^^^^^^^^
  File "C:\Users\Vladimir\AppData\Local\Programs\Python\Python311\Lib\site-packages\jinja2\environment.py", line 969, in _load_template
    template = self.loader.load(self, name, self.make_globals(globals))
               ^^^^^^^^^^^^^^^^^^^^^^^^^^^^^^^^^^^^^^^^^^^^^^^^^^^^^^^^
  File "C:\Users\Vladimir\AppData\Local\Programs\Python\Python311\Lib\site-packages\jinja2\loaders.py", line 126, in load
    source, filename, uptodate = self.get_source(environment, name)
                                 ^^^^^^^^^^^^^^^^^^^^^^^^^^^^^^^^^^
  File "C:\Users\Vladimir\AppData\Local\Programs\Python\Python311\Lib\site-packages\flask\templating.py", line 65, in get_source
    return self._get_source_fast(environment, template)
           ^^^^^^^^^^^^^^^^^^^^^^^^^^^^^^^^^^^^^^^^^^^^
  File "C:\Users\Vladimir\AppData\Local\Programs\Python\Python311\Lib\site-packages\flask\templating.py", line 99, in _get_source_fast
    raise TemplateNotFound(template)
jinja2.exceptions.TemplateNotFound: error.html
2025-11-30 16:49:30,550 - werkzeug - INFO - 127.0.0.1 - - [30/Nov/2025 16:49:30] "[35m[1mGET /dashboard HTTP/1.1[0m" 500 -
2025-11-30 16:49:32,811 - root - INFO - User alisichkin logged out
2025-11-30 16:49:32,816 - werkzeug - INFO - 127.0.0.1 - - [30/Nov/2025 16:49:32] "[32mGET /logout HTTP/1.1[0m" 302 -
2025-11-30 16:49:32,843 - werkzeug - INFO - 127.0.0.1 - - [30/Nov/2025 16:49:32] "GET / HTTP/1.1" 200 -
2025-11-30 16:49:32,890 - werkzeug - INFO - 127.0.0.1 - - [30/Nov/2025 16:49:32] "[36mGET /static/style.css HTTP/1.1[0m" 304 -
2025-11-30 16:51:03,057 - root - INFO - Secret key loaded successfully
2025-11-30 16:51:03,075 - werkzeug - INFO - [31m[1mWARNING: This is a development server. Do not use it in a production deployment. Use a production WSGI server instead.[0m
 * Running on http://127.0.0.1:5000
2025-11-30 16:51:03,076 - werkzeug - INFO - [33mPress CTRL+C to quit[0m
2025-11-30 16:51:09,251 - werkzeug - INFO - 127.0.0.1 - - [30/Nov/2025 16:51:09] "GET / HTTP/1.1" 200 -
2025-11-30 16:51:09,345 - werkzeug - INFO - 127.0.0.1 - - [30/Nov/2025 16:51:09] "[36mGET /static/style.css HTTP/1.1[0m" 304 -
2025-11-30 16:51:11,822 - root - INFO - Успешно подключились к БД
2025-11-30 16:51:11,838 - root - INFO - User alisichkin successfully logged in
2025-11-30 16:51:11,840 - root - INFO - Соединение с БД закрыто
2025-11-30 16:51:11,844 - werkzeug - INFO - 127.0.0.1 - - [30/Nov/2025 16:51:11] "[32mPOST /login HTTP/1.1[0m" 302 -
2025-11-30 16:51:11,876 - werkzeug - INFO - 127.0.0.1 - - [30/Nov/2025 16:51:11] "GET / HTTP/1.1" 200 -
2025-11-30 16:51:11,927 - werkzeug - INFO - 127.0.0.1 - - [30/Nov/2025 16:51:11] "[36mGET /static/style.css HTTP/1.1[0m" 304 -
2025-11-30 16:51:15,914 - root - INFO - Успешно подключились к БД
2025-11-30 16:51:15,921 - root - ERROR - Database error in dashboard: (psycopg2.errors.UndefinedColumn) ОШИБКА:  столбец "series" не существует
LINE 2:             SELECT id, serial_number, series, initial_value 
                                              ^

[SQL: 
            SELECT id, serial_number, series, initial_value 
            FROM public.devices 
            ORDER BY serial_number
        ]
(Background on this error at: https://sqlalche.me/e/20/f405)
2025-11-30 16:51:15,923 - root - INFO - Соединение с БД закрыто
2025-11-30 16:51:15,923 - app - ERROR - Exception on /dashboard [GET]
Traceback (most recent call last):
  File "C:\Users\Vladimir\AppData\Local\Programs\Python\Python311\Lib\site-packages\sqlalchemy\engine\base.py", line 1967, in _exec_single_context
    self.dialect.do_execute(
  File "C:\Users\Vladimir\AppData\Local\Programs\Python\Python311\Lib\site-packages\sqlalchemy\engine\default.py", line 951, in do_execute
    cursor.execute(statement, parameters)
psycopg2.errors.UndefinedColumn: ОШИБКА:  столбец "series" не существует
LINE 2:             SELECT id, serial_number, series, initial_value 
                                              ^


The above exception was the direct cause of the following exception:

Traceback (most recent call last):
  File "C:\Владимир\FoxDen\web\python\app.py", line 93, in dashboard
    result = connect.execute(query)
             ^^^^^^^^^^^^^^^^^^^^^^
  File "C:\Users\Vladimir\AppData\Local\Programs\Python\Python311\Lib\site-packages\sqlalchemy\engine\base.py", line 1419, in execute
    return meth(
           ^^^^^
  File "C:\Users\Vladimir\AppData\Local\Programs\Python\Python311\Lib\site-packages\sqlalchemy\sql\elements.py", line 526, in _execute_on_connection
    return connection._execute_clauseelement(
           ^^^^^^^^^^^^^^^^^^^^^^^^^^^^^^^^^^
  File "C:\Users\Vladimir\AppData\Local\Programs\Python\Python311\Lib\site-packages\sqlalchemy\engine\base.py", line 1641, in _execute_clauseelement
    ret = self._execute_context(
          ^^^^^^^^^^^^^^^^^^^^^^
  File "C:\Users\Vladimir\AppData\Local\Programs\Python\Python311\Lib\site-packages\sqlalchemy\engine\base.py", line 1846, in _execute_context
    return self._exec_single_context(
           ^^^^^^^^^^^^^^^^^^^^^^^^^^
  File "C:\Users\Vladimir\AppData\Local\Programs\Python\Python311\Lib\site-packages\sqlalchemy\engine\base.py", line 1986, in _exec_single_context
    self._handle_dbapi_exception(
  File "C:\Users\Vladimir\AppData\Local\Programs\Python\Python311\Lib\site-packages\sqlalchemy\engine\base.py", line 2355, in _handle_dbapi_exception
    raise sqlalchemy_exception.with_traceback(exc_info[2]) from e
  File "C:\Users\Vladimir\AppData\Local\Programs\Python\Python311\Lib\site-packages\sqlalchemy\engine\base.py", line 1967, in _exec_single_context
    self.dialect.do_execute(
  File "C:\Users\Vladimir\AppData\Local\Programs\Python\Python311\Lib\site-packages\sqlalchemy\engine\default.py", line 951, in do_execute
    cursor.execute(statement, parameters)
sqlalchemy.exc.ProgrammingError: (psycopg2.errors.UndefinedColumn) ОШИБКА:  столбец "series" не существует
LINE 2:             SELECT id, serial_number, series, initial_value 
                                              ^

[SQL: 
            SELECT id, serial_number, series, initial_value 
            FROM public.devices 
            ORDER BY serial_number
        ]
(Background on this error at: https://sqlalche.me/e/20/f405)

During handling of the above exception, another exception occurred:

Traceback (most recent call last):
  File "C:\Users\Vladimir\AppData\Local\Programs\Python\Python311\Lib\site-packages\flask\app.py", line 1511, in wsgi_app
    response = self.full_dispatch_request()
               ^^^^^^^^^^^^^^^^^^^^^^^^^^^^
  File "C:\Users\Vladimir\AppData\Local\Programs\Python\Python311\Lib\site-packages\flask\app.py", line 919, in full_dispatch_request
    rv = self.handle_user_exception(e)
         ^^^^^^^^^^^^^^^^^^^^^^^^^^^^^
  File "C:\Users\Vladimir\AppData\Local\Programs\Python\Python311\Lib\site-packages\flask\app.py", line 917, in full_dispatch_request
    rv = self.dispatch_request()
         ^^^^^^^^^^^^^^^^^^^^^^^
  File "C:\Users\Vladimir\AppData\Local\Programs\Python\Python311\Lib\site-packages\flask\app.py", line 902, in dispatch_request
    return self.ensure_sync(self.view_functions[rule.endpoint])(**view_args)  # type: ignore[no-any-return]
           ^^^^^^^^^^^^^^^^^^^^^^^^^^^^^^^^^^^^^^^^^^^^^^^^^^^^^^^^^^^^^^^^^
  File "C:\Владимир\FoxDen\web\python\app.py", line 119, in dashboard
    return render_template('error.html', error="Ошибка получения данных")
           ^^^^^^^^^^^^^^^^^^^^^^^^^^^^^^^^^^^^^^^^^^^^^^^^^^^^^^^^^^^^^^
  File "C:\Users\Vladimir\AppData\Local\Programs\Python\Python311\Lib\site-packages\flask\templating.py", line 149, in render_template
    template = app.jinja_env.get_or_select_template(template_name_or_list)
               ^^^^^^^^^^^^^^^^^^^^^^^^^^^^^^^^^^^^^^^^^^^^^^^^^^^^^^^^^^^
  File "C:\Users\Vladimir\AppData\Local\Programs\Python\Python311\Lib\site-packages\jinja2\environment.py", line 1081, in get_or_select_template
    return self.get_template(template_name_or_list, parent, globals)
           ^^^^^^^^^^^^^^^^^^^^^^^^^^^^^^^^^^^^^^^^^^^^^^^^^^^^^^^^^
  File "C:\Users\Vladimir\AppData\Local\Programs\Python\Python311\Lib\site-packages\jinja2\environment.py", line 1010, in get_template
    return self._load_template(name, globals)
           ^^^^^^^^^^^^^^^^^^^^^^^^^^^^^^^^^^
  File "C:\Users\Vladimir\AppData\Local\Programs\Python\Python311\Lib\site-packages\jinja2\environment.py", line 969, in _load_template
    template = self.loader.load(self, name, self.make_globals(globals))
               ^^^^^^^^^^^^^^^^^^^^^^^^^^^^^^^^^^^^^^^^^^^^^^^^^^^^^^^^
  File "C:\Users\Vladimir\AppData\Local\Programs\Python\Python311\Lib\site-packages\jinja2\loaders.py", line 126, in load
    source, filename, uptodate = self.get_source(environment, name)
                                 ^^^^^^^^^^^^^^^^^^^^^^^^^^^^^^^^^^
  File "C:\Users\Vladimir\AppData\Local\Programs\Python\Python311\Lib\site-packages\flask\templating.py", line 65, in get_source
    return self._get_source_fast(environment, template)
           ^^^^^^^^^^^^^^^^^^^^^^^^^^^^^^^^^^^^^^^^^^^^
  File "C:\Users\Vladimir\AppData\Local\Programs\Python\Python311\Lib\site-packages\flask\templating.py", line 99, in _get_source_fast
    raise TemplateNotFound(template)
jinja2.exceptions.TemplateNotFound: error.html
2025-11-30 16:51:15,937 - werkzeug - INFO - 127.0.0.1 - - [30/Nov/2025 16:51:15] "[35m[1mGET /dashboard HTTP/1.1[0m" 500 -
2025-11-30 18:15:04,565 - root - INFO - Secret key loaded successfully
2025-11-30 18:15:04,596 - werkzeug - INFO - [31m[1mWARNING: This is a development server. Do not use it in a production deployment. Use a production WSGI server instead.[0m
 * Running on http://127.0.0.1:5000
2025-11-30 18:15:04,597 - werkzeug - INFO - [33mPress CTRL+C to quit[0m
2025-11-30 18:15:41,222 - werkzeug - INFO - 127.0.0.1 - - [30/Nov/2025 18:15:41] "GET / HTTP/1.1" 200 -
2025-11-30 18:15:41,367 - werkzeug - INFO - 127.0.0.1 - - [30/Nov/2025 18:15:41] "GET /static/style.css HTTP/1.1" 200 -
2025-11-30 18:15:43,486 - root - INFO - Успешно подключились к БД
2025-11-30 18:15:43,489 - root - INFO - Соединение с БД закрыто
2025-11-30 18:15:43,492 - app - ERROR - Exception on /dashboard [GET]
Traceback (most recent call last):
  File "C:\Users\Vladimir\AppData\Local\Programs\Python\Python311\Lib\site-packages\flask\app.py", line 1511, in wsgi_app
    response = self.full_dispatch_request()
               ^^^^^^^^^^^^^^^^^^^^^^^^^^^^
  File "C:\Users\Vladimir\AppData\Local\Programs\Python\Python311\Lib\site-packages\flask\app.py", line 919, in full_dispatch_request
    rv = self.handle_user_exception(e)
         ^^^^^^^^^^^^^^^^^^^^^^^^^^^^^
  File "C:\Users\Vladimir\AppData\Local\Programs\Python\Python311\Lib\site-packages\flask\app.py", line 917, in full_dispatch_request
    rv = self.dispatch_request()
         ^^^^^^^^^^^^^^^^^^^^^^^
  File "C:\Users\Vladimir\AppData\Local\Programs\Python\Python311\Lib\site-packages\flask\app.py", line 902, in dispatch_request
    return self.ensure_sync(self.view_functions[rule.endpoint])(**view_args)  # type: ignore[no-any-return]
           ^^^^^^^^^^^^^^^^^^^^^^^^^^^^^^^^^^^^^^^^^^^^^^^^^^^^^^^^^^^^^^^^^
  File "C:\Владимир\FoxDen\web\python\app.py", line 92, in dashboard
    result = connect.execute(query, {"user_id", session['userid']})
                                                ~~~~~~~^^^^^^^^^^
  File "C:\Users\Vladimir\AppData\Local\Programs\Python\Python311\Lib\site-packages\flask\sessions.py", line 86, in __getitem__
    return super().__getitem__(key)
           ^^^^^^^^^^^^^^^^^^^^^^^^
KeyError: 'userid'
2025-11-30 18:15:43,497 - werkzeug - INFO - 127.0.0.1 - - [30/Nov/2025 18:15:43] "[35m[1mGET /dashboard HTTP/1.1[0m" 500 -
2025-11-30 18:16:54,304 - root - INFO - User alisichkin logged out
2025-11-30 18:16:54,309 - werkzeug - INFO - 127.0.0.1 - - [30/Nov/2025 18:16:54] "[32mGET /logout HTTP/1.1[0m" 302 -
2025-11-30 18:16:54,332 - werkzeug - INFO - 127.0.0.1 - - [30/Nov/2025 18:16:54] "GET / HTTP/1.1" 200 -
2025-11-30 18:16:54,385 - werkzeug - INFO - 127.0.0.1 - - [30/Nov/2025 18:16:54] "[36mGET /static/style.css HTTP/1.1[0m" 304 -
2025-11-30 18:16:56,364 - root - INFO - Успешно подключились к БД
2025-11-30 18:16:56,378 - root - INFO - Соединение с БД закрыто
2025-11-30 18:16:56,379 - app - ERROR - Exception on /login [POST]
Traceback (most recent call last):
  File "C:\Users\Vladimir\AppData\Local\Programs\Python\Python311\Lib\site-packages\flask\app.py", line 1511, in wsgi_app
    response = self.full_dispatch_request()
               ^^^^^^^^^^^^^^^^^^^^^^^^^^^^
  File "C:\Users\Vladimir\AppData\Local\Programs\Python\Python311\Lib\site-packages\flask\app.py", line 919, in full_dispatch_request
    rv = self.handle_user_exception(e)
         ^^^^^^^^^^^^^^^^^^^^^^^^^^^^^
  File "C:\Users\Vladimir\AppData\Local\Programs\Python\Python311\Lib\site-packages\flask\app.py", line 917, in full_dispatch_request
    rv = self.dispatch_request()
         ^^^^^^^^^^^^^^^^^^^^^^^
  File "C:\Users\Vladimir\AppData\Local\Programs\Python\Python311\Lib\site-packages\flask\app.py", line 902, in dispatch_request
    return self.ensure_sync(self.view_functions[rule.endpoint])(**view_args)  # type: ignore[no-any-return]
           ^^^^^^^^^^^^^^^^^^^^^^^^^^^^^^^^^^^^^^^^^^^^^^^^^^^^^^^^^^^^^^^^^
  File "C:\Владимир\FoxDen\web\python\app.py", line 56, in login
    session['userid'] = user['id']
                        ~~~~^^^^^^
  File "lib/sqlalchemy/cyextension/resultproxy.pyx", line 54, in sqlalchemy.cyextension.resultproxy.BaseRow.__getitem__
TypeError: tuple indices must be integers or slices, not str
2025-11-30 18:16:56,385 - werkzeug - INFO - 127.0.0.1 - - [30/Nov/2025 18:16:56] "[35m[1mPOST /login HTTP/1.1[0m" 500 -
2025-11-30 18:18:17,239 - root - INFO - Secret key loaded successfully
2025-11-30 18:18:17,265 - werkzeug - INFO - [31m[1mWARNING: This is a development server. Do not use it in a production deployment. Use a production WSGI server instead.[0m
 * Running on http://127.0.0.1:5000
2025-11-30 18:18:17,266 - werkzeug - INFO - [33mPress CTRL+C to quit[0m
2025-11-30 18:18:24,343 - root - INFO - Успешно подключились к БД
2025-11-30 18:18:24,351 - root - INFO - User alisichkin successfully logged in
2025-11-30 18:18:24,353 - root - INFO - Соединение с БД закрыто
2025-11-30 18:18:24,355 - werkzeug - INFO - 127.0.0.1 - - [30/Nov/2025 18:18:24] "[32mPOST /login HTTP/1.1[0m" 302 -
2025-11-30 18:18:24,386 - werkzeug - INFO - 127.0.0.1 - - [30/Nov/2025 18:18:24] "GET / HTTP/1.1" 200 -
2025-11-30 18:18:24,478 - werkzeug - INFO - 127.0.0.1 - - [30/Nov/2025 18:18:24] "[36mGET /static/style.css HTTP/1.1[0m" 304 -
2025-11-30 18:18:30,304 - root - INFO - Успешно подключились к БД
2025-11-30 18:18:30,311 - root - ERROR - Database error in dashboard: mapping or list expected for parameters
2025-11-30 18:18:30,312 - root - INFO - Соединение с БД закрыто
2025-11-30 18:18:30,313 - app - ERROR - Exception on /dashboard [GET]
Traceback (most recent call last):
  File "C:\Владимир\FoxDen\web\python\app.py", line 92, in dashboard
    result = connect.execute(query, {"user_id", session['userid']})
             ^^^^^^^^^^^^^^^^^^^^^^^^^^^^^^^^^^^^^^^^^^^^^^^^^^^^^^
  File "C:\Users\Vladimir\AppData\Local\Programs\Python\Python311\Lib\site-packages\sqlalchemy\engine\base.py", line 1413, in execute
    distilled_parameters = _distill_params_20(parameters)
                           ^^^^^^^^^^^^^^^^^^^^^^^^^^^^^^
  File "lib/sqlalchemy/cyextension/util.pyx", line 33, in sqlalchemy.cyextension.util._distill_params_20
sqlalchemy.exc.ArgumentError: mapping or list expected for parameters

During handling of the above exception, another exception occurred:

Traceback (most recent call last):
  File "C:\Users\Vladimir\AppData\Local\Programs\Python\Python311\Lib\site-packages\flask\app.py", line 1511, in wsgi_app
    response = self.full_dispatch_request()
               ^^^^^^^^^^^^^^^^^^^^^^^^^^^^
  File "C:\Users\Vladimir\AppData\Local\Programs\Python\Python311\Lib\site-packages\flask\app.py", line 919, in full_dispatch_request
    rv = self.handle_user_exception(e)
         ^^^^^^^^^^^^^^^^^^^^^^^^^^^^^
  File "C:\Users\Vladimir\AppData\Local\Programs\Python\Python311\Lib\site-packages\flask\app.py", line 917, in full_dispatch_request
    rv = self.dispatch_request()
         ^^^^^^^^^^^^^^^^^^^^^^^
  File "C:\Users\Vladimir\AppData\Local\Programs\Python\Python311\Lib\site-packages\flask\app.py", line 902, in dispatch_request
    return self.ensure_sync(self.view_functions[rule.endpoint])(**view_args)  # type: ignore[no-any-return]
           ^^^^^^^^^^^^^^^^^^^^^^^^^^^^^^^^^^^^^^^^^^^^^^^^^^^^^^^^^^^^^^^^^
  File "C:\Владимир\FoxDen\web\python\app.py", line 119, in dashboard
    return render_template('error.html', error="Ошибка получения данных")
           ^^^^^^^^^^^^^^^^^^^^^^^^^^^^^^^^^^^^^^^^^^^^^^^^^^^^^^^^^^^^^^
  File "C:\Users\Vladimir\AppData\Local\Programs\Python\Python311\Lib\site-packages\flask\templating.py", line 149, in render_template
    template = app.jinja_env.get_or_select_template(template_name_or_list)
               ^^^^^^^^^^^^^^^^^^^^^^^^^^^^^^^^^^^^^^^^^^^^^^^^^^^^^^^^^^^
  File "C:\Users\Vladimir\AppData\Local\Programs\Python\Python311\Lib\site-packages\jinja2\environment.py", line 1081, in get_or_select_template
    return self.get_template(template_name_or_list, parent, globals)
           ^^^^^^^^^^^^^^^^^^^^^^^^^^^^^^^^^^^^^^^^^^^^^^^^^^^^^^^^^
  File "C:\Users\Vladimir\AppData\Local\Programs\Python\Python311\Lib\site-packages\jinja2\environment.py", line 1010, in get_template
    return self._load_template(name, globals)
           ^^^^^^^^^^^^^^^^^^^^^^^^^^^^^^^^^^
  File "C:\Users\Vladimir\AppData\Local\Programs\Python\Python311\Lib\site-packages\jinja2\environment.py", line 969, in _load_template
    template = self.loader.load(self, name, self.make_globals(globals))
               ^^^^^^^^^^^^^^^^^^^^^^^^^^^^^^^^^^^^^^^^^^^^^^^^^^^^^^^^
  File "C:\Users\Vladimir\AppData\Local\Programs\Python\Python311\Lib\site-packages\jinja2\loaders.py", line 126, in load
    source, filename, uptodate = self.get_source(environment, name)
                                 ^^^^^^^^^^^^^^^^^^^^^^^^^^^^^^^^^^
  File "C:\Users\Vladimir\AppData\Local\Programs\Python\Python311\Lib\site-packages\flask\templating.py", line 65, in get_source
    return self._get_source_fast(environment, template)
           ^^^^^^^^^^^^^^^^^^^^^^^^^^^^^^^^^^^^^^^^^^^^
  File "C:\Users\Vladimir\AppData\Local\Programs\Python\Python311\Lib\site-packages\flask\templating.py", line 99, in _get_source_fast
    raise TemplateNotFound(template)
jinja2.exceptions.TemplateNotFound: error.html
2025-11-30 18:18:30,322 - werkzeug - INFO - 127.0.0.1 - - [30/Nov/2025 18:18:30] "[35m[1mGET /dashboard HTTP/1.1[0m" 500 -
2025-11-30 18:19:21,709 - root - INFO - Secret key loaded successfully
2025-11-30 18:19:21,726 - werkzeug - INFO - [31m[1mWARNING: This is a development server. Do not use it in a production deployment. Use a production WSGI server instead.[0m
 * Running on http://127.0.0.1:5000
2025-11-30 18:19:21,727 - werkzeug - INFO - [33mPress CTRL+C to quit[0m
2025-11-30 18:19:33,081 - werkzeug - INFO - 127.0.0.1 - - [30/Nov/2025 18:19:33] "GET / HTTP/1.1" 200 -
2025-11-30 18:19:33,166 - werkzeug - INFO - 127.0.0.1 - - [30/Nov/2025 18:19:33] "[36mGET /static/style.css HTTP/1.1[0m" 304 -
2025-11-30 18:19:35,562 - root - INFO - User alisichkin logged out
2025-11-30 18:19:35,563 - werkzeug - INFO - 127.0.0.1 - - [30/Nov/2025 18:19:35] "[32mGET /logout HTTP/1.1[0m" 302 -
2025-11-30 18:19:35,581 - werkzeug - INFO - 127.0.0.1 - - [30/Nov/2025 18:19:35] "GET / HTTP/1.1" 200 -
2025-11-30 18:19:35,621 - werkzeug - INFO - 127.0.0.1 - - [30/Nov/2025 18:19:35] "[36mGET /static/style.css HTTP/1.1[0m" 304 -
2025-11-30 18:19:37,334 - root - INFO - Успешно подключились к БД
2025-11-30 18:19:37,339 - root - INFO - User alisichkin successfully logged in
2025-11-30 18:19:37,341 - root - INFO - Соединение с БД закрыто
2025-11-30 18:19:37,342 - werkzeug - INFO - 127.0.0.1 - - [30/Nov/2025 18:19:37] "[32mPOST /login HTTP/1.1[0m" 302 -
2025-11-30 18:19:37,358 - werkzeug - INFO - 127.0.0.1 - - [30/Nov/2025 18:19:37] "GET / HTTP/1.1" 200 -
2025-11-30 18:19:37,397 - werkzeug - INFO - 127.0.0.1 - - [30/Nov/2025 18:19:37] "[36mGET /static/style.css HTTP/1.1[0m" 304 -
2025-11-30 18:19:42,499 - root - INFO - Успешно подключились к БД
2025-11-30 18:19:42,502 - root - ERROR - Database error in dashboard: mapping or list expected for parameters
2025-11-30 18:19:42,505 - root - INFO - Соединение с БД закрыто
2025-11-30 18:19:42,506 - app - ERROR - Exception on /dashboard [GET]
Traceback (most recent call last):
  File "C:\Владимир\FoxDen\web\python\app.py", line 92, in dashboard
    result = connect.execute(query, {"user_id", session['userid']})
             ^^^^^^^^^^^^^^^^^^^^^^^^^^^^^^^^^^^^^^^^^^^^^^^^^^^^^^
  File "C:\Users\Vladimir\AppData\Local\Programs\Python\Python311\Lib\site-packages\sqlalchemy\engine\base.py", line 1413, in execute
    distilled_parameters = _distill_params_20(parameters)
                           ^^^^^^^^^^^^^^^^^^^^^^^^^^^^^^
  File "lib/sqlalchemy/cyextension/util.pyx", line 33, in sqlalchemy.cyextension.util._distill_params_20
sqlalchemy.exc.ArgumentError: mapping or list expected for parameters

During handling of the above exception, another exception occurred:

Traceback (most recent call last):
  File "C:\Users\Vladimir\AppData\Local\Programs\Python\Python311\Lib\site-packages\flask\app.py", line 1511, in wsgi_app
    response = self.full_dispatch_request()
               ^^^^^^^^^^^^^^^^^^^^^^^^^^^^
  File "C:\Users\Vladimir\AppData\Local\Programs\Python\Python311\Lib\site-packages\flask\app.py", line 919, in full_dispatch_request
    rv = self.handle_user_exception(e)
         ^^^^^^^^^^^^^^^^^^^^^^^^^^^^^
  File "C:\Users\Vladimir\AppData\Local\Programs\Python\Python311\Lib\site-packages\flask\app.py", line 917, in full_dispatch_request
    rv = self.dispatch_request()
         ^^^^^^^^^^^^^^^^^^^^^^^
  File "C:\Users\Vladimir\AppData\Local\Programs\Python\Python311\Lib\site-packages\flask\app.py", line 902, in dispatch_request
    return self.ensure_sync(self.view_functions[rule.endpoint])(**view_args)  # type: ignore[no-any-return]
           ^^^^^^^^^^^^^^^^^^^^^^^^^^^^^^^^^^^^^^^^^^^^^^^^^^^^^^^^^^^^^^^^^
  File "C:\Владимир\FoxDen\web\python\app.py", line 119, in dashboard
    return render_template('error.html', error="Ошибка получения данных")
           ^^^^^^^^^^^^^^^^^^^^^^^^^^^^^^^^^^^^^^^^^^^^^^^^^^^^^^^^^^^^^^
  File "C:\Users\Vladimir\AppData\Local\Programs\Python\Python311\Lib\site-packages\flask\templating.py", line 149, in render_template
    template = app.jinja_env.get_or_select_template(template_name_or_list)
               ^^^^^^^^^^^^^^^^^^^^^^^^^^^^^^^^^^^^^^^^^^^^^^^^^^^^^^^^^^^
  File "C:\Users\Vladimir\AppData\Local\Programs\Python\Python311\Lib\site-packages\jinja2\environment.py", line 1081, in get_or_select_template
    return self.get_template(template_name_or_list, parent, globals)
           ^^^^^^^^^^^^^^^^^^^^^^^^^^^^^^^^^^^^^^^^^^^^^^^^^^^^^^^^^
  File "C:\Users\Vladimir\AppData\Local\Programs\Python\Python311\Lib\site-packages\jinja2\environment.py", line 1010, in get_template
    return self._load_template(name, globals)
           ^^^^^^^^^^^^^^^^^^^^^^^^^^^^^^^^^^
  File "C:\Users\Vladimir\AppData\Local\Programs\Python\Python311\Lib\site-packages\jinja2\environment.py", line 969, in _load_template
    template = self.loader.load(self, name, self.make_globals(globals))
               ^^^^^^^^^^^^^^^^^^^^^^^^^^^^^^^^^^^^^^^^^^^^^^^^^^^^^^^^
  File "C:\Users\Vladimir\AppData\Local\Programs\Python\Python311\Lib\site-packages\jinja2\loaders.py", line 126, in load
    source, filename, uptodate = self.get_source(environment, name)
                                 ^^^^^^^^^^^^^^^^^^^^^^^^^^^^^^^^^^
  File "C:\Users\Vladimir\AppData\Local\Programs\Python\Python311\Lib\site-packages\flask\templating.py", line 65, in get_source
    return self._get_source_fast(environment, template)
           ^^^^^^^^^^^^^^^^^^^^^^^^^^^^^^^^^^^^^^^^^^^^
  File "C:\Users\Vladimir\AppData\Local\Programs\Python\Python311\Lib\site-packages\flask\templating.py", line 99, in _get_source_fast
    raise TemplateNotFound(template)
jinja2.exceptions.TemplateNotFound: error.html
2025-11-30 18:19:42,514 - werkzeug - INFO - 127.0.0.1 - - [30/Nov/2025 18:19:42] "[35m[1mGET /dashboard HTTP/1.1[0m" 500 -
2025-11-30 18:21:52,794 - root - INFO - Secret key loaded successfully
2025-11-30 18:21:52,820 - werkzeug - INFO - [31m[1mWARNING: This is a development server. Do not use it in a production deployment. Use a production WSGI server instead.[0m
 * Running on http://127.0.0.1:5000
2025-11-30 18:21:52,821 - werkzeug - INFO - [33mPress CTRL+C to quit[0m
2025-11-30 18:22:00,129 - root - INFO - Успешно подключились к БД
2025-11-30 18:22:00,165 - root - INFO - Соединение с БД закрыто
2025-11-30 18:22:00,167 - app - ERROR - Exception on /dashboard [GET]
Traceback (most recent call last):
  File "C:\Users\Vladimir\AppData\Local\Programs\Python\Python311\Lib\site-packages\flask\app.py", line 1511, in wsgi_app
    response = self.full_dispatch_request()
               ^^^^^^^^^^^^^^^^^^^^^^^^^^^^
  File "C:\Users\Vladimir\AppData\Local\Programs\Python\Python311\Lib\site-packages\flask\app.py", line 919, in full_dispatch_request
    rv = self.handle_user_exception(e)
         ^^^^^^^^^^^^^^^^^^^^^^^^^^^^^
  File "C:\Users\Vladimir\AppData\Local\Programs\Python\Python311\Lib\site-packages\flask\app.py", line 917, in full_dispatch_request
    rv = self.dispatch_request()
         ^^^^^^^^^^^^^^^^^^^^^^^
  File "C:\Users\Vladimir\AppData\Local\Programs\Python\Python311\Lib\site-packages\flask\app.py", line 902, in dispatch_request
    return self.ensure_sync(self.view_functions[rule.endpoint])(**view_args)  # type: ignore[no-any-return]
           ^^^^^^^^^^^^^^^^^^^^^^^^^^^^^^^^^^^^^^^^^^^^^^^^^^^^^^^^^^^^^^^^^
  File "C:\Владимир\FoxDen\web\python\app.py", line 109, in dashboard
    return render_template(
           ^^^^^^^^^^^^^^^^
  File "C:\Users\Vladimir\AppData\Local\Programs\Python\Python311\Lib\site-packages\flask\templating.py", line 150, in render_template
    return _render(app, template, context)
           ^^^^^^^^^^^^^^^^^^^^^^^^^^^^^^^
  File "C:\Users\Vladimir\AppData\Local\Programs\Python\Python311\Lib\site-packages\flask\templating.py", line 131, in _render
    rv = template.render(context)
         ^^^^^^^^^^^^^^^^^^^^^^^^
  File "C:\Users\Vladimir\AppData\Local\Programs\Python\Python311\Lib\site-packages\jinja2\environment.py", line 1301, in render
    self.environment.handle_exception()
  File "C:\Users\Vladimir\AppData\Local\Programs\Python\Python311\Lib\site-packages\jinja2\environment.py", line 936, in handle_exception
    raise rewrite_traceback_stack(source=source)
  File "C:\Владимир\FoxDen\web\python\templates\dashboard.html", line 144, in top-level template code
    <p><strong>Начальное значение:</strong> {{ "%.3f"|format(device.initial_value) }}</p>
    ^^^^^^^^^^^^^^^^^^^^^^^^^
  File "C:\Users\Vladimir\AppData\Local\Programs\Python\Python311\Lib\site-packages\jinja2\filters.py", line 1002, in do_format
    return soft_str(value) % (kwargs or args)
           ~~~~~~~~~~~~~~~~^~~~~~~~~~~~~~~~~~
jinja2.exceptions.UndefinedError: 'sqlalchemy.engine.row.Row object' has no attribute 'initial_value'
2025-11-30 18:22:00,252 - werkzeug - INFO - 127.0.0.1 - - [30/Nov/2025 18:22:00] "[35m[1mGET /dashboard HTTP/1.1[0m" 500 -
2025-11-30 19:19:17,251 - root - INFO - Secret key loaded successfully
2025-11-30 19:19:17,269 - werkzeug - INFO - [31m[1mWARNING: This is a development server. Do not use it in a production deployment. Use a production WSGI server instead.[0m
 * Running on http://127.0.0.1:5000
2025-11-30 19:19:17,270 - werkzeug - INFO - [33mPress CTRL+C to quit[0m
2025-11-30 19:19:26,010 - werkzeug - INFO - 127.0.0.1 - - [30/Nov/2025 19:19:26] "GET / HTTP/1.1" 200 -
2025-11-30 19:19:26,116 - werkzeug - INFO - 127.0.0.1 - - [30/Nov/2025 19:19:26] "[36mGET /static/style.css HTTP/1.1[0m" 304 -
2025-11-30 19:19:27,910 - root - INFO - User alisichkin logged out
2025-11-30 19:19:27,911 - werkzeug - INFO - 127.0.0.1 - - [30/Nov/2025 19:19:27] "[32mGET /logout HTTP/1.1[0m" 302 -
2025-11-30 19:19:27,934 - werkzeug - INFO - 127.0.0.1 - - [30/Nov/2025 19:19:27] "GET / HTTP/1.1" 200 -
2025-11-30 19:19:27,985 - werkzeug - INFO - 127.0.0.1 - - [30/Nov/2025 19:19:27] "[36mGET /static/style.css HTTP/1.1[0m" 304 -
2025-11-30 19:19:29,347 - root - INFO - Успешно подключились к БД
2025-11-30 19:19:29,356 - root - INFO - User alisichkin successfully logged in
2025-11-30 19:19:29,357 - root - INFO - Соединение с БД закрыто
2025-11-30 19:19:29,359 - werkzeug - INFO - 127.0.0.1 - - [30/Nov/2025 19:19:29] "[32mPOST /login HTTP/1.1[0m" 302 -
2025-11-30 19:19:29,375 - werkzeug - INFO - 127.0.0.1 - - [30/Nov/2025 19:19:29] "GET / HTTP/1.1" 200 -
2025-11-30 19:19:29,422 - werkzeug - INFO - 127.0.0.1 - - [30/Nov/2025 19:19:29] "[36mGET /static/style.css HTTP/1.1[0m" 304 -
2025-11-30 19:19:30,547 - root - INFO - Успешно подключились к БД
2025-11-30 19:19:30,585 - root - INFO - Соединение с БД закрыто
2025-11-30 19:19:30,586 - app - ERROR - Exception on /dashboard [GET]
Traceback (most recent call last):
  File "C:\Users\Vladimir\AppData\Local\Programs\Python\Python311\Lib\site-packages\flask\app.py", line 1511, in wsgi_app
    response = self.full_dispatch_request()
               ^^^^^^^^^^^^^^^^^^^^^^^^^^^^
  File "C:\Users\Vladimir\AppData\Local\Programs\Python\Python311\Lib\site-packages\flask\app.py", line 919, in full_dispatch_request
    rv = self.handle_user_exception(e)
         ^^^^^^^^^^^^^^^^^^^^^^^^^^^^^
  File "C:\Users\Vladimir\AppData\Local\Programs\Python\Python311\Lib\site-packages\flask\app.py", line 917, in full_dispatch_request
    rv = self.dispatch_request()
         ^^^^^^^^^^^^^^^^^^^^^^^
  File "C:\Users\Vladimir\AppData\Local\Programs\Python\Python311\Lib\site-packages\flask\app.py", line 902, in dispatch_request
    return self.ensure_sync(self.view_functions[rule.endpoint])(**view_args)  # type: ignore[no-any-return]
           ^^^^^^^^^^^^^^^^^^^^^^^^^^^^^^^^^^^^^^^^^^^^^^^^^^^^^^^^^^^^^^^^^
  File "C:\Владимир\FoxDen\web\python\app.py", line 109, in dashboard
    return render_template(
           ^^^^^^^^^^^^^^^^
  File "C:\Users\Vladimir\AppData\Local\Programs\Python\Python311\Lib\site-packages\flask\templating.py", line 150, in render_template
    return _render(app, template, context)
           ^^^^^^^^^^^^^^^^^^^^^^^^^^^^^^^
  File "C:\Users\Vladimir\AppData\Local\Programs\Python\Python311\Lib\site-packages\flask\templating.py", line 131, in _render
    rv = template.render(context)
         ^^^^^^^^^^^^^^^^^^^^^^^^
  File "C:\Users\Vladimir\AppData\Local\Programs\Python\Python311\Lib\site-packages\jinja2\environment.py", line 1301, in render
    self.environment.handle_exception()
  File "C:\Users\Vladimir\AppData\Local\Programs\Python\Python311\Lib\site-packages\jinja2\environment.py", line 936, in handle_exception
    raise rewrite_traceback_stack(source=source)
  File "C:\Владимир\FoxDen\web\python\templates\dashboard.html", line 165, in top-level template code
    {{ "%.3f"|format(device._mapping.initial_value) }}
    ^^^^^^^^^^^^^^^^^^^^^^^^^
  File "C:\Users\Vladimir\AppData\Local\Programs\Python\Python311\Lib\site-packages\jinja2\filters.py", line 1002, in do_format
    return soft_str(value) % (kwargs or args)
           ~~~~~~~~~~~~~~~~^~~~~~~~~~~~~~~~~~
jinja2.exceptions.UndefinedError: 'sqlalchemy.engine.row.RowMapping object' has no attribute 'initial_value'
2025-11-30 19:19:30,595 - werkzeug - INFO - 127.0.0.1 - - [30/Nov/2025 19:19:30] "[35m[1mGET /dashboard HTTP/1.1[0m" 500 -
2025-11-30 19:20:21,858 - root - INFO - Secret key loaded successfully
2025-11-30 19:20:21,876 - werkzeug - INFO - [31m[1mWARNING: This is a development server. Do not use it in a production deployment. Use a production WSGI server instead.[0m
 * Running on http://127.0.0.1:5000
2025-11-30 19:20:21,876 - werkzeug - INFO - [33mPress CTRL+C to quit[0m
2025-11-30 19:20:31,669 - root - INFO - Успешно подключились к БД
2025-11-30 19:20:31,696 - root - INFO - Соединение с БД закрыто
2025-11-30 19:20:31,697 - app - ERROR - Exception on /dashboard [GET]
Traceback (most recent call last):
  File "C:\Users\Vladimir\AppData\Local\Programs\Python\Python311\Lib\site-packages\flask\app.py", line 1511, in wsgi_app
    response = self.full_dispatch_request()
               ^^^^^^^^^^^^^^^^^^^^^^^^^^^^
  File "C:\Users\Vladimir\AppData\Local\Programs\Python\Python311\Lib\site-packages\flask\app.py", line 919, in full_dispatch_request
    rv = self.handle_user_exception(e)
         ^^^^^^^^^^^^^^^^^^^^^^^^^^^^^
  File "C:\Users\Vladimir\AppData\Local\Programs\Python\Python311\Lib\site-packages\flask\app.py", line 917, in full_dispatch_request
    rv = self.dispatch_request()
         ^^^^^^^^^^^^^^^^^^^^^^^
  File "C:\Users\Vladimir\AppData\Local\Programs\Python\Python311\Lib\site-packages\flask\app.py", line 902, in dispatch_request
    return self.ensure_sync(self.view_functions[rule.endpoint])(**view_args)  # type: ignore[no-any-return]
           ^^^^^^^^^^^^^^^^^^^^^^^^^^^^^^^^^^^^^^^^^^^^^^^^^^^^^^^^^^^^^^^^^
  File "C:\Владимир\FoxDen\web\python\app.py", line 109, in dashboard
    return render_template(
           ^^^^^^^^^^^^^^^^
  File "C:\Users\Vladimir\AppData\Local\Programs\Python\Python311\Lib\site-packages\flask\templating.py", line 150, in render_template
    return _render(app, template, context)
           ^^^^^^^^^^^^^^^^^^^^^^^^^^^^^^^
  File "C:\Users\Vladimir\AppData\Local\Programs\Python\Python311\Lib\site-packages\flask\templating.py", line 131, in _render
    rv = template.render(context)
         ^^^^^^^^^^^^^^^^^^^^^^^^
  File "C:\Users\Vladimir\AppData\Local\Programs\Python\Python311\Lib\site-packages\jinja2\environment.py", line 1301, in render
    self.environment.handle_exception()
  File "C:\Users\Vladimir\AppData\Local\Programs\Python\Python311\Lib\site-packages\jinja2\environment.py", line 936, in handle_exception
    raise rewrite_traceback_stack(source=source)
  File "C:\Владимир\FoxDen\web\python\templates\dashboard.html", line 165, in top-level template code
    {{ "%.3f"|format(device._mapping.initial_value) }}
    ^^^^^^^^^^^^^^^^^^^^^^^^^
  File "C:\Users\Vladimir\AppData\Local\Programs\Python\Python311\Lib\site-packages\jinja2\filters.py", line 1002, in do_format
    return soft_str(value) % (kwargs or args)
           ~~~~~~~~~~~~~~~~^~~~~~~~~~~~~~~~~~
jinja2.exceptions.UndefinedError: 'sqlalchemy.engine.row.RowMapping object' has no attribute 'initial_value'
2025-11-30 19:20:31,702 - werkzeug - INFO - 127.0.0.1 - - [30/Nov/2025 19:20:31] "[35m[1mGET /dashboard HTTP/1.1[0m" 500 -
2025-11-30 19:23:55,237 - root - INFO - Secret key loaded successfully
2025-11-30 19:23:55,254 - werkzeug - INFO - [31m[1mWARNING: This is a development server. Do not use it in a production deployment. Use a production WSGI server instead.[0m
 * Running on http://127.0.0.1:5000
2025-11-30 19:23:55,255 - werkzeug - INFO - [33mPress CTRL+C to quit[0m
2025-11-30 19:24:00,771 - root - INFO - Успешно подключились к БД
2025-11-30 19:24:00,807 - root - INFO - Соединение с БД закрыто
2025-11-30 19:24:00,813 - app - ERROR - Exception on /dashboard [GET]
Traceback (most recent call last):
  File "C:\Users\Vladimir\AppData\Local\Programs\Python\Python311\Lib\site-packages\flask\app.py", line 1511, in wsgi_app
    response = self.full_dispatch_request()
               ^^^^^^^^^^^^^^^^^^^^^^^^^^^^
  File "C:\Users\Vladimir\AppData\Local\Programs\Python\Python311\Lib\site-packages\flask\app.py", line 919, in full_dispatch_request
    rv = self.handle_user_exception(e)
         ^^^^^^^^^^^^^^^^^^^^^^^^^^^^^
  File "C:\Users\Vladimir\AppData\Local\Programs\Python\Python311\Lib\site-packages\flask\app.py", line 917, in full_dispatch_request
    rv = self.dispatch_request()
         ^^^^^^^^^^^^^^^^^^^^^^^
  File "C:\Users\Vladimir\AppData\Local\Programs\Python\Python311\Lib\site-packages\flask\app.py", line 902, in dispatch_request
    return self.ensure_sync(self.view_functions[rule.endpoint])(**view_args)  # type: ignore[no-any-return]
           ^^^^^^^^^^^^^^^^^^^^^^^^^^^^^^^^^^^^^^^^^^^^^^^^^^^^^^^^^^^^^^^^^
  File "C:\Владимир\FoxDen\web\python\app.py", line 109, in dashboard
    return render_template(
           ^^^^^^^^^^^^^^^^
  File "C:\Users\Vladimir\AppData\Local\Programs\Python\Python311\Lib\site-packages\flask\templating.py", line 150, in render_template
    return _render(app, template, context)
           ^^^^^^^^^^^^^^^^^^^^^^^^^^^^^^^
  File "C:\Users\Vladimir\AppData\Local\Programs\Python\Python311\Lib\site-packages\flask\templating.py", line 131, in _render
    rv = template.render(context)
         ^^^^^^^^^^^^^^^^^^^^^^^^
  File "C:\Users\Vladimir\AppData\Local\Programs\Python\Python311\Lib\site-packages\jinja2\environment.py", line 1301, in render
    self.environment.handle_exception()
  File "C:\Users\Vladimir\AppData\Local\Programs\Python\Python311\Lib\site-packages\jinja2\environment.py", line 936, in handle_exception
    raise rewrite_traceback_stack(source=source)
  File "C:\Владимир\FoxDen\web\python\templates\dashboard.html", line 147, in top-level template code
    {{ "%.3f"|format(device['initial_value']) }}
    ^^^^^^^^^^^^^^^^^^^^^^^^^
  File "C:\Users\Vladimir\AppData\Local\Programs\Python\Python311\Lib\site-packages\jinja2\filters.py", line 1002, in do_format
    return soft_str(value) % (kwargs or args)
           ~~~~~~~~~~~~~~~~^~~~~~~~~~~~~~~~~~
jinja2.exceptions.UndefinedError: 'sqlalchemy.engine.row.Row object' has no attribute 'initial_value'
2025-11-30 19:24:00,819 - werkzeug - INFO - 127.0.0.1 - - [30/Nov/2025 19:24:00] "[35m[1mGET /dashboard HTTP/1.1[0m" 500 -
2025-11-30 19:28:06,709 - root - INFO - Secret key loaded successfully
2025-11-30 19:28:06,727 - werkzeug - INFO - [31m[1mWARNING: This is a development server. Do not use it in a production deployment. Use a production WSGI server instead.[0m
 * Running on http://127.0.0.1:5000
2025-11-30 19:28:06,728 - werkzeug - INFO - [33mPress CTRL+C to quit[0m
2025-11-30 19:28:11,132 - root - INFO - Успешно подключились к БД
2025-11-30 19:28:11,162 - root - INFO - Соединение с БД закрыто
2025-11-30 19:28:11,163 - app - ERROR - Exception on /dashboard [GET]
Traceback (most recent call last):
  File "C:\Users\Vladimir\AppData\Local\Programs\Python\Python311\Lib\site-packages\flask\app.py", line 1511, in wsgi_app
    response = self.full_dispatch_request()
               ^^^^^^^^^^^^^^^^^^^^^^^^^^^^
  File "C:\Users\Vladimir\AppData\Local\Programs\Python\Python311\Lib\site-packages\flask\app.py", line 919, in full_dispatch_request
    rv = self.handle_user_exception(e)
         ^^^^^^^^^^^^^^^^^^^^^^^^^^^^^
  File "C:\Users\Vladimir\AppData\Local\Programs\Python\Python311\Lib\site-packages\flask\app.py", line 917, in full_dispatch_request
    rv = self.dispatch_request()
         ^^^^^^^^^^^^^^^^^^^^^^^
  File "C:\Users\Vladimir\AppData\Local\Programs\Python\Python311\Lib\site-packages\flask\app.py", line 902, in dispatch_request
    return self.ensure_sync(self.view_functions[rule.endpoint])(**view_args)  # type: ignore[no-any-return]
           ^^^^^^^^^^^^^^^^^^^^^^^^^^^^^^^^^^^^^^^^^^^^^^^^^^^^^^^^^^^^^^^^^
  File "C:\Владимир\FoxDen\web\python\app.py", line 109, in dashboard
    return render_template(
           ^^^^^^^^^^^^^^^^
  File "C:\Users\Vladimir\AppData\Local\Programs\Python\Python311\Lib\site-packages\flask\templating.py", line 150, in render_template
    return _render(app, template, context)
           ^^^^^^^^^^^^^^^^^^^^^^^^^^^^^^^
  File "C:\Users\Vladimir\AppData\Local\Programs\Python\Python311\Lib\site-packages\flask\templating.py", line 131, in _render
    rv = template.render(context)
         ^^^^^^^^^^^^^^^^^^^^^^^^
  File "C:\Users\Vladimir\AppData\Local\Programs\Python\Python311\Lib\site-packages\jinja2\environment.py", line 1301, in render
    self.environment.handle_exception()
  File "C:\Users\Vladimir\AppData\Local\Programs\Python\Python311\Lib\site-packages\jinja2\environment.py", line 936, in handle_exception
    raise rewrite_traceback_stack(source=source)
  File "C:\Владимир\FoxDen\web\python\templates\dashboard.html", line 147, in top-level template code
    {{ "%.3f"|format(device.initial_value) }}
    ^^^^^^^^^^^^^^^^^^^^^^^^^
  File "C:\Users\Vladimir\AppData\Local\Programs\Python\Python311\Lib\site-packages\jinja2\filters.py", line 1002, in do_format
    return soft_str(value) % (kwargs or args)
           ~~~~~~~~~~~~~~~~^~~~~~~~~~~~~~~~~~
jinja2.exceptions.UndefinedError: 'sqlalchemy.engine.row.Row object' has no attribute 'initial_value'
2025-11-30 19:28:11,173 - werkzeug - INFO - 127.0.0.1 - - [30/Nov/2025 19:28:11] "[35m[1mGET /dashboard HTTP/1.1[0m" 500 -
2025-11-30 19:28:55,072 - root - INFO - Secret key loaded successfully
2025-11-30 19:28:55,089 - werkzeug - INFO - [31m[1mWARNING: This is a development server. Do not use it in a production deployment. Use a production WSGI server instead.[0m
 * Running on http://127.0.0.1:5000
2025-11-30 19:28:55,090 - werkzeug - INFO - [33mPress CTRL+C to quit[0m
2025-11-30 19:29:01,808 - root - INFO - Успешно подключились к БД
2025-11-30 19:29:01,851 - root - INFO - Соединение с БД закрыто
2025-11-30 19:29:01,853 - werkzeug - INFO - 127.0.0.1 - - [30/Nov/2025 19:29:01] "GET /dashboard HTTP/1.1" 200 -
2025-11-30 19:29:01,948 - werkzeug - INFO - 127.0.0.1 - - [30/Nov/2025 19:29:01] "[36mGET /static/style.css HTTP/1.1[0m" 304 -
2025-11-30 19:30:11,330 - root - INFO - Успешно подключились к БД
2025-11-30 19:30:11,349 - root - INFO - Соединение с БД закрыто
2025-11-30 19:30:11,350 - werkzeug - INFO - 127.0.0.1 - - [30/Nov/2025 19:30:11] "GET /dashboard HTTP/1.1" 200 -
2025-11-30 19:30:11,474 - werkzeug - INFO - 127.0.0.1 - - [30/Nov/2025 19:30:11] "[36mGET /static/style.css HTTP/1.1[0m" 304 -
2025-11-30 19:30:13,854 - root - INFO - Успешно подключились к БД
2025-11-30 19:30:13,869 - root - INFO - Соединение с БД закрыто
2025-11-30 19:30:13,870 - werkzeug - INFO - 127.0.0.1 - - [30/Nov/2025 19:30:13] "GET /dashboard HTTP/1.1" 200 -
2025-11-30 19:30:13,950 - werkzeug - INFO - 127.0.0.1 - - [30/Nov/2025 19:30:13] "[36mGET /static/style.css HTTP/1.1[0m" 304 -
2025-11-30 19:30:17,003 - root - INFO - User alisichkin logged out
2025-11-30 19:30:17,005 - werkzeug - INFO - 127.0.0.1 - - [30/Nov/2025 19:30:17] "[32mGET /logout HTTP/1.1[0m" 302 -
2025-11-30 19:30:17,055 - werkzeug - INFO - 127.0.0.1 - - [30/Nov/2025 19:30:17] "GET / HTTP/1.1" 200 -
2025-11-30 19:30:17,147 - werkzeug - INFO - 127.0.0.1 - - [30/Nov/2025 19:30:17] "[36mGET /static/style.css HTTP/1.1[0m" 304 -
2025-11-30 19:30:18,936 - root - INFO - Успешно подключились к БД
2025-11-30 19:30:18,952 - root - INFO - User alisichkin successfully logged in
2025-11-30 19:30:18,954 - root - INFO - Соединение с БД закрыто
2025-11-30 19:30:18,959 - werkzeug - INFO - 127.0.0.1 - - [30/Nov/2025 19:30:18] "[32mPOST /login HTTP/1.1[0m" 302 -
2025-11-30 19:30:18,995 - werkzeug - INFO - 127.0.0.1 - - [30/Nov/2025 19:30:18] "GET / HTTP/1.1" 200 -
2025-11-30 19:30:19,070 - werkzeug - INFO - 127.0.0.1 - - [30/Nov/2025 19:30:19] "[36mGET /static/style.css HTTP/1.1[0m" 304 -
2025-11-30 19:30:20,700 - root - INFO - Успешно подключились к БД
2025-11-30 19:30:20,719 - root - INFO - Соединение с БД закрыто
2025-11-30 19:30:20,724 - werkzeug - INFO - 127.0.0.1 - - [30/Nov/2025 19:30:20] "GET /dashboard HTTP/1.1" 200 -
2025-11-30 19:30:20,837 - werkzeug - INFO - 127.0.0.1 - - [30/Nov/2025 19:30:20] "[36mGET /static/style.css HTTP/1.1[0m" 304 -
2025-11-30 19:30:24,117 - root - INFO - User alisichkin logged out
2025-11-30 19:30:24,125 - werkzeug - INFO - 127.0.0.1 - - [30/Nov/2025 19:30:24] "[32mGET /logout HTTP/1.1[0m" 302 -
2025-11-30 19:30:24,165 - werkzeug - INFO - 127.0.0.1 - - [30/Nov/2025 19:30:24] "GET / HTTP/1.1" 200 -
2025-11-30 19:30:24,264 - werkzeug - INFO - 127.0.0.1 - - [30/Nov/2025 19:30:24] "[36mGET /static/style.css HTTP/1.1[0m" 304 -
2025-11-30 19:30:26,397 - root - INFO - Успешно подключились к БД
2025-11-30 19:30:26,414 - root - INFO - User alisichkin successfully logged in
2025-11-30 19:30:26,418 - root - INFO - Соединение с БД закрыто
2025-11-30 19:30:26,421 - werkzeug - INFO - 127.0.0.1 - - [30/Nov/2025 19:30:26] "[32mPOST /login HTTP/1.1[0m" 302 -
2025-11-30 19:30:26,464 - werkzeug - INFO - 127.0.0.1 - - [30/Nov/2025 19:30:26] "GET / HTTP/1.1" 200 -
2025-11-30 19:30:26,544 - werkzeug - INFO - 127.0.0.1 - - [30/Nov/2025 19:30:26] "[36mGET /static/style.css HTTP/1.1[0m" 304 -
2025-11-30 19:30:28,266 - root - INFO - Успешно подключились к БД
2025-11-30 19:30:28,292 - root - INFO - Соединение с БД закрыто
2025-11-30 19:30:28,301 - werkzeug - INFO - 127.0.0.1 - - [30/Nov/2025 19:30:28] "GET /dashboard HTTP/1.1" 200 -
2025-11-30 19:30:28,439 - werkzeug - INFO - 127.0.0.1 - - [30/Nov/2025 19:30:28] "[36mGET /static/style.css HTTP/1.1[0m" 304 -
2025-11-30 19:32:59,373 - root - INFO - Успешно подключились к БД
2025-11-30 19:32:59,394 - root - INFO - Соединение с БД закрыто
2025-11-30 19:32:59,398 - werkzeug - INFO - 127.0.0.1 - - [30/Nov/2025 19:32:59] "GET /dashboard HTTP/1.1" 200 -
2025-11-30 19:32:59,499 - werkzeug - INFO - 127.0.0.1 - - [30/Nov/2025 19:32:59] "[36mGET /static/style.css HTTP/1.1[0m" 304 -
2025-11-30 19:33:01,134 - root - INFO - Успешно подключились к БД
2025-11-30 19:33:01,161 - root - INFO - Соединение с БД закрыто
2025-11-30 19:33:01,167 - werkzeug - INFO - 127.0.0.1 - - [30/Nov/2025 19:33:01] "GET /dashboard HTTP/1.1" 200 -
2025-11-30 19:33:01,259 - werkzeug - INFO - 127.0.0.1 - - [30/Nov/2025 19:33:01] "[36mGET /static/style.css HTTP/1.1[0m" 304 -
2025-11-30 19:33:03,391 - root - INFO - Успешно подключились к БД
2025-11-30 19:33:03,415 - root - INFO - Соединение с БД закрыто
2025-11-30 19:33:03,419 - werkzeug - INFO - 127.0.0.1 - - [30/Nov/2025 19:33:03] "GET /dashboard HTTP/1.1" 200 -
2025-11-30 19:33:03,517 - werkzeug - INFO - 127.0.0.1 - - [30/Nov/2025 19:33:03] "[36mGET /static/style.css HTTP/1.1[0m" 304 -
2025-11-30 19:33:05,154 - root - INFO - Успешно подключились к БД
2025-11-30 19:33:05,177 - root - INFO - Соединение с БД закрыто
2025-11-30 19:33:05,180 - werkzeug - INFO - 127.0.0.1 - - [30/Nov/2025 19:33:05] "GET /dashboard HTTP/1.1" 200 -
2025-11-30 19:33:05,299 - werkzeug - INFO - 127.0.0.1 - - [30/Nov/2025 19:33:05] "[36mGET /static/style.css HTTP/1.1[0m" 304 -
2025-11-30 19:33:16,104 - root - INFO - Успешно подключились к БД
2025-11-30 19:33:16,125 - root - INFO - Соединение с БД закрыто
2025-11-30 19:33:16,127 - werkzeug - INFO - 127.0.0.1 - - [30/Nov/2025 19:33:16] "GET /dashboard HTTP/1.1" 200 -
2025-11-30 19:33:16,206 - werkzeug - INFO - 127.0.0.1 - - [30/Nov/2025 19:33:16] "[36mGET /static/style.css HTTP/1.1[0m" 304 -
2025-11-30 19:33:17,690 - root - INFO - Успешно подключились к БД
2025-11-30 19:33:17,714 - root - INFO - Соединение с БД закрыто
2025-11-30 19:33:17,721 - werkzeug - INFO - 127.0.0.1 - - [30/Nov/2025 19:33:17] "GET /dashboard HTTP/1.1" 200 -
2025-11-30 19:33:17,811 - werkzeug - INFO - 127.0.0.1 - - [30/Nov/2025 19:33:17] "[36mGET /static/style.css HTTP/1.1[0m" 304 -
2025-11-30 19:34:12,121 - werkzeug - INFO - 127.0.0.1 - - [30/Nov/2025 19:34:12] "GET / HTTP/1.1" 200 -
2025-11-30 19:34:12,232 - werkzeug - INFO - 127.0.0.1 - - [30/Nov/2025 19:34:12] "[36mGET /static/style.css HTTP/1.1[0m" 304 -
2025-11-30 19:34:14,423 - root - INFO - User alisichkin logged out
2025-11-30 19:34:14,432 - werkzeug - INFO - 127.0.0.1 - - [30/Nov/2025 19:34:14] "[32mGET /logout HTTP/1.1[0m" 302 -
2025-11-30 19:34:14,472 - werkzeug - INFO - 127.0.0.1 - - [30/Nov/2025 19:34:14] "GET / HTTP/1.1" 200 -
2025-11-30 19:34:14,564 - werkzeug - INFO - 127.0.0.1 - - [30/Nov/2025 19:34:14] "[36mGET /static/style.css HTTP/1.1[0m" 304 -
2025-11-30 19:34:21,179 - root - INFO - Успешно подключились к БД
2025-11-30 19:34:21,196 - root - INFO - User alisichkin successfully logged in
2025-11-30 19:34:21,199 - root - INFO - Соединение с БД закрыто
2025-11-30 19:34:21,205 - werkzeug - INFO - 127.0.0.1 - - [30/Nov/2025 19:34:21] "[32mPOST /login HTTP/1.1[0m" 302 -
2025-11-30 19:34:21,234 - werkzeug - INFO - 127.0.0.1 - - [30/Nov/2025 19:34:21] "GET / HTTP/1.1" 200 -
2025-11-30 19:34:21,319 - werkzeug - INFO - 127.0.0.1 - - [30/Nov/2025 19:34:21] "[36mGET /static/style.css HTTP/1.1[0m" 304 -
2025-11-30 19:34:29,266 - root - INFO - Успешно подключились к БД
2025-11-30 19:34:29,283 - root - INFO - Соединение с БД закрыто
2025-11-30 19:34:29,285 - werkzeug - INFO - 127.0.0.1 - - [30/Nov/2025 19:34:29] "GET /dashboard HTTP/1.1" 200 -
2025-11-30 19:34:29,413 - werkzeug - INFO - 127.0.0.1 - - [30/Nov/2025 19:34:29] "[36mGET /static/style.css HTTP/1.1[0m" 304 -
2025-12-06 22:07:14,230 - root - INFO - Secret key loaded successfully
2025-12-06 22:07:14,296 - werkzeug - INFO - [31m[1mWARNING: This is a development server. Do not use it in a production deployment. Use a production WSGI server instead.[0m
 * Running on http://127.0.0.1:5000
2025-12-06 22:07:14,297 - werkzeug - INFO - [33mPress CTRL+C to quit[0m
2025-12-06 22:07:35,379 - werkzeug - INFO - 127.0.0.1 - - [06/Dec/2025 22:07:35] "GET / HTTP/1.1" 200 -
2025-12-06 22:07:35,502 - werkzeug - INFO - 127.0.0.1 - - [06/Dec/2025 22:07:35] "[36mGET /static/style.css HTTP/1.1[0m" 304 -
2025-12-06 22:08:03,236 - root - INFO - Успешно подключились к БД
2025-12-06 22:08:03,254 - root - INFO - User alisichkin successfully logged in
2025-12-06 22:08:03,255 - root - INFO - Соединение с БД закрыто
2025-12-06 22:08:03,257 - werkzeug - INFO - 127.0.0.1 - - [06/Dec/2025 22:08:03] "[32mPOST /login HTTP/1.1[0m" 302 -
2025-12-06 22:08:03,277 - werkzeug - INFO - 127.0.0.1 - - [06/Dec/2025 22:08:03] "GET / HTTP/1.1" 200 -
2025-12-06 22:08:03,315 - werkzeug - INFO - 127.0.0.1 - - [06/Dec/2025 22:08:03] "[36mGET /static/style.css HTTP/1.1[0m" 304 -
2025-12-06 22:08:05,402 - root - INFO - Успешно подключились к БД
2025-12-06 22:08:05,566 - root - INFO - Соединение с БД закрыто
2025-12-06 22:08:05,567 - werkzeug - INFO - 127.0.0.1 - - [06/Dec/2025 22:08:05] "GET /dashboard HTTP/1.1" 200 -
2025-12-06 22:08:05,618 - werkzeug - INFO - 127.0.0.1 - - [06/Dec/2025 22:08:05] "[36mGET /static/style.css HTTP/1.1[0m" 304 -
2025-12-07 14:42:50,120 - root - INFO - Secret key loaded successfully
2025-12-07 14:42:50,146 - werkzeug - INFO - [31m[1mWARNING: This is a development server. Do not use it in a production deployment. Use a production WSGI server instead.[0m
 * Running on http://192.168.1.15:5000
2025-12-07 14:42:50,147 - werkzeug - INFO - [33mPress CTRL+C to quit[0m
2025-12-07 14:44:35,038 - root - INFO - Secret key loaded successfully
2025-12-07 14:44:35,056 - werkzeug - INFO - [31m[1mWARNING: This is a development server. Do not use it in a production deployment. Use a production WSGI server instead.[0m
 * Running on http://192.168.1.15:5000
2025-12-07 14:44:35,057 - werkzeug - INFO - [33mPress CTRL+C to quit[0m
2025-12-07 14:44:49,119 - werkzeug - INFO - 192.168.1.15 - - [07/Dec/2025 14:44:49] "GET / HTTP/1.1" 200 -
2025-12-07 14:44:49,257 - werkzeug - INFO - 192.168.1.15 - - [07/Dec/2025 14:44:49] "GET /static/style.css HTTP/1.1" 200 -
2025-12-07 14:44:49,331 - werkzeug - INFO - 192.168.1.15 - - [07/Dec/2025 14:44:49] "[33mGET /favicon.ico HTTP/1.1[0m" 404 -
2025-12-07 14:46:11,986 - root - INFO - Успешно подключились к БД
2025-12-07 14:46:12,002 - root - INFO - User alisichkin successfully logged in
2025-12-07 14:46:12,003 - root - INFO - Соединение с БД закрыто
2025-12-07 14:46:12,004 - werkzeug - INFO - 192.168.1.15 - - [07/Dec/2025 14:46:12] "[32mPOST /login HTTP/1.1[0m" 302 -
2025-12-07 14:46:12,031 - werkzeug - INFO - 192.168.1.15 - - [07/Dec/2025 14:46:12] "GET / HTTP/1.1" 200 -
2025-12-07 14:46:12,090 - werkzeug - INFO - 192.168.1.15 - - [07/Dec/2025 14:46:12] "[36mGET /static/style.css HTTP/1.1[0m" 304 -
2025-12-07 14:46:16,107 - root - INFO - Успешно подключились к БД
2025-12-07 14:46:16,149 - root - INFO - Соединение с БД закрыто
2025-12-07 14:46:16,151 - werkzeug - INFO - 192.168.1.15 - - [07/Dec/2025 14:46:16] "GET /dashboard HTTP/1.1" 200 -
2025-12-07 14:46:16,208 - werkzeug - INFO - 192.168.1.15 - - [07/Dec/2025 14:46:16] "[36mGET /static/style.css HTTP/1.1[0m" 304 -
2025-12-07 14:51:22,380 - werkzeug - INFO - 192.168.1.15 - - [07/Dec/2025 14:51:22] "GET / HTTP/1.1" 200 -
2025-12-07 14:51:22,529 - werkzeug - INFO - 192.168.1.15 - - [07/Dec/2025 14:51:22] "GET /static/style.css HTTP/1.1" 200 -
2025-12-07 14:51:27,881 - root - INFO - Успешно подключились к БД
2025-12-07 14:51:27,900 - root - INFO - Соединение с БД закрыто
2025-12-07 14:51:27,905 - werkzeug - INFO - 192.168.1.15 - - [07/Dec/2025 14:51:27] "GET /dashboard HTTP/1.1" 200 -
2025-12-07 14:51:28,020 - werkzeug - INFO - 192.168.1.15 - - [07/Dec/2025 14:51:28] "[36mGET /static/style.css HTTP/1.1[0m" 304 -
2025-12-07 14:53:21,461 - root - INFO - Secret key loaded successfully
2025-12-07 14:53:21,506 - werkzeug - INFO - [31m[1mWARNING: This is a development server. Do not use it in a production deployment. Use a production WSGI server instead.[0m
 * Running on http://192.168.1.15:5000
2025-12-07 14:53:21,509 - werkzeug - INFO - [33mPress CTRL+C to quit[0m
2025-12-07 14:53:26,875 - root - INFO - Успешно подключились к БД
2025-12-07 14:53:26,941 - root - INFO - Соединение с БД закрыто
2025-12-07 14:53:26,944 - app - ERROR - Exception on /dashboard [GET]
Traceback (most recent call last):
  File "C:\Users\Vladimir\AppData\Local\Programs\Python\Python311\Lib\site-packages\flask\app.py", line 1511, in wsgi_app
    response = self.full_dispatch_request()
               ^^^^^^^^^^^^^^^^^^^^^^^^^^^^
  File "C:\Users\Vladimir\AppData\Local\Programs\Python\Python311\Lib\site-packages\flask\app.py", line 919, in full_dispatch_request
    rv = self.handle_user_exception(e)
         ^^^^^^^^^^^^^^^^^^^^^^^^^^^^^
  File "C:\Users\Vladimir\AppData\Local\Programs\Python\Python311\Lib\site-packages\flask\app.py", line 917, in full_dispatch_request
    rv = self.dispatch_request()
         ^^^^^^^^^^^^^^^^^^^^^^^
  File "C:\Users\Vladimir\AppData\Local\Programs\Python\Python311\Lib\site-packages\flask\app.py", line 902, in dispatch_request
    return self.ensure_sync(self.view_functions[rule.endpoint])(**view_args)  # type: ignore[no-any-return]
           ^^^^^^^^^^^^^^^^^^^^^^^^^^^^^^^^^^^^^^^^^^^^^^^^^^^^^^^^^^^^^^^^^
  File "C:\Владимир\FoxDen\web\python\app.py", line 109, in dashboard
    return render_template(
           ^^^^^^^^^^^^^^^^
  File "C:\Users\Vladimir\AppData\Local\Programs\Python\Python311\Lib\site-packages\flask\templating.py", line 150, in render_template
    return _render(app, template, context)
           ^^^^^^^^^^^^^^^^^^^^^^^^^^^^^^^
  File "C:\Users\Vladimir\AppData\Local\Programs\Python\Python311\Lib\site-packages\flask\templating.py", line 131, in _render
    rv = template.render(context)
         ^^^^^^^^^^^^^^^^^^^^^^^^
  File "C:\Users\Vladimir\AppData\Local\Programs\Python\Python311\Lib\site-packages\jinja2\environment.py", line 1301, in render
    self.environment.handle_exception()
  File "C:\Users\Vladimir\AppData\Local\Programs\Python\Python311\Lib\site-packages\jinja2\environment.py", line 936, in handle_exception
    raise rewrite_traceback_stack(source=source)
  File "C:\Владимир\FoxDen\web\python\templates\dashboard.html", line 224, in top-level template code
    {{ "%.3f"|format(device.initial_value) }}
    ^^^^^^^^^^^^^^^^^^^^^^^^^
  File "C:\Users\Vladimir\AppData\Local\Programs\Python\Python311\Lib\site-packages\jinja2\filters.py", line 1002, in do_format
    return soft_str(value) % (kwargs or args)
           ~~~~~~~~~~~~~~~~^~~~~~~~~~~~~~~~~~
jinja2.exceptions.UndefinedError: 'sqlalchemy.engine.row.Row object' has no attribute 'initial_value'
2025-12-07 14:53:27,050 - werkzeug - INFO - 192.168.1.15 - - [07/Dec/2025 14:53:27] "[35m[1mGET /dashboard HTTP/1.1[0m" 500 -
2025-12-07 14:58:59,514 - root - INFO - Secret key loaded successfully
2025-12-07 14:58:59,546 - werkzeug - INFO - [31m[1mWARNING: This is a development server. Do not use it in a production deployment. Use a production WSGI server instead.[0m
 * Running on http://192.168.1.15:5000
2025-12-07 14:58:59,546 - werkzeug - INFO - [33mPress CTRL+C to quit[0m
2025-12-07 14:59:08,604 - root - INFO - Успешно подключились к БД
2025-12-07 14:59:08,683 - root - INFO - Соединение с БД закрыто
2025-12-07 14:59:08,686 - werkzeug - INFO - 192.168.1.15 - - [07/Dec/2025 14:59:08] "GET /dashboard HTTP/1.1" 200 -
2025-12-07 14:59:08,885 - werkzeug - INFO - 192.168.1.15 - - [07/Dec/2025 14:59:08] "[36mGET /static/style.css HTTP/1.1[0m" 304 -
2025-12-07 15:12:12,752 - root - INFO - Secret key loaded successfully
2025-12-07 15:12:12,787 - werkzeug - INFO - [31m[1mWARNING: This is a development server. Do not use it in a production deployment. Use a production WSGI server instead.[0m
 * Running on http://192.168.1.15:5000
2025-12-07 15:12:12,789 - werkzeug - INFO - [33mPress CTRL+C to quit[0m
2025-12-07 15:12:20,874 - root - INFO - Успешно подключились к БД
2025-12-07 15:12:20,949 - root - INFO - Соединение с БД закрыто
2025-12-07 15:12:20,951 - werkzeug - INFO - 192.168.1.15 - - [07/Dec/2025 15:12:20] "GET /dashboard HTTP/1.1" 200 -
2025-12-07 15:12:21,144 - werkzeug - INFO - 192.168.1.15 - - [07/Dec/2025 15:12:21] "[36mGET /static/style.css HTTP/1.1[0m" 304 -
2025-12-07 15:13:45,160 - root - INFO - Успешно подключились к БД
2025-12-07 15:13:45,184 - root - INFO - Соединение с БД закрыто
2025-12-07 15:13:45,187 - werkzeug - INFO - 192.168.1.15 - - [07/Dec/2025 15:13:45] "GET /dashboard HTTP/1.1" 200 -
2025-12-07 15:13:45,300 - werkzeug - INFO - 192.168.1.15 - - [07/Dec/2025 15:13:45] "[36mGET /static/style.css HTTP/1.1[0m" 304 -
2025-12-07 15:13:48,651 - root - INFO - Успешно подключились к БД
2025-12-07 15:13:48,667 - root - INFO - Соединение с БД закрыто
2025-12-07 15:13:48,668 - werkzeug - INFO - 192.168.1.15 - - [07/Dec/2025 15:13:48] "GET /dashboard HTTP/1.1" 200 -
2025-12-07 15:13:48,748 - werkzeug - INFO - 192.168.1.15 - - [07/Dec/2025 15:13:48] "[36mGET /static/style.css HTTP/1.1[0m" 304 -
2025-12-07 15:13:49,783 - root - INFO - Успешно подключились к БД
2025-12-07 15:13:49,800 - root - INFO - Соединение с БД закрыто
2025-12-07 15:13:49,803 - werkzeug - INFO - 192.168.1.15 - - [07/Dec/2025 15:13:49] "GET /dashboard HTTP/1.1" 200 -
2025-12-07 15:13:49,889 - werkzeug - INFO - 192.168.1.15 - - [07/Dec/2025 15:13:49] "[36mGET /static/style.css HTTP/1.1[0m" 304 -
2025-12-07 16:03:15,551 - root - INFO - Secret key loaded successfully
2025-12-07 16:03:15,588 - werkzeug - INFO - [31m[1mWARNING: This is a development server. Do not use it in a production deployment. Use a production WSGI server instead.[0m
 * Running on http://192.168.1.15:5000
2025-12-07 16:03:15,590 - werkzeug - INFO - [33mPress CTRL+C to quit[0m
2025-12-07 16:03:21,411 - root - INFO - Успешно подключились к БД
2025-12-07 16:03:21,424 - root - ERROR - Database error in dashboard: (psycopg2.errors.UndefinedColumn) ОШИБКА:  столбец "initial_value" не существует
LINE 2:             SELECT id, serial_number, initial_value 
                                              ^

[SQL: 
            SELECT id, serial_number, initial_value 
            FROM public.devices 
            ORDER BY serial_number
        ]
(Background on this error at: https://sqlalche.me/e/20/f405)
2025-12-07 16:03:21,484 - root - INFO - Соединение с БД закрыто
2025-12-07 16:03:21,488 - werkzeug - INFO - 192.168.1.15 - - [07/Dec/2025 16:03:21] "GET /dashboard HTTP/1.1" 200 -
2025-12-07 16:03:21,707 - werkzeug - INFO - 192.168.1.15 - - [07/Dec/2025 16:03:21] "[36mGET /static/style.css HTTP/1.1[0m" 304 -
2025-12-07 16:03:41,436 - root - INFO - Secret key loaded successfully
2025-12-07 16:03:41,480 - werkzeug - INFO - [31m[1mWARNING: This is a development server. Do not use it in a production deployment. Use a production WSGI server instead.[0m
 * Running on http://192.168.1.15:5000
2025-12-07 16:03:41,485 - werkzeug - INFO - [33mPress CTRL+C to quit[0m
2025-12-07 16:03:46,536 - root - INFO - Успешно подключились к БД
2025-12-07 16:03:46,610 - root - INFO - Соединение с БД закрыто
2025-12-07 16:03:46,615 - werkzeug - INFO - 192.168.1.15 - - [07/Dec/2025 16:03:46] "GET /dashboard HTTP/1.1" 200 -
2025-12-07 16:03:46,776 - werkzeug - INFO - 192.168.1.15 - - [07/Dec/2025 16:03:46] "[36mGET /static/style.css HTTP/1.1[0m" 304 -
2025-12-07 17:20:38,246 - root - INFO - Secret key loaded successfully
2025-12-07 17:20:38,269 - werkzeug - INFO - [31m[1mWARNING: This is a development server. Do not use it in a production deployment. Use a production WSGI server instead.[0m
 * Running on http://192.168.1.15:5000
2025-12-07 17:20:38,269 - werkzeug - INFO - [33mPress CTRL+C to quit[0m
2025-12-07 17:21:31,880 - werkzeug - INFO - 192.168.1.15 - - [07/Dec/2025 17:21:31] "GET / HTTP/1.1" 200 -
2025-12-07 17:21:32,047 - werkzeug - INFO - 192.168.1.15 - - [07/Dec/2025 17:21:32] "[36mGET /static/style.css HTTP/1.1[0m" 304 -
2025-12-07 17:21:34,104 - root - INFO - Успешно подключились к БД
2025-12-07 17:21:34,140 - root - INFO - Соединение с БД закрыто
2025-12-07 17:21:34,141 - werkzeug - INFO - 192.168.1.15 - - [07/Dec/2025 17:21:34] "GET /dashboard HTTP/1.1" 200 -
2025-12-07 17:21:34,204 - werkzeug - INFO - 192.168.1.15 - - [07/Dec/2025 17:21:34] "[36mGET /static/style.css HTTP/1.1[0m" 304 -
2025-12-07 17:26:38,139 - root - INFO - Secret key loaded successfully
2025-12-07 17:26:38,163 - werkzeug - INFO - [31m[1mWARNING: This is a development server. Do not use it in a production deployment. Use a production WSGI server instead.[0m
 * Running on http://192.168.1.15:5000
2025-12-07 17:26:38,164 - werkzeug - INFO - [33mPress CTRL+C to quit[0m
2025-12-07 17:26:41,138 - root - INFO - Успешно подключились к БД
2025-12-07 17:26:41,188 - root - INFO - Соединение с БД закрыто
2025-12-07 17:26:41,189 - app - ERROR - Exception on /dashboard [GET]
Traceback (most recent call last):
  File "C:\Users\Vladimir\AppData\Local\Programs\Python\Python311\Lib\site-packages\flask\app.py", line 1511, in wsgi_app
    response = self.full_dispatch_request()
               ^^^^^^^^^^^^^^^^^^^^^^^^^^^^
  File "C:\Users\Vladimir\AppData\Local\Programs\Python\Python311\Lib\site-packages\flask\app.py", line 919, in full_dispatch_request
    rv = self.handle_user_exception(e)
         ^^^^^^^^^^^^^^^^^^^^^^^^^^^^^
  File "C:\Users\Vladimir\AppData\Local\Programs\Python\Python311\Lib\site-packages\flask\app.py", line 917, in full_dispatch_request
    rv = self.dispatch_request()
         ^^^^^^^^^^^^^^^^^^^^^^^
  File "C:\Users\Vladimir\AppData\Local\Programs\Python\Python311\Lib\site-packages\flask\app.py", line 902, in dispatch_request
    return self.ensure_sync(self.view_functions[rule.endpoint])(**view_args)  # type: ignore[no-any-return]
           ^^^^^^^^^^^^^^^^^^^^^^^^^^^^^^^^^^^^^^^^^^^^^^^^^^^^^^^^^^^^^^^^^
  File "C:\Владимир\FoxDen\web\python\app.py", line 109, in dashboard
    return render_template(
           ^^^^^^^^^^^^^^^^
  File "C:\Users\Vladimir\AppData\Local\Programs\Python\Python311\Lib\site-packages\flask\templating.py", line 150, in render_template
    return _render(app, template, context)
           ^^^^^^^^^^^^^^^^^^^^^^^^^^^^^^^
  File "C:\Users\Vladimir\AppData\Local\Programs\Python\Python311\Lib\site-packages\flask\templating.py", line 131, in _render
    rv = template.render(context)
         ^^^^^^^^^^^^^^^^^^^^^^^^
  File "C:\Users\Vladimir\AppData\Local\Programs\Python\Python311\Lib\site-packages\jinja2\environment.py", line 1301, in render
    self.environment.handle_exception()
  File "C:\Users\Vladimir\AppData\Local\Programs\Python\Python311\Lib\site-packages\jinja2\environment.py", line 936, in handle_exception
    raise rewrite_traceback_stack(source=source)
  File "C:\Владимир\FoxDen\web\python\templates\dashboard.html", line 188, in top-level template code
    {{ "%.3f"|format(initial_value) }}
    ^^^^^^^^^^^^^^^^^^^^^^^^^
  File "C:\Users\Vladimir\AppData\Local\Programs\Python\Python311\Lib\site-packages\jinja2\filters.py", line 1002, in do_format
    return soft_str(value) % (kwargs or args)
           ~~~~~~~~~~~~~~~~^~~~~~~~~~~~~~~~~~
TypeError: must be real number, not str
2025-12-07 17:26:41,198 - werkzeug - INFO - 192.168.1.15 - - [07/Dec/2025 17:26:41] "[35m[1mGET /dashboard HTTP/1.1[0m" 500 -
2025-12-07 17:26:42,628 - root - INFO - Успешно подключились к БД
2025-12-07 17:26:42,637 - root - INFO - Соединение с БД закрыто
2025-12-07 17:26:42,638 - app - ERROR - Exception on /dashboard [GET]
Traceback (most recent call last):
  File "C:\Users\Vladimir\AppData\Local\Programs\Python\Python311\Lib\site-packages\flask\app.py", line 1511, in wsgi_app
    response = self.full_dispatch_request()
               ^^^^^^^^^^^^^^^^^^^^^^^^^^^^
  File "C:\Users\Vladimir\AppData\Local\Programs\Python\Python311\Lib\site-packages\flask\app.py", line 919, in full_dispatch_request
    rv = self.handle_user_exception(e)
         ^^^^^^^^^^^^^^^^^^^^^^^^^^^^^
  File "C:\Users\Vladimir\AppData\Local\Programs\Python\Python311\Lib\site-packages\flask\app.py", line 917, in full_dispatch_request
    rv = self.dispatch_request()
         ^^^^^^^^^^^^^^^^^^^^^^^
  File "C:\Users\Vladimir\AppData\Local\Programs\Python\Python311\Lib\site-packages\flask\app.py", line 902, in dispatch_request
    return self.ensure_sync(self.view_functions[rule.endpoint])(**view_args)  # type: ignore[no-any-return]
           ^^^^^^^^^^^^^^^^^^^^^^^^^^^^^^^^^^^^^^^^^^^^^^^^^^^^^^^^^^^^^^^^^
  File "C:\Владимир\FoxDen\web\python\app.py", line 109, in dashboard
    return render_template(
           ^^^^^^^^^^^^^^^^
  File "C:\Users\Vladimir\AppData\Local\Programs\Python\Python311\Lib\site-packages\flask\templating.py", line 150, in render_template
    return _render(app, template, context)
           ^^^^^^^^^^^^^^^^^^^^^^^^^^^^^^^
  File "C:\Users\Vladimir\AppData\Local\Programs\Python\Python311\Lib\site-packages\flask\templating.py", line 131, in _render
    rv = template.render(context)
         ^^^^^^^^^^^^^^^^^^^^^^^^
  File "C:\Users\Vladimir\AppData\Local\Programs\Python\Python311\Lib\site-packages\jinja2\environment.py", line 1301, in render
    self.environment.handle_exception()
  File "C:\Users\Vladimir\AppData\Local\Programs\Python\Python311\Lib\site-packages\jinja2\environment.py", line 936, in handle_exception
    raise rewrite_traceback_stack(source=source)
  File "C:\Владимир\FoxDen\web\python\templates\dashboard.html", line 188, in top-level template code
    {{ "%.3f"|format(initial_value) }}
    ^^^^^^^^^^^^^^^^^^^^^^^^^
  File "C:\Users\Vladimir\AppData\Local\Programs\Python\Python311\Lib\site-packages\jinja2\filters.py", line 1002, in do_format
    return soft_str(value) % (kwargs or args)
           ~~~~~~~~~~~~~~~~^~~~~~~~~~~~~~~~~~
TypeError: must be real number, not str
2025-12-07 17:26:42,641 - werkzeug - INFO - 192.168.1.15 - - [07/Dec/2025 17:26:42] "[35m[1mGET /dashboard HTTP/1.1[0m" 500 -
2025-12-07 17:32:02,047 - root - INFO - Secret key loaded successfully
2025-12-07 17:32:02,066 - werkzeug - INFO - [31m[1mWARNING: This is a development server. Do not use it in a production deployment. Use a production WSGI server instead.[0m
 * Running on http://192.168.1.15:5000
2025-12-07 17:32:02,067 - werkzeug - INFO - [33mPress CTRL+C to quit[0m
2025-12-07 17:32:06,097 - root - INFO - Успешно подключились к БД
2025-12-07 17:32:06,122 - root - INFO - Соединение с БД закрыто
2025-12-07 17:32:06,122 - app - ERROR - Exception on /dashboard [GET]
Traceback (most recent call last):
  File "C:\Users\Vladimir\AppData\Local\Programs\Python\Python311\Lib\site-packages\flask\app.py", line 1511, in wsgi_app
    response = self.full_dispatch_request()
               ^^^^^^^^^^^^^^^^^^^^^^^^^^^^
  File "C:\Users\Vladimir\AppData\Local\Programs\Python\Python311\Lib\site-packages\flask\app.py", line 919, in full_dispatch_request
    rv = self.handle_user_exception(e)
         ^^^^^^^^^^^^^^^^^^^^^^^^^^^^^
  File "C:\Users\Vladimir\AppData\Local\Programs\Python\Python311\Lib\site-packages\flask\app.py", line 917, in full_dispatch_request
    rv = self.dispatch_request()
         ^^^^^^^^^^^^^^^^^^^^^^^
  File "C:\Users\Vladimir\AppData\Local\Programs\Python\Python311\Lib\site-packages\flask\app.py", line 902, in dispatch_request
    return self.ensure_sync(self.view_functions[rule.endpoint])(**view_args)  # type: ignore[no-any-return]
           ^^^^^^^^^^^^^^^^^^^^^^^^^^^^^^^^^^^^^^^^^^^^^^^^^^^^^^^^^^^^^^^^^
  File "C:\Владимир\FoxDen\web\python\app.py", line 109, in dashboard
    return render_template(
           ^^^^^^^^^^^^^^^^
  File "C:\Users\Vladimir\AppData\Local\Programs\Python\Python311\Lib\site-packages\flask\templating.py", line 150, in render_template
    return _render(app, template, context)
           ^^^^^^^^^^^^^^^^^^^^^^^^^^^^^^^
  File "C:\Users\Vladimir\AppData\Local\Programs\Python\Python311\Lib\site-packages\flask\templating.py", line 131, in _render
    rv = template.render(context)
         ^^^^^^^^^^^^^^^^^^^^^^^^
  File "C:\Users\Vladimir\AppData\Local\Programs\Python\Python311\Lib\site-packages\jinja2\environment.py", line 1301, in render
    self.environment.handle_exception()
  File "C:\Users\Vladimir\AppData\Local\Programs\Python\Python311\Lib\site-packages\jinja2\environment.py", line 936, in handle_exception
    raise rewrite_traceback_stack(source=source)
  File "C:\Владимир\FoxDen\web\python\templates\dashboard.html", line 186, in top-level template code
    {{ "%.3f"|format(device.initial_value|float) }}
    ^^^^^^^^^^^^^^^^^^^^^^^^^
  File "C:\Users\Vladimir\AppData\Local\Programs\Python\Python311\Lib\site-packages\jinja2\filters.py", line 972, in do_float
    return float(value)
           ^^^^^^^^^^^^
jinja2.exceptions.UndefinedError: 'sqlalchemy.engine.row.Row object' has no attribute 'initial_value'
2025-12-07 17:32:06,129 - werkzeug - INFO - 192.168.1.15 - - [07/Dec/2025 17:32:06] "[35m[1mGET /dashboard HTTP/1.1[0m" 500 -
2025-12-07 17:34:03,299 - root - INFO - Secret key loaded successfully
2025-12-07 17:34:03,319 - werkzeug - INFO - [31m[1mWARNING: This is a development server. Do not use it in a production deployment. Use a production WSGI server instead.[0m
 * Running on http://192.168.1.15:5000
2025-12-07 17:34:03,319 - werkzeug - INFO - [33mPress CTRL+C to quit[0m
2025-12-07 17:34:10,719 - root - INFO - Успешно подключились к БД
2025-12-07 17:34:10,751 - root - INFO - Соединение с БД закрыто
2025-12-07 17:34:10,755 - werkzeug - INFO - 192.168.1.15 - - [07/Dec/2025 17:34:10] "GET /dashboard HTTP/1.1" 200 -
2025-12-07 17:34:10,862 - werkzeug - INFO - 192.168.1.15 - - [07/Dec/2025 17:34:10] "[36mGET /static/style.css HTTP/1.1[0m" 304 -
2025-12-07 17:41:06,473 - root - INFO - Secret key loaded successfully
2025-12-07 17:41:06,500 - werkzeug - INFO - [31m[1mWARNING: This is a development server. Do not use it in a production deployment. Use a production WSGI server instead.[0m
 * Running on http://192.168.1.15:5000
2025-12-07 17:41:06,501 - werkzeug - INFO - [33mPress CTRL+C to quit[0m
2025-12-07 17:41:09,790 - root - INFO - Успешно подключились к БД
2025-12-07 17:41:09,826 - root - INFO - Соединение с БД закрыто
2025-12-07 17:41:09,830 - werkzeug - INFO - 192.168.1.15 - - [07/Dec/2025 17:41:09] "GET /dashboard HTTP/1.1" 200 -
2025-12-07 17:41:09,934 - werkzeug - INFO - 192.168.1.15 - - [07/Dec/2025 17:41:09] "GET /static/style.css HTTP/1.1" 200 -
2025-12-07 17:41:11,389 - root - INFO - Успешно подключились к БД
2025-12-07 17:41:11,401 - root - INFO - Соединение с БД закрыто
2025-12-07 17:41:11,402 - werkzeug - INFO - 192.168.1.15 - - [07/Dec/2025 17:41:11] "GET /dashboard HTTP/1.1" 200 -
2025-12-07 17:41:11,445 - werkzeug - INFO - 192.168.1.15 - - [07/Dec/2025 17:41:11] "[36mGET /static/style.css HTTP/1.1[0m" 304 -
2025-12-07 17:48:37,335 - root - INFO - Secret key loaded successfully
2025-12-07 17:48:37,356 - werkzeug - INFO - [31m[1mWARNING: This is a development server. Do not use it in a production deployment. Use a production WSGI server instead.[0m
 * Running on http://192.168.1.15:5000
2025-12-07 17:48:37,357 - werkzeug - INFO - [33mPress CTRL+C to quit[0m
2025-12-07 17:48:40,963 - root - INFO - Успешно подключились к БД
2025-12-07 17:48:41,006 - root - INFO - Соединение с БД закрыто
2025-12-07 17:48:41,008 - werkzeug - INFO - 192.168.1.15 - - [07/Dec/2025 17:48:41] "GET /dashboard HTTP/1.1" 200 -
2025-12-07 17:48:41,103 - werkzeug - INFO - 192.168.1.15 - - [07/Dec/2025 17:48:41] "[36mGET /static/style.css HTTP/1.1[0m" 304 -
2025-12-07 18:05:31,332 - root - INFO - Secret key loaded successfully
2025-12-07 18:05:31,357 - werkzeug - INFO - [31m[1mWARNING: This is a development server. Do not use it in a production deployment. Use a production WSGI server instead.[0m
 * Running on http://192.168.1.15:5000
2025-12-07 18:05:31,359 - werkzeug - INFO - [33mPress CTRL+C to quit[0m
2025-12-07 18:05:34,233 - root - INFO - Успешно подключились к БД
2025-12-07 18:05:34,266 - root - INFO - Соединение с БД закрыто
2025-12-07 18:05:34,268 - app - ERROR - Exception on /dashboard [GET]
Traceback (most recent call last):
  File "C:\Users\Vladimir\AppData\Local\Programs\Python\Python311\Lib\site-packages\flask\app.py", line 1511, in wsgi_app
    response = self.full_dispatch_request()
               ^^^^^^^^^^^^^^^^^^^^^^^^^^^^
  File "C:\Users\Vladimir\AppData\Local\Programs\Python\Python311\Lib\site-packages\flask\app.py", line 919, in full_dispatch_request
    rv = self.handle_user_exception(e)
         ^^^^^^^^^^^^^^^^^^^^^^^^^^^^^
  File "C:\Users\Vladimir\AppData\Local\Programs\Python\Python311\Lib\site-packages\flask\app.py", line 917, in full_dispatch_request
    rv = self.dispatch_request()
         ^^^^^^^^^^^^^^^^^^^^^^^
  File "C:\Users\Vladimir\AppData\Local\Programs\Python\Python311\Lib\site-packages\flask\app.py", line 902, in dispatch_request
    return self.ensure_sync(self.view_functions[rule.endpoint])(**view_args)  # type: ignore[no-any-return]
           ^^^^^^^^^^^^^^^^^^^^^^^^^^^^^^^^^^^^^^^^^^^^^^^^^^^^^^^^^^^^^^^^^
  File "C:\Владимир\FoxDen\web\python\app.py", line 109, in dashboard
    return render_template(
           ^^^^^^^^^^^^^^^^
  File "C:\Users\Vladimir\AppData\Local\Programs\Python\Python311\Lib\site-packages\flask\templating.py", line 149, in render_template
    template = app.jinja_env.get_or_select_template(template_name_or_list)
               ^^^^^^^^^^^^^^^^^^^^^^^^^^^^^^^^^^^^^^^^^^^^^^^^^^^^^^^^^^^
  File "C:\Users\Vladimir\AppData\Local\Programs\Python\Python311\Lib\site-packages\jinja2\environment.py", line 1081, in get_or_select_template
    return self.get_template(template_name_or_list, parent, globals)
           ^^^^^^^^^^^^^^^^^^^^^^^^^^^^^^^^^^^^^^^^^^^^^^^^^^^^^^^^^
  File "C:\Users\Vladimir\AppData\Local\Programs\Python\Python311\Lib\site-packages\jinja2\environment.py", line 1010, in get_template
    return self._load_template(name, globals)
           ^^^^^^^^^^^^^^^^^^^^^^^^^^^^^^^^^^
  File "C:\Users\Vladimir\AppData\Local\Programs\Python\Python311\Lib\site-packages\jinja2\environment.py", line 969, in _load_template
    template = self.loader.load(self, name, self.make_globals(globals))
               ^^^^^^^^^^^^^^^^^^^^^^^^^^^^^^^^^^^^^^^^^^^^^^^^^^^^^^^^
  File "C:\Users\Vladimir\AppData\Local\Programs\Python\Python311\Lib\site-packages\jinja2\loaders.py", line 138, in load
    code = environment.compile(source, name, filename)
           ^^^^^^^^^^^^^^^^^^^^^^^^^^^^^^^^^^^^^^^^^^^
  File "C:\Users\Vladimir\AppData\Local\Programs\Python\Python311\Lib\site-packages\jinja2\environment.py", line 768, in compile
    self.handle_exception(source=source_hint)
  File "C:\Users\Vladimir\AppData\Local\Programs\Python\Python311\Lib\site-packages\jinja2\environment.py", line 936, in handle_exception
    raise rewrite_traceback_stack(source=source)
  File "C:\Владимир\FoxDen\web\python\templates\dashboard.html", line 221, in template
    {% if device.state if device.state is defined else (device[9] if device[9] is defined else true) %}
    ^^^^^^^^^^^^^^^^^^^^^^^^^
jinja2.exceptions.TemplateSyntaxError: expected token 'end of statement block', got 'if'
2025-12-07 18:05:34,278 - werkzeug - INFO - 192.168.1.15 - - [07/Dec/2025 18:05:34] "[35m[1mGET /dashboard HTTP/1.1[0m" 500 -
2025-12-07 18:06:09,717 - root - INFO - Успешно подключились к БД
2025-12-07 18:06:09,764 - root - INFO - Соединение с БД закрыто
2025-12-07 18:06:09,764 - werkzeug - INFO - 192.168.1.15 - - [07/Dec/2025 18:06:09] "GET /dashboard HTTP/1.1" 200 -
2025-12-07 18:06:09,866 - werkzeug - INFO - 192.168.1.15 - - [07/Dec/2025 18:06:09] "GET /static/style.css HTTP/1.1" 200 -
2025-12-07 18:14:00,485 - root - INFO - Успешно подключились к БД
2025-12-07 18:14:00,495 - root - INFO - Соединение с БД закрыто
2025-12-07 18:14:00,496 - werkzeug - INFO - 192.168.1.15 - - [07/Dec/2025 18:14:00] "GET /dashboard HTTP/1.1" 200 -
2025-12-07 18:14:00,556 - werkzeug - INFO - 192.168.1.15 - - [07/Dec/2025 18:14:00] "[36mGET /static/style.css HTTP/1.1[0m" 304 -
2025-12-07 18:14:09,215 - root - INFO - Secret key loaded successfully
2025-12-07 18:14:09,238 - werkzeug - INFO - [31m[1mWARNING: This is a development server. Do not use it in a production deployment. Use a production WSGI server instead.[0m
 * Running on http://192.168.1.15:5000
2025-12-07 18:14:09,239 - werkzeug - INFO - [33mPress CTRL+C to quit[0m
2025-12-07 18:14:12,359 - root - INFO - Успешно подключились к БД
2025-12-07 18:14:12,379 - root - INFO - Соединение с БД закрыто
2025-12-07 18:14:12,379 - app - ERROR - Exception on /dashboard [GET]
Traceback (most recent call last):
  File "C:\Users\Vladimir\AppData\Local\Programs\Python\Python311\Lib\site-packages\flask\app.py", line 1511, in wsgi_app
    response = self.full_dispatch_request()
               ^^^^^^^^^^^^^^^^^^^^^^^^^^^^
  File "C:\Users\Vladimir\AppData\Local\Programs\Python\Python311\Lib\site-packages\flask\app.py", line 919, in full_dispatch_request
    rv = self.handle_user_exception(e)
         ^^^^^^^^^^^^^^^^^^^^^^^^^^^^^
  File "C:\Users\Vladimir\AppData\Local\Programs\Python\Python311\Lib\site-packages\flask\app.py", line 917, in full_dispatch_request
    rv = self.dispatch_request()
         ^^^^^^^^^^^^^^^^^^^^^^^
  File "C:\Users\Vladimir\AppData\Local\Programs\Python\Python311\Lib\site-packages\flask\app.py", line 902, in dispatch_request
    return self.ensure_sync(self.view_functions[rule.endpoint])(**view_args)  # type: ignore[no-any-return]
           ^^^^^^^^^^^^^^^^^^^^^^^^^^^^^^^^^^^^^^^^^^^^^^^^^^^^^^^^^^^^^^^^^
  File "C:\Владимир\FoxDen\web\python\app.py", line 109, in dashboard
    return render_template(
           ^^^^^^^^^^^^^^^^
  File "C:\Users\Vladimir\AppData\Local\Programs\Python\Python311\Lib\site-packages\flask\templating.py", line 149, in render_template
    template = app.jinja_env.get_or_select_template(template_name_or_list)
               ^^^^^^^^^^^^^^^^^^^^^^^^^^^^^^^^^^^^^^^^^^^^^^^^^^^^^^^^^^^
  File "C:\Users\Vladimir\AppData\Local\Programs\Python\Python311\Lib\site-packages\jinja2\environment.py", line 1081, in get_or_select_template
    return self.get_template(template_name_or_list, parent, globals)
           ^^^^^^^^^^^^^^^^^^^^^^^^^^^^^^^^^^^^^^^^^^^^^^^^^^^^^^^^^
  File "C:\Users\Vladimir\AppData\Local\Programs\Python\Python311\Lib\site-packages\jinja2\environment.py", line 1010, in get_template
    return self._load_template(name, globals)
           ^^^^^^^^^^^^^^^^^^^^^^^^^^^^^^^^^^
  File "C:\Users\Vladimir\AppData\Local\Programs\Python\Python311\Lib\site-packages\jinja2\environment.py", line 969, in _load_template
    template = self.loader.load(self, name, self.make_globals(globals))
               ^^^^^^^^^^^^^^^^^^^^^^^^^^^^^^^^^^^^^^^^^^^^^^^^^^^^^^^^
  File "C:\Users\Vladimir\AppData\Local\Programs\Python\Python311\Lib\site-packages\jinja2\loaders.py", line 138, in load
    code = environment.compile(source, name, filename)
           ^^^^^^^^^^^^^^^^^^^^^^^^^^^^^^^^^^^^^^^^^^^
  File "C:\Users\Vladimir\AppData\Local\Programs\Python\Python311\Lib\site-packages\jinja2\environment.py", line 768, in compile
    self.handle_exception(source=source_hint)
  File "C:\Users\Vladimir\AppData\Local\Programs\Python\Python311\Lib\site-packages\jinja2\environment.py", line 936, in handle_exception
    raise rewrite_traceback_stack(source=source)
  File "C:\Владимир\FoxDen\web\python\templates\dashboard.html", line 216, in template
    {% if device.state if device.state is defined else (device[9] if device[9] is defined else false) %}
    ^^^^^^^^^^^^^^^^^^^^^^^^^
jinja2.exceptions.TemplateSyntaxError: expected token 'end of statement block', got 'if'
2025-12-07 18:14:12,390 - werkzeug - INFO - 192.168.1.15 - - [07/Dec/2025 18:14:12] "[35m[1mGET /dashboard HTTP/1.1[0m" 500 -
2025-12-07 18:16:55,514 - root - INFO - Secret key loaded successfully
2025-12-07 18:16:55,532 - werkzeug - INFO - [31m[1mWARNING: This is a development server. Do not use it in a production deployment. Use a production WSGI server instead.[0m
 * Running on http://192.168.1.15:5000
2025-12-07 18:16:55,533 - werkzeug - INFO - [33mPress CTRL+C to quit[0m
2025-12-07 18:16:58,533 - root - INFO - Успешно подключились к БД
2025-12-07 18:16:58,587 - root - INFO - Соединение с БД закрыто
2025-12-07 18:16:58,590 - werkzeug - INFO - 192.168.1.15 - - [07/Dec/2025 18:16:58] "GET /dashboard HTTP/1.1" 200 -
2025-12-07 18:16:58,702 - werkzeug - INFO - 192.168.1.15 - - [07/Dec/2025 18:16:58] "GET /static/style.css HTTP/1.1" 200 -
2025-12-07 18:33:26,451 - root - INFO - Secret key loaded successfully
2025-12-07 18:33:26,473 - werkzeug - INFO - [31m[1mWARNING: This is a development server. Do not use it in a production deployment. Use a production WSGI server instead.[0m
 * Running on http://192.168.1.15:5000
2025-12-07 18:33:26,475 - werkzeug - INFO - [33mPress CTRL+C to quit[0m
2025-12-07 18:33:31,323 - root - INFO - Успешно подключились к БД
2025-12-07 18:33:31,369 - root - INFO - Соединение с БД закрыто
2025-12-07 18:33:31,371 - werkzeug - INFO - 192.168.1.15 - - [07/Dec/2025 18:33:31] "GET /dashboard HTTP/1.1" 200 -
2025-12-07 18:33:31,473 - werkzeug - INFO - 192.168.1.15 - - [07/Dec/2025 18:33:31] "GET /static/style.css HTTP/1.1" 200 -
2025-12-07 18:41:23,292 - root - INFO - Secret key loaded successfully
2025-12-07 18:41:23,314 - werkzeug - INFO - [31m[1mWARNING: This is a development server. Do not use it in a production deployment. Use a production WSGI server instead.[0m
 * Running on http://192.168.1.15:5000
2025-12-07 18:41:23,315 - werkzeug - INFO - [33mPress CTRL+C to quit[0m
2025-12-07 18:41:27,631 - root - INFO - Успешно подключились к БД
2025-12-07 18:41:27,678 - root - INFO - Соединение с БД закрыто
2025-12-07 18:41:27,680 - werkzeug - INFO - 192.168.1.15 - - [07/Dec/2025 18:41:27] "GET /dashboard HTTP/1.1" 200 -
2025-12-07 18:41:27,773 - werkzeug - INFO - 192.168.1.15 - - [07/Dec/2025 18:41:27] "GET /static/style.css HTTP/1.1" 200 -
2025-12-07 18:41:31,925 - root - INFO - Успешно подключились к БД
2025-12-07 18:41:31,932 - root - INFO - Соединение с БД закрыто
2025-12-07 18:41:31,933 - werkzeug - INFO - 192.168.1.15 - - [07/Dec/2025 18:41:31] "GET /dashboard HTTP/1.1" 200 -
2025-12-07 18:41:31,971 - werkzeug - INFO - 192.168.1.15 - - [07/Dec/2025 18:41:31] "[36mGET /static/style.css HTTP/1.1[0m" 304 -
2025-12-07 18:41:32,914 - root - INFO - Успешно подключились к БД
2025-12-07 18:41:32,921 - root - INFO - Соединение с БД закрыто
2025-12-07 18:41:32,922 - werkzeug - INFO - 192.168.1.15 - - [07/Dec/2025 18:41:32] "GET /dashboard HTTP/1.1" 200 -
2025-12-07 18:41:32,961 - werkzeug - INFO - 192.168.1.15 - - [07/Dec/2025 18:41:32] "[36mGET /static/style.css HTTP/1.1[0m" 304 -
2025-12-07 18:41:36,540 - werkzeug - INFO - 192.168.1.15 - - [07/Dec/2025 18:41:36] "[33mGET /device/3/chart HTTP/1.1[0m" 404 -
2025-12-07 18:42:01,730 - root - INFO - Secret key loaded successfully
2025-12-07 18:42:01,751 - werkzeug - INFO - [31m[1mWARNING: This is a development server. Do not use it in a production deployment. Use a production WSGI server instead.[0m
 * Running on http://192.168.1.15:5000
2025-12-07 18:42:01,752 - werkzeug - INFO - [33mPress CTRL+C to quit[0m
2025-12-07 18:42:04,631 - root - INFO - Успешно подключились к БД
2025-12-07 18:42:04,687 - root - INFO - Соединение с БД закрыто
2025-12-07 18:42:04,689 - werkzeug - INFO - 192.168.1.15 - - [07/Dec/2025 18:42:04] "GET /dashboard HTTP/1.1" 200 -
2025-12-07 18:42:04,774 - werkzeug - INFO - 192.168.1.15 - - [07/Dec/2025 18:42:04] "[36mGET /static/style.css HTTP/1.1[0m" 304 -
2025-12-07 18:44:54,711 - root - INFO - Secret key loaded successfully
2025-12-07 18:44:54,734 - werkzeug - INFO - [31m[1mWARNING: This is a development server. Do not use it in a production deployment. Use a production WSGI server instead.[0m
 * Running on http://192.168.1.15:5000
2025-12-07 18:44:54,735 - werkzeug - INFO - [33mPress CTRL+C to quit[0m
2025-12-07 18:44:58,700 - root - INFO - Успешно подключились к БД
2025-12-07 18:44:58,751 - root - INFO - Соединение с БД закрыто
2025-12-07 18:44:58,752 - werkzeug - INFO - 192.168.1.15 - - [07/Dec/2025 18:44:58] "GET /dashboard HTTP/1.1" 200 -
2025-12-07 18:44:58,841 - werkzeug - INFO - 192.168.1.15 - - [07/Dec/2025 18:44:58] "[36mGET /static/style.css HTTP/1.1[0m" 304 -
2025-12-07 18:45:00,355 - root - INFO - Успешно подключились к БД
2025-12-07 18:45:00,364 - root - INFO - Соединение с БД закрыто
2025-12-07 18:45:00,364 - werkzeug - INFO - 192.168.1.15 - - [07/Dec/2025 18:45:00] "GET /dashboard HTTP/1.1" 200 -
2025-12-07 18:45:00,411 - werkzeug - INFO - 192.168.1.15 - - [07/Dec/2025 18:45:00] "[36mGET /static/style.css HTTP/1.1[0m" 304 -
2025-12-07 18:48:09,679 - root - INFO - Secret key loaded successfully
2025-12-07 18:48:09,696 - werkzeug - INFO - [31m[1mWARNING: This is a development server. Do not use it in a production deployment. Use a production WSGI server instead.[0m
 * Running on http://192.168.1.15:5000
2025-12-07 18:48:09,697 - werkzeug - INFO - [33mPress CTRL+C to quit[0m
2025-12-07 18:48:14,042 - root - INFO - Успешно подключились к БД
2025-12-07 18:48:14,080 - root - INFO - Соединение с БД закрыто
2025-12-07 18:48:14,082 - werkzeug - INFO - 192.168.1.15 - - [07/Dec/2025 18:48:14] "GET /dashboard HTTP/1.1" 200 -
2025-12-07 18:48:14,166 - werkzeug - INFO - 192.168.1.15 - - [07/Dec/2025 18:48:14] "[36mGET /static/style.css HTTP/1.1[0m" 304 -
2025-12-07 18:54:49,062 - werkzeug - INFO - 192.168.1.15 - - [07/Dec/2025 18:54:49] "[33mGET /device/1/chart HTTP/1.1[0m" 404 -
2025-12-07 18:56:24,036 - werkzeug - INFO - 192.168.1.15 - - [07/Dec/2025 18:56:24] "GET / HTTP/1.1" 200 -
2025-12-07 18:56:24,108 - werkzeug - INFO - 192.168.1.15 - - [07/Dec/2025 18:56:24] "GET /static/style.css HTTP/1.1" 200 -
2025-12-07 18:56:27,476 - root - INFO - Успешно подключились к БД
2025-12-07 18:56:27,486 - root - INFO - Соединение с БД закрыто
2025-12-07 18:56:27,488 - werkzeug - INFO - 192.168.1.15 - - [07/Dec/2025 18:56:27] "GET /dashboard HTTP/1.1" 200 -
2025-12-07 18:56:27,546 - werkzeug - INFO - 192.168.1.15 - - [07/Dec/2025 18:56:27] "[36mGET /static/style.css HTTP/1.1[0m" 304 -
2025-12-07 18:57:04,724 - werkzeug - INFO - 192.168.1.15 - - [07/Dec/2025 18:57:04] "[33mGET /device/1/chart HTTP/1.1[0m" 404 -
2025-12-07 18:57:07,638 - werkzeug - INFO - 192.168.1.15 - - [07/Dec/2025 18:57:07] "[33mGET /device/3/chart HTTP/1.1[0m" 404 -
2025-12-13 14:30:03,613 - root - INFO - Secret key loaded successfully
2025-12-13 14:30:03,683 - werkzeug - INFO - [31m[1mWARNING: This is a development server. Do not use it in a production deployment. Use a production WSGI server instead.[0m
 * Running on http://127.0.0.1:5000
2025-12-13 14:30:03,685 - werkzeug - INFO - [33mPress CTRL+C to quit[0m
2025-12-13 14:30:20,537 - werkzeug - INFO - 127.0.0.1 - - [13/Dec/2025 14:30:20] "GET / HTTP/1.1" 200 -
2025-12-13 14:30:20,684 - werkzeug - INFO - 127.0.0.1 - - [13/Dec/2025 14:30:20] "[36mGET /static/style.css HTTP/1.1[0m" 304 -
2025-12-13 14:30:24,673 - root - INFO - Успешно подключились к БД
2025-12-13 14:30:24,699 - root - ERROR - Database error in login: (psycopg2.errors.InsufficientPrivilege) ОШИБКА:  нет доступа к таблице users

[SQL: SELECT * FROM public.users WHERE name=%(username)s AND psw=md5(%(password)s)]
[parameters: {'username': 'alisichkin', 'password': '1275642'}]
(Background on this error at: https://sqlalche.me/e/20/f405)
2025-12-13 14:30:24,700 - root - INFO - Соединение с БД закрыто
2025-12-13 14:30:24,702 - werkzeug - INFO - 127.0.0.1 - - [13/Dec/2025 14:30:24] "POST /login HTTP/1.1" 200 -
2025-12-13 14:30:24,757 - werkzeug - INFO - 127.0.0.1 - - [13/Dec/2025 14:30:24] "[36mGET /static/style.css HTTP/1.1[0m" 304 -
2025-12-13 14:30:33,565 - root - INFO - Успешно подключились к БД
2025-12-13 14:30:33,573 - root - ERROR - Database error in login: (psycopg2.errors.InsufficientPrivilege) ОШИБКА:  нет доступа к таблице users

[SQL: SELECT * FROM public.users WHERE name=%(username)s AND psw=md5(%(password)s)]
[parameters: {'username': 'alisichkin', 'password': '1275642'}]
(Background on this error at: https://sqlalche.me/e/20/f405)
2025-12-13 14:30:33,575 - root - INFO - Соединение с БД закрыто
2025-12-13 14:30:33,576 - werkzeug - INFO - 127.0.0.1 - - [13/Dec/2025 14:30:33] "POST /login HTTP/1.1" 200 -
2025-12-13 14:30:33,609 - werkzeug - INFO - 127.0.0.1 - - [13/Dec/2025 14:30:33] "[36mGET /static/style.css HTTP/1.1[0m" 304 -
2025-12-13 14:31:44,669 - root - INFO - Успешно подключились к БД
2025-12-13 14:31:44,675 - root - INFO - User alisichkin successfully logged in
2025-12-13 14:31:44,677 - root - INFO - Соединение с БД закрыто
2025-12-13 14:31:44,679 - werkzeug - INFO - 127.0.0.1 - - [13/Dec/2025 14:31:44] "[32mPOST /login HTTP/1.1[0m" 302 -
2025-12-13 14:31:44,700 - werkzeug - INFO - 127.0.0.1 - - [13/Dec/2025 14:31:44] "GET / HTTP/1.1" 200 -
2025-12-13 14:31:44,756 - werkzeug - INFO - 127.0.0.1 - - [13/Dec/2025 14:31:44] "[36mGET /static/style.css HTTP/1.1[0m" 304 -
2025-12-13 14:31:46,875 - root - INFO - Успешно подключились к БД
2025-12-13 14:31:46,986 - root - INFO - Соединение с БД закрыто
2025-12-13 14:31:46,988 - werkzeug - INFO - 127.0.0.1 - - [13/Dec/2025 14:31:46] "GET /dashboard HTTP/1.1" 200 -
2025-12-13 14:31:47,044 - werkzeug - INFO - 127.0.0.1 - - [13/Dec/2025 14:31:47] "[36mGET /static/style.css HTTP/1.1[0m" 304 -
2025-12-13 17:25:41,213 - root - INFO - Secret key loaded successfully
2025-12-13 17:25:41,248 - werkzeug - INFO - [31m[1mWARNING: This is a development server. Do not use it in a production deployment. Use a production WSGI server instead.[0m
 * Running on http://127.0.0.1:5000
2025-12-13 17:25:41,250 - werkzeug - INFO - [33mPress CTRL+C to quit[0m
2025-12-13 17:25:45,094 - root - INFO - Успешно подключились к БД
2025-12-13 17:25:45,164 - root - INFO - Соединение с БД закрыто
2025-12-13 17:25:45,166 - werkzeug - INFO - 127.0.0.1 - - [13/Dec/2025 17:25:45] "GET /dashboard HTTP/1.1" 200 -
2025-12-13 17:25:45,295 - werkzeug - INFO - 127.0.0.1 - - [13/Dec/2025 17:25:45] "GET /static/style.css HTTP/1.1" 200 -
2025-12-13 18:42:20,374 - root - INFO - Успешно подключились к БД
2025-12-13 18:42:20,383 - root - INFO - Соединение с БД закрыто
2025-12-13 18:42:20,384 - werkzeug - INFO - 127.0.0.1 - - [13/Dec/2025 18:42:20] "GET /dashboard HTTP/1.1" 200 -
2025-12-13 18:42:20,439 - werkzeug - INFO - 127.0.0.1 - - [13/Dec/2025 18:42:20] "[36mGET /static/style.css HTTP/1.1[0m" 304 -
2025-12-13 18:53:27,874 - root - INFO - Secret key loaded successfully
2025-12-13 18:53:27,900 - werkzeug - INFO - [31m[1mWARNING: This is a development server. Do not use it in a production deployment. Use a production WSGI server instead.[0m
 * Running on http://127.0.0.1:5000
2025-12-13 18:53:27,901 - werkzeug - INFO - [33mPress CTRL+C to quit[0m
2025-12-13 18:55:03,576 - root - INFO - Успешно подключились к БД
2025-12-13 18:55:03,625 - root - INFO - Соединение с БД закрыто
2025-12-13 18:55:03,628 - werkzeug - INFO - 127.0.0.1 - - [13/Dec/2025 18:55:03] "GET /dashboard HTTP/1.1" 200 -
2025-12-13 18:55:03,732 - werkzeug - INFO - 127.0.0.1 - - [13/Dec/2025 18:55:03] "[36mGET /static/style.css HTTP/1.1[0m" 304 -
2025-12-13 19:00:24,672 - root - INFO - Secret key loaded successfully
2025-12-13 19:00:24,693 - werkzeug - INFO - [31m[1mWARNING: This is a development server. Do not use it in a production deployment. Use a production WSGI server instead.[0m
 * Running on http://127.0.0.1:5000
2025-12-13 19:00:24,694 - werkzeug - INFO - [33mPress CTRL+C to quit[0m
2025-12-13 19:00:29,697 - root - INFO - Успешно подключились к БД
2025-12-13 19:00:29,755 - root - INFO - Соединение с БД закрыто
2025-12-13 19:00:29,757 - app - ERROR - Exception on /dashboard [GET]
Traceback (most recent call last):
  File "C:\Users\Vladimir\AppData\Local\Programs\Python\Python311\Lib\site-packages\flask\app.py", line 1511, in wsgi_app
    response = self.full_dispatch_request()
               ^^^^^^^^^^^^^^^^^^^^^^^^^^^^
  File "C:\Users\Vladimir\AppData\Local\Programs\Python\Python311\Lib\site-packages\flask\app.py", line 919, in full_dispatch_request
    rv = self.handle_user_exception(e)
         ^^^^^^^^^^^^^^^^^^^^^^^^^^^^^
  File "C:\Users\Vladimir\AppData\Local\Programs\Python\Python311\Lib\site-packages\flask\app.py", line 917, in full_dispatch_request
    rv = self.dispatch_request()
         ^^^^^^^^^^^^^^^^^^^^^^^
  File "C:\Users\Vladimir\AppData\Local\Programs\Python\Python311\Lib\site-packages\flask\app.py", line 902, in dispatch_request
    return self.ensure_sync(self.view_functions[rule.endpoint])(**view_args)  # type: ignore[no-any-return]
           ^^^^^^^^^^^^^^^^^^^^^^^^^^^^^^^^^^^^^^^^^^^^^^^^^^^^^^^^^^^^^^^^^
  File "C:\Владимир\FoxDen\web\python\app.py", line 109, in dashboard
    return render_template(
           ^^^^^^^^^^^^^^^^
  File "C:\Users\Vladimir\AppData\Local\Programs\Python\Python311\Lib\site-packages\flask\templating.py", line 150, in render_template
    return _render(app, template, context)
           ^^^^^^^^^^^^^^^^^^^^^^^^^^^^^^^
  File "C:\Users\Vladimir\AppData\Local\Programs\Python\Python311\Lib\site-packages\flask\templating.py", line 131, in _render
    rv = template.render(context)
         ^^^^^^^^^^^^^^^^^^^^^^^^
  File "C:\Users\Vladimir\AppData\Local\Programs\Python\Python311\Lib\site-packages\jinja2\environment.py", line 1301, in render
    self.environment.handle_exception()
  File "C:\Users\Vladimir\AppData\Local\Programs\Python\Python311\Lib\site-packages\jinja2\environment.py", line 936, in handle_exception
    raise rewrite_traceback_stack(source=source)
  File "C:\Владимир\FoxDen\web\python\templates\dashboard.html", line 730, in top-level template code
    <div class="chart-stat-value">{{ "%.3f"|format(current_value|float) }}</div>
    ^^^^^^^^^^^^^^^^^^^^^^^^^
  File "C:\Users\Vladimir\AppData\Local\Programs\Python\Python311\Lib\site-packages\jinja2\filters.py", line 972, in do_float
    return float(value)
           ^^^^^^^^^^^^
jinja2.exceptions.UndefinedError: 'current_value' is undefined
2025-12-13 19:00:29,813 - werkzeug - INFO - 127.0.0.1 - - [13/Dec/2025 19:00:29] "[35m[1mGET /dashboard HTTP/1.1[0m" 500 -
2025-12-13 19:00:35,315 - root - INFO - Успешно подключились к БД
2025-12-13 19:00:35,326 - root - INFO - Соединение с БД закрыто
2025-12-13 19:00:35,327 - app - ERROR - Exception on /dashboard [GET]
Traceback (most recent call last):
  File "C:\Users\Vladimir\AppData\Local\Programs\Python\Python311\Lib\site-packages\flask\app.py", line 1511, in wsgi_app
    response = self.full_dispatch_request()
               ^^^^^^^^^^^^^^^^^^^^^^^^^^^^
  File "C:\Users\Vladimir\AppData\Local\Programs\Python\Python311\Lib\site-packages\flask\app.py", line 919, in full_dispatch_request
    rv = self.handle_user_exception(e)
         ^^^^^^^^^^^^^^^^^^^^^^^^^^^^^
  File "C:\Users\Vladimir\AppData\Local\Programs\Python\Python311\Lib\site-packages\flask\app.py", line 917, in full_dispatch_request
    rv = self.dispatch_request()
         ^^^^^^^^^^^^^^^^^^^^^^^
  File "C:\Users\Vladimir\AppData\Local\Programs\Python\Python311\Lib\site-packages\flask\app.py", line 902, in dispatch_request
    return self.ensure_sync(self.view_functions[rule.endpoint])(**view_args)  # type: ignore[no-any-return]
           ^^^^^^^^^^^^^^^^^^^^^^^^^^^^^^^^^^^^^^^^^^^^^^^^^^^^^^^^^^^^^^^^^
  File "C:\Владимир\FoxDen\web\python\app.py", line 109, in dashboard
    return render_template(
           ^^^^^^^^^^^^^^^^
  File "C:\Users\Vladimir\AppData\Local\Programs\Python\Python311\Lib\site-packages\flask\templating.py", line 150, in render_template
    return _render(app, template, context)
           ^^^^^^^^^^^^^^^^^^^^^^^^^^^^^^^
  File "C:\Users\Vladimir\AppData\Local\Programs\Python\Python311\Lib\site-packages\flask\templating.py", line 131, in _render
    rv = template.render(context)
         ^^^^^^^^^^^^^^^^^^^^^^^^
  File "C:\Users\Vladimir\AppData\Local\Programs\Python\Python311\Lib\site-packages\jinja2\environment.py", line 1301, in render
    self.environment.handle_exception()
  File "C:\Users\Vladimir\AppData\Local\Programs\Python\Python311\Lib\site-packages\jinja2\environment.py", line 936, in handle_exception
    raise rewrite_traceback_stack(source=source)
  File "C:\Владимир\FoxDen\web\python\templates\dashboard.html", line 730, in top-level template code
    <div class="chart-stat-value">{{ "%.3f"|format(current_value|float) }}</div>
    ^^^^^^^^^^^^^^^^^^^^^^^^^
  File "C:\Users\Vladimir\AppData\Local\Programs\Python\Python311\Lib\site-packages\jinja2\filters.py", line 972, in do_float
    return float(value)
           ^^^^^^^^^^^^
jinja2.exceptions.UndefinedError: 'current_value' is undefined
2025-12-13 19:00:35,331 - werkzeug - INFO - 127.0.0.1 - - [13/Dec/2025 19:00:35] "[35m[1mGET /dashboard HTTP/1.1[0m" 500 -
2025-12-13 19:05:04,661 - root - INFO - Secret key loaded successfully
2025-12-13 19:05:04,679 - werkzeug - INFO - [31m[1mWARNING: This is a development server. Do not use it in a production deployment. Use a production WSGI server instead.[0m
 * Running on http://127.0.0.1:5000
2025-12-13 19:05:04,680 - werkzeug - INFO - [33mPress CTRL+C to quit[0m
2025-12-13 19:05:09,477 - root - INFO - Успешно подключились к БД
2025-12-13 19:05:09,524 - root - INFO - Соединение с БД закрыто
2025-12-13 19:05:09,527 - werkzeug - INFO - 127.0.0.1 - - [13/Dec/2025 19:05:09] "GET /dashboard HTTP/1.1" 200 -
2025-12-13 19:05:09,641 - werkzeug - INFO - 127.0.0.1 - - [13/Dec/2025 19:05:09] "[36mGET /static/style.css HTTP/1.1[0m" 304 -
2025-12-13 19:05:09,688 - werkzeug - INFO - 127.0.0.1 - - [13/Dec/2025 19:05:09] "[33mGET /api/device_changes?device_id=1 HTTP/1.1[0m" 404 -
2025-12-13 19:05:09,690 - werkzeug - INFO - 127.0.0.1 - - [13/Dec/2025 19:05:09] "[33mGET /api/device_changes?device_id=3 HTTP/1.1[0m" 404 -
2025-12-13 19:19:28,494 - root - INFO - Secret key loaded successfully
2025-12-13 19:19:28,516 - werkzeug - INFO - [31m[1mWARNING: This is a development server. Do not use it in a production deployment. Use a production WSGI server instead.[0m
 * Running on http://127.0.0.1:5000
2025-12-13 19:19:28,516 - werkzeug - INFO - [33mPress CTRL+C to quit[0m
2025-12-13 19:19:34,937 - root - INFO - Успешно подключились к БД
2025-12-13 19:19:34,970 - root - ERROR - Database error in dashboard: (psycopg2.errors.InsufficientPrivilege) ОШИБКА:  нет доступа к таблице device_changes

[SQL: 
                SELECT moment 
                FROM public.device_changes 
                WHERE device_id = %(device_id)s 
                ORDER BY moment DESC 
                LIMIT 100
            ]
[parameters: {'device_id': 1}]
(Background on this error at: https://sqlalche.me/e/20/f405)
2025-12-13 19:19:34,972 - root - INFO - Соединение с БД закрыто
2025-12-13 19:19:34,974 - app - ERROR - Exception on /dashboard [GET]
Traceback (most recent call last):
  File "C:\Users\Vladimir\AppData\Local\Programs\Python\Python311\Lib\site-packages\sqlalchemy\engine\base.py", line 1967, in _exec_single_context
    self.dialect.do_execute(
  File "C:\Users\Vladimir\AppData\Local\Programs\Python\Python311\Lib\site-packages\sqlalchemy\engine\default.py", line 951, in do_execute
    cursor.execute(statement, parameters)
psycopg2.errors.InsufficientPrivilege: ОШИБКА:  нет доступа к таблице device_changes


The above exception was the direct cause of the following exception:

Traceback (most recent call last):
  File "C:\Владимир\FoxDen\web\python\app.py", line 106, in dashboard
    changes_result = connect.execute(query_changes, {"device_id": device_id})
                     ^^^^^^^^^^^^^^^^^^^^^^^^^^^^^^^^^^^^^^^^^^^^^^^^^^^^^^^^
  File "C:\Users\Vladimir\AppData\Local\Programs\Python\Python311\Lib\site-packages\sqlalchemy\engine\base.py", line 1419, in execute
    return meth(
           ^^^^^
  File "C:\Users\Vladimir\AppData\Local\Programs\Python\Python311\Lib\site-packages\sqlalchemy\sql\elements.py", line 526, in _execute_on_connection
    return connection._execute_clauseelement(
           ^^^^^^^^^^^^^^^^^^^^^^^^^^^^^^^^^^
  File "C:\Users\Vladimir\AppData\Local\Programs\Python\Python311\Lib\site-packages\sqlalchemy\engine\base.py", line 1641, in _execute_clauseelement
    ret = self._execute_context(
          ^^^^^^^^^^^^^^^^^^^^^^
  File "C:\Users\Vladimir\AppData\Local\Programs\Python\Python311\Lib\site-packages\sqlalchemy\engine\base.py", line 1846, in _execute_context
    return self._exec_single_context(
           ^^^^^^^^^^^^^^^^^^^^^^^^^^
  File "C:\Users\Vladimir\AppData\Local\Programs\Python\Python311\Lib\site-packages\sqlalchemy\engine\base.py", line 1986, in _exec_single_context
    self._handle_dbapi_exception(
  File "C:\Users\Vladimir\AppData\Local\Programs\Python\Python311\Lib\site-packages\sqlalchemy\engine\base.py", line 2355, in _handle_dbapi_exception
    raise sqlalchemy_exception.with_traceback(exc_info[2]) from e
  File "C:\Users\Vladimir\AppData\Local\Programs\Python\Python311\Lib\site-packages\sqlalchemy\engine\base.py", line 1967, in _exec_single_context
    self.dialect.do_execute(
  File "C:\Users\Vladimir\AppData\Local\Programs\Python\Python311\Lib\site-packages\sqlalchemy\engine\default.py", line 951, in do_execute
    cursor.execute(statement, parameters)
sqlalchemy.exc.ProgrammingError: (psycopg2.errors.InsufficientPrivilege) ОШИБКА:  нет доступа к таблице device_changes

[SQL: 
                SELECT moment 
                FROM public.device_changes 
                WHERE device_id = %(device_id)s 
                ORDER BY moment DESC 
                LIMIT 100
            ]
[parameters: {'device_id': 1}]
(Background on this error at: https://sqlalche.me/e/20/f405)

During handling of the above exception, another exception occurred:

Traceback (most recent call last):
  File "C:\Users\Vladimir\AppData\Local\Programs\Python\Python311\Lib\site-packages\flask\app.py", line 1511, in wsgi_app
    response = self.full_dispatch_request()
               ^^^^^^^^^^^^^^^^^^^^^^^^^^^^
  File "C:\Users\Vladimir\AppData\Local\Programs\Python\Python311\Lib\site-packages\flask\app.py", line 919, in full_dispatch_request
    rv = self.handle_user_exception(e)
         ^^^^^^^^^^^^^^^^^^^^^^^^^^^^^
  File "C:\Users\Vladimir\AppData\Local\Programs\Python\Python311\Lib\site-packages\flask\app.py", line 917, in full_dispatch_request
    rv = self.dispatch_request()
         ^^^^^^^^^^^^^^^^^^^^^^^
  File "C:\Users\Vladimir\AppData\Local\Programs\Python\Python311\Lib\site-packages\flask\app.py", line 902, in dispatch_request
    return self.ensure_sync(self.view_functions[rule.endpoint])(**view_args)  # type: ignore[no-any-return]
           ^^^^^^^^^^^^^^^^^^^^^^^^^^^^^^^^^^^^^^^^^^^^^^^^^^^^^^^^^^^^^^^^^
  File "C:\Владимир\FoxDen\web\python\app.py", line 152, in dashboard
    return render_template('error.html', error="Ошибка получения данных")
           ^^^^^^^^^^^^^^^^^^^^^^^^^^^^^^^^^^^^^^^^^^^^^^^^^^^^^^^^^^^^^^
  File "C:\Users\Vladimir\AppData\Local\Programs\Python\Python311\Lib\site-packages\flask\templating.py", line 149, in render_template
    template = app.jinja_env.get_or_select_template(template_name_or_list)
               ^^^^^^^^^^^^^^^^^^^^^^^^^^^^^^^^^^^^^^^^^^^^^^^^^^^^^^^^^^^
  File "C:\Users\Vladimir\AppData\Local\Programs\Python\Python311\Lib\site-packages\jinja2\environment.py", line 1081, in get_or_select_template
    return self.get_template(template_name_or_list, parent, globals)
           ^^^^^^^^^^^^^^^^^^^^^^^^^^^^^^^^^^^^^^^^^^^^^^^^^^^^^^^^^
  File "C:\Users\Vladimir\AppData\Local\Programs\Python\Python311\Lib\site-packages\jinja2\environment.py", line 1010, in get_template
    return self._load_template(name, globals)
           ^^^^^^^^^^^^^^^^^^^^^^^^^^^^^^^^^^
  File "C:\Users\Vladimir\AppData\Local\Programs\Python\Python311\Lib\site-packages\jinja2\environment.py", line 969, in _load_template
    template = self.loader.load(self, name, self.make_globals(globals))
               ^^^^^^^^^^^^^^^^^^^^^^^^^^^^^^^^^^^^^^^^^^^^^^^^^^^^^^^^
  File "C:\Users\Vladimir\AppData\Local\Programs\Python\Python311\Lib\site-packages\jinja2\loaders.py", line 126, in load
    source, filename, uptodate = self.get_source(environment, name)
                                 ^^^^^^^^^^^^^^^^^^^^^^^^^^^^^^^^^^
  File "C:\Users\Vladimir\AppData\Local\Programs\Python\Python311\Lib\site-packages\flask\templating.py", line 65, in get_source
    return self._get_source_fast(environment, template)
           ^^^^^^^^^^^^^^^^^^^^^^^^^^^^^^^^^^^^^^^^^^^^
  File "C:\Users\Vladimir\AppData\Local\Programs\Python\Python311\Lib\site-packages\flask\templating.py", line 99, in _get_source_fast
    raise TemplateNotFound(template)
jinja2.exceptions.TemplateNotFound: error.html
2025-12-13 19:19:35,050 - werkzeug - INFO - 127.0.0.1 - - [13/Dec/2025 19:19:35] "[35m[1mGET /dashboard HTTP/1.1[0m" 500 -
2025-12-13 19:25:25,837 - root - INFO - Secret key loaded successfully
2025-12-13 19:25:25,860 - werkzeug - INFO - [31m[1mWARNING: This is a development server. Do not use it in a production deployment. Use a production WSGI server instead.[0m
 * Running on http://127.0.0.1:5000
2025-12-13 19:25:25,862 - werkzeug - INFO - [33mPress CTRL+C to quit[0m
2025-12-13 19:25:29,474 - root - INFO - Успешно подключились к БД
2025-12-13 19:25:29,490 - root - WARNING - No access to device_changes for device 1: (psycopg2.errors.InsufficientPrivilege) ОШИБКА:  нет доступа к таблице device_changes

[SQL: 
                    SELECT moment 
                    FROM public.device_changes 
                    WHERE device_id = %(device_id)s 
                    ORDER BY moment DESC 
                    LIMIT 100
                ]
[parameters: {'device_id': 1}]
(Background on this error at: https://sqlalche.me/e/20/f405)
2025-12-13 19:25:29,492 - root - WARNING - No access to device_changes for device 3: (psycopg2.errors.InFailedSqlTransaction) ОШИБКА:  текущая транзакция прервана, команды до конца блока транзакции игнорируются

[SQL: 
                    SELECT moment 
                    FROM public.device_changes 
                    WHERE device_id = %(device_id)s 
                    ORDER BY moment DESC 
                    LIMIT 100
                ]
[parameters: {'device_id': 3}]
(Background on this error at: https://sqlalche.me/e/20/2j85)
2025-12-13 19:25:29,544 - root - INFO - Соединение с БД закрыто
2025-12-13 19:25:29,548 - werkzeug - INFO - 127.0.0.1 - - [13/Dec/2025 19:25:29] "GET /dashboard HTTP/1.1" 200 -
2025-12-13 19:25:29,654 - werkzeug - INFO - 127.0.0.1 - - [13/Dec/2025 19:25:29] "GET /static/style.css HTTP/1.1" 200 -
2025-12-13 19:27:19,110 - root - INFO - Успешно подключились к БД
2025-12-13 19:27:19,129 - root - INFO - Соединение с БД закрыто
2025-12-13 19:27:19,132 - werkzeug - INFO - 127.0.0.1 - - [13/Dec/2025 19:27:19] "GET /dashboard HTTP/1.1" 200 -
2025-12-13 19:27:19,178 - werkzeug - INFO - 127.0.0.1 - - [13/Dec/2025 19:27:19] "GET /static/style.css HTTP/1.1" 200 -
2025-12-13 19:35:10,688 - root - INFO - Secret key loaded successfully
2025-12-13 19:35:10,705 - werkzeug - INFO - [31m[1mWARNING: This is a development server. Do not use it in a production deployment. Use a production WSGI server instead.[0m
 * Running on http://127.0.0.1:5000
2025-12-13 19:35:10,706 - werkzeug - INFO - [33mPress CTRL+C to quit[0m
2025-12-13 19:35:21,112 - root - INFO - Успешно подключились к БД
2025-12-13 19:35:21,126 - root - WARNING - No access to device_changes for device 1: can't subtract offset-naive and offset-aware datetimes
2025-12-13 19:35:21,171 - root - INFO - Соединение с БД закрыто
2025-12-13 19:35:21,175 - werkzeug - INFO - 127.0.0.1 - - [13/Dec/2025 19:35:21] "GET /dashboard HTTP/1.1" 200 -
2025-12-13 19:35:21,281 - werkzeug - INFO - 127.0.0.1 - - [13/Dec/2025 19:35:21] "GET /static/style.css HTTP/1.1" 200 -
2025-12-13 19:35:25,655 - root - INFO - Успешно подключились к БД
2025-12-13 19:35:25,666 - root - WARNING - No access to device_changes for device 1: can't subtract offset-naive and offset-aware datetimes
2025-12-13 19:35:25,668 - root - INFO - Соединение с БД закрыто
2025-12-13 19:35:25,671 - werkzeug - INFO - 127.0.0.1 - - [13/Dec/2025 19:35:25] "GET /dashboard HTTP/1.1" 200 -
2025-12-13 19:35:25,711 - werkzeug - INFO - 127.0.0.1 - - [13/Dec/2025 19:35:25] "[36mGET /static/style.css HTTP/1.1[0m" 304 -
2025-12-13 19:42:20,330 - root - INFO - Secret key loaded successfully
2025-12-13 19:42:20,355 - werkzeug - INFO - [31m[1mWARNING: This is a development server. Do not use it in a production deployment. Use a production WSGI server instead.[0m
 * Running on http://127.0.0.1:5000
2025-12-13 19:42:20,358 - werkzeug - INFO - [33mPress CTRL+C to quit[0m
2025-12-13 19:42:24,530 - root - INFO - Успешно подключились к БД
2025-12-13 19:42:24,577 - root - INFO - Соединение с БД закрыто
2025-12-13 19:42:24,579 - app - ERROR - Exception on /dashboard [GET]
Traceback (most recent call last):
  File "C:\Users\Vladimir\AppData\Local\Programs\Python\Python311\Lib\site-packages\flask\app.py", line 1511, in wsgi_app
    response = self.full_dispatch_request()
               ^^^^^^^^^^^^^^^^^^^^^^^^^^^^
  File "C:\Users\Vladimir\AppData\Local\Programs\Python\Python311\Lib\site-packages\flask\app.py", line 919, in full_dispatch_request
    rv = self.handle_user_exception(e)
         ^^^^^^^^^^^^^^^^^^^^^^^^^^^^^
  File "C:\Users\Vladimir\AppData\Local\Programs\Python\Python311\Lib\site-packages\flask\app.py", line 917, in full_dispatch_request
    rv = self.dispatch_request()
         ^^^^^^^^^^^^^^^^^^^^^^^
  File "C:\Users\Vladimir\AppData\Local\Programs\Python\Python311\Lib\site-packages\flask\app.py", line 902, in dispatch_request
    return self.ensure_sync(self.view_functions[rule.endpoint])(**view_args)  # type: ignore[no-any-return]
           ^^^^^^^^^^^^^^^^^^^^^^^^^^^^^^^^^^^^^^^^^^^^^^^^^^^^^^^^^^^^^^^^^
  File "C:\Владимир\FoxDen\web\python\app.py", line 147, in dashboard
    return render_template(
           ^^^^^^^^^^^^^^^^
  File "C:\Users\Vladimir\AppData\Local\Programs\Python\Python311\Lib\site-packages\flask\templating.py", line 150, in render_template
    return _render(app, template, context)
           ^^^^^^^^^^^^^^^^^^^^^^^^^^^^^^^
  File "C:\Users\Vladimir\AppData\Local\Programs\Python\Python311\Lib\site-packages\flask\templating.py", line 131, in _render
    rv = template.render(context)
         ^^^^^^^^^^^^^^^^^^^^^^^^
  File "C:\Users\Vladimir\AppData\Local\Programs\Python\Python311\Lib\site-packages\jinja2\environment.py", line 1301, in render
    self.environment.handle_exception()
  File "C:\Users\Vladimir\AppData\Local\Programs\Python\Python311\Lib\site-packages\jinja2\environment.py", line 936, in handle_exception
    raise rewrite_traceback_stack(source=source)
  File "C:\Владимир\FoxDen\web\python\templates\dashboard.html", line 303, in top-level template code
    data-values="{{ device.chart_data.values|tojson|safe }}"
    ^^^^^^^^^^^^^^^^^^^^^^^^^
  File "C:\Users\Vladimir\AppData\Local\Programs\Python\Python311\Lib\site-packages\jinja2\filters.py", line 1688, in do_tojson
    return htmlsafe_json_dumps(value, dumps=dumps, **kwargs)
           ^^^^^^^^^^^^^^^^^^^^^^^^^^^^^^^^^^^^^^^^^^^^^^^^^
  File "C:\Users\Vladimir\AppData\Local\Programs\Python\Python311\Lib\site-packages\jinja2\utils.py", line 658, in htmlsafe_json_dumps
    dumps(obj, **kwargs)
  File "C:\Users\Vladimir\AppData\Local\Programs\Python\Python311\Lib\site-packages\flask\json\provider.py", line 179, in dumps
    return json.dumps(obj, **kwargs)
           ^^^^^^^^^^^^^^^^^^^^^^^^^
  File "C:\Users\Vladimir\AppData\Local\Programs\Python\Python311\Lib\json\__init__.py", line 238, in dumps
    **kw).encode(obj)
          ^^^^^^^^^^^
  File "C:\Users\Vladimir\AppData\Local\Programs\Python\Python311\Lib\json\encoder.py", line 200, in encode
    chunks = self.iterencode(o, _one_shot=True)
             ^^^^^^^^^^^^^^^^^^^^^^^^^^^^^^^^^^
  File "C:\Users\Vladimir\AppData\Local\Programs\Python\Python311\Lib\json\encoder.py", line 258, in iterencode
    return _iterencode(o, 0)
           ^^^^^^^^^^^^^^^^^
  File "C:\Users\Vladimir\AppData\Local\Programs\Python\Python311\Lib\site-packages\flask\json\provider.py", line 121, in _default
    raise TypeError(f"Object of type {type(o).__name__} is not JSON serializable")
TypeError: Object of type builtin_function_or_method is not JSON serializable
2025-12-13 19:42:24,644 - werkzeug - INFO - 127.0.0.1 - - [13/Dec/2025 19:42:24] "[35m[1mGET /dashboard HTTP/1.1[0m" 500 -
2025-12-13 19:45:31,738 - root - INFO - Secret key loaded successfully
2025-12-13 19:45:31,756 - werkzeug - INFO - [31m[1mWARNING: This is a development server. Do not use it in a production deployment. Use a production WSGI server instead.[0m
 * Running on http://127.0.0.1:5000
2025-12-13 19:45:31,756 - werkzeug - INFO - [33mPress CTRL+C to quit[0m
2025-12-13 19:45:39,394 - root - INFO - Успешно подключились к БД
2025-12-13 19:45:39,425 - root - INFO - Соединение с БД закрыто
2025-12-13 19:45:39,427 - werkzeug - INFO - 127.0.0.1 - - [13/Dec/2025 19:45:39] "GET /dashboard HTTP/1.1" 200 -
2025-12-13 19:45:39,544 - werkzeug - INFO - 127.0.0.1 - - [13/Dec/2025 19:45:39] "[36mGET /static/style.css HTTP/1.1[0m" 304 -
2025-12-13 19:51:04,283 - root - INFO - Secret key loaded successfully
2025-12-13 19:51:04,305 - werkzeug - INFO - [31m[1mWARNING: This is a development server. Do not use it in a production deployment. Use a production WSGI server instead.[0m
 * Running on http://127.0.0.1:5000
2025-12-13 19:51:04,306 - werkzeug - INFO - [33mPress CTRL+C to quit[0m
2025-12-13 19:51:09,538 - root - INFO - Успешно подключились к БД
2025-12-13 19:51:09,577 - root - INFO - Соединение с БД закрыто
2025-12-13 19:51:09,578 - app - ERROR - Exception on /dashboard [GET]
Traceback (most recent call last):
  File "C:\Users\Vladimir\AppData\Local\Programs\Python\Python311\Lib\site-packages\flask\app.py", line 1511, in wsgi_app
    response = self.full_dispatch_request()
               ^^^^^^^^^^^^^^^^^^^^^^^^^^^^
  File "C:\Users\Vladimir\AppData\Local\Programs\Python\Python311\Lib\site-packages\flask\app.py", line 919, in full_dispatch_request
    rv = self.handle_user_exception(e)
         ^^^^^^^^^^^^^^^^^^^^^^^^^^^^^
  File "C:\Users\Vladimir\AppData\Local\Programs\Python\Python311\Lib\site-packages\flask\app.py", line 917, in full_dispatch_request
    rv = self.dispatch_request()
         ^^^^^^^^^^^^^^^^^^^^^^^
  File "C:\Users\Vladimir\AppData\Local\Programs\Python\Python311\Lib\site-packages\flask\app.py", line 902, in dispatch_request
    return self.ensure_sync(self.view_functions[rule.endpoint])(**view_args)  # type: ignore[no-any-return]
           ^^^^^^^^^^^^^^^^^^^^^^^^^^^^^^^^^^^^^^^^^^^^^^^^^^^^^^^^^^^^^^^^^
  File "C:\Владимир\FoxDen\web\python\app.py", line 199, in dashboard
    return render_template(
           ^^^^^^^^^^^^^^^^
  File "C:\Users\Vladimir\AppData\Local\Programs\Python\Python311\Lib\site-packages\flask\templating.py", line 150, in render_template
    return _render(app, template, context)
           ^^^^^^^^^^^^^^^^^^^^^^^^^^^^^^^
  File "C:\Users\Vladimir\AppData\Local\Programs\Python\Python311\Lib\site-packages\flask\templating.py", line 131, in _render
    rv = template.render(context)
         ^^^^^^^^^^^^^^^^^^^^^^^^
  File "C:\Users\Vladimir\AppData\Local\Programs\Python\Python311\Lib\site-packages\jinja2\environment.py", line 1301, in render
    self.environment.handle_exception()
  File "C:\Users\Vladimir\AppData\Local\Programs\Python\Python311\Lib\site-packages\jinja2\environment.py", line 936, in handle_exception
    raise rewrite_traceback_stack(source=source)
  File "C:\Владимир\FoxDen\web\python\templates\dashboard.html", line 388, in top-level template code
    "values": {{ device.chart_data.cumulative.values|tojson }}
    ^^^^^^^^^^^^^^^^^^^^^^^^^
  File "C:\Users\Vladimir\AppData\Local\Programs\Python\Python311\Lib\site-packages\jinja2\filters.py", line 1688, in do_tojson
    return htmlsafe_json_dumps(value, dumps=dumps, **kwargs)
           ^^^^^^^^^^^^^^^^^^^^^^^^^^^^^^^^^^^^^^^^^^^^^^^^^
  File "C:\Users\Vladimir\AppData\Local\Programs\Python\Python311\Lib\site-packages\jinja2\utils.py", line 658, in htmlsafe_json_dumps
    dumps(obj, **kwargs)
  File "C:\Users\Vladimir\AppData\Local\Programs\Python\Python311\Lib\site-packages\flask\json\provider.py", line 179, in dumps
    return json.dumps(obj, **kwargs)
           ^^^^^^^^^^^^^^^^^^^^^^^^^
  File "C:\Users\Vladimir\AppData\Local\Programs\Python\Python311\Lib\json\__init__.py", line 238, in dumps
    **kw).encode(obj)
          ^^^^^^^^^^^
  File "C:\Users\Vladimir\AppData\Local\Programs\Python\Python311\Lib\json\encoder.py", line 200, in encode
    chunks = self.iterencode(o, _one_shot=True)
             ^^^^^^^^^^^^^^^^^^^^^^^^^^^^^^^^^^
  File "C:\Users\Vladimir\AppData\Local\Programs\Python\Python311\Lib\json\encoder.py", line 258, in iterencode
    return _iterencode(o, 0)
           ^^^^^^^^^^^^^^^^^
  File "C:\Users\Vladimir\AppData\Local\Programs\Python\Python311\Lib\site-packages\flask\json\provider.py", line 121, in _default
    raise TypeError(f"Object of type {type(o).__name__} is not JSON serializable")
TypeError: Object of type builtin_function_or_method is not JSON serializable
2025-12-13 19:51:09,588 - werkzeug - INFO - 127.0.0.1 - - [13/Dec/2025 19:51:09] "[35m[1mGET /dashboard HTTP/1.1[0m" 500 -
2025-12-13 19:56:11,062 - root - INFO - Secret key loaded successfully
2025-12-13 19:56:11,081 - werkzeug - INFO - [31m[1mWARNING: This is a development server. Do not use it in a production deployment. Use a production WSGI server instead.[0m
 * Running on http://127.0.0.1:5000
2025-12-13 19:56:11,081 - werkzeug - INFO - [33mPress CTRL+C to quit[0m
2025-12-13 19:56:15,382 - root - INFO - Успешно подключились к БД
2025-12-13 19:56:15,429 - root - INFO - Соединение с БД закрыто
2025-12-13 19:56:15,430 - werkzeug - INFO - 127.0.0.1 - - [13/Dec/2025 19:56:15] "GET /dashboard HTTP/1.1" 200 -
2025-12-13 19:56:15,537 - werkzeug - INFO - 127.0.0.1 - - [13/Dec/2025 19:56:15] "GET /static/style.css HTTP/1.1" 200 -
2025-12-13 20:16:31,161 - root - INFO - Успешно подключились к БД
2025-12-13 20:16:31,173 - root - INFO - Соединение с БД закрыто
2025-12-13 20:16:31,175 - werkzeug - INFO - 127.0.0.1 - - [13/Dec/2025 20:16:31] "GET /dashboard HTTP/1.1" 200 -
2025-12-13 20:16:31,247 - werkzeug - INFO - 127.0.0.1 - - [13/Dec/2025 20:16:31] "GET /static/style.css HTTP/1.1" 200 -
